#
# A fatal error has been detected by the Java Runtime Environment:
#
#  EXCEPTION_ACCESS_VIOLATION (0xc0000005) at pc=0x000007fea92fa5ce, pid=36460, tid=0x000000000000566c
#
# JRE version: Java(TM) SE Runtime Environment (8.0_181-b13) (build 1.8.0_181-b13)
# Java VM: Java HotSpot(TM) 64-Bit Server VM (25.181-b13 mixed mode windows-amd64 compressed oops)
# Problematic frame:
# C  [ig9icd64.dll+0x8ba5ce]
#
# Failed to write core dump. Minidumps are not enabled by default on client versions of Windows
#
# If you would like to submit a bug report, please visit:
#   http://bugreport.java.com/bugreport/crash.jsp
#

---------------  T H R E A D  ---------------

Current thread (0x000000001bfdf000):  VMThread [stack: 0x000000001d0a0000,0x000000001d1a0000] [id=22124]

siginfo: ExceptionCode=0xc0000005, reading address 0x0000000000001158

Registers:
RAX=0x00000000002834c0, RBX=0x000007fef27980b4, RCX=0x0000000000000001, RDX=0x000007fef27980a8
RSP=0x000000001d19f038, RBP=0x000007fef2798070, RSI=0x0000000000020000, RDI=0x0000000000000000
R8 =0x0000000000000000, R9 =0x0000000000000018, R10=0x00000000c0000008, R11=0x0000000000000246
R12=0x000007fffffdf000, R13=0x000007fffffae000, R14=0x0000000076eb2bc0, R15=0x0000000076ead670
RIP=0x000007fea92fa5ce, EFLAGS=0x0000000000010246

Top of Stack: (sp=0x000000001d19f038)
0x000000001d19f038:   000007fef2754670 000007fffffdf000
0x000000001d19f048:   000007fefb6e937b 0000000076ead670
0x000000001d19f058:   0000000000000000 000000001bec5400
0x000000001d19f068:   000007fef2755bf4 0000000000000000
0x000000001d19f078:   0000000000020000 0000000000000000
0x000000001d19f088:   0000000000000001 000007fec37d0000
0x000000001d19f098:   000007fec37f752d 0000000000000000
0x000000001d19f0a8:   0000000000000000 000007feefdb1310
0x000000001d19f0b8:   0000000076c81a0a 0000000000000001
0x000000001d19f0c8:   000007fec37dc1ef 0000000000000001
0x000000001d19f0d8:   0000000000000000 0000000000000000
0x000000001d19f0e8:   0000000000404e70 0000000000000000
0x000000001d19f0f8:   000007fec37dc586 000000018001c560
0x000000001d19f108:   0000000000404e70 000000018001c558
0x000000001d19f118:   0000000076c81a0a 0000000000000000
0x000000001d19f128:   000007fec38aa1c3 0000000000000001 

Instructions: (pc=0x000007fea92fa5ce)
0x000007fea92fa5ae:   cc cc 44 8b 05 95 a6 3d 00 65 48 8b 04 25 58 00
0x000007fea92fa5be:   00 00 41 b9 18 00 00 00 4a 8b 04 c0 4e 8b 04 08
0x000007fea92fa5ce:   49 ff a0 58 11 00 00 cc cc cc cc cc cc cc cc cc
0x000007fea92fa5de:   cc cc 44 8b 05 65 a6 3d 00 65 48 8b 04 25 58 00 


Register to memory mapping:

RAX=0x00000000002834c0 is an unknown value
RBX=0x000007fef27980b4 is an unknown value
RCX=0x0000000000000001 is an unknown value
RDX=0x000007fef27980a8 is an unknown value
RSP=0x000000001d19f038 is an unknown value
RBP=0x000007fef2798070 is an unknown value
RSI=0x0000000000020000 is an unknown value
RDI=0x0000000000000000 is an unknown value
R8 =0x0000000000000000 is an unknown value
R9 =0x0000000000000018 is an unknown value
R10=0x00000000c0000008 is an unknown value
R11=0x0000000000000246 is an unknown value
R12=0x000007fffffdf000 is an unknown value
R13=0x000007fffffae000 is an unknown value
R14=0x0000000076eb2bc0 is an unknown value
R15=0x0000000076ead670 is an unknown value


Stack: [0x000000001d0a0000,0x000000001d1a0000],  sp=0x000000001d19f038,  free space=1020k
Native frames: (J=compiled Java code, j=interpreted, Vv=VM code, C=native code)
C  [ig9icd64.dll+0x8ba5ce]

VM_Operation (0x000000000255ec60): Exit, mode: safepoint, requested by thread 0x000000000007e800


---------------  P R O C E S S  ---------------

Java Threads: ( => current thread )
  0x000000001f27f000 JavaThread "AWT-Shutdown" [_thread_blocked, id=36448, stack(0x0000000023d90000,0x0000000023e90000)]
  0x0000000061d48000 JavaThread "LWJGL Timer" daemon [_thread_blocked, id=35760, stack(0x000000001fbb0000,0x000000001fcb0000)]
  0x000000001dd11800 JavaThread "Java2D Disposer" daemon [_thread_blocked, id=34972, stack(0x000000001e4c0000,0x000000001e5c0000)]
  0x000000001da3d000 JavaThread "Service Thread" daemon [_thread_blocked, id=35284, stack(0x000000001ddc0000,0x000000001dec0000)]
  0x000000001da04800 JavaThread "C1 CompilerThread2" daemon [_thread_blocked, id=19480, stack(0x000000001e0a0000,0x000000001e1a0000)]
  0x000000001d9e2000 JavaThread "C2 CompilerThread1" daemon [_thread_blocked, id=33744, stack(0x000000001df10000,0x000000001e010000)]
  0x000000001c047000 JavaThread "C2 CompilerThread0" daemon [_thread_blocked, id=36632, stack(0x000000001d8c0000,0x000000001d9c0000)]
  0x000000001c045800 JavaThread "Attach Listener" daemon [_thread_blocked, id=17392, stack(0x000000001d6f0000,0x000000001d7f0000)]
  0x000000001c041800 JavaThread "Signal Dispatcher" daemon [_thread_blocked, id=18732, stack(0x000000001d3d0000,0x000000001d4d0000)]
  0x000000001c02d000 JavaThread "Finalizer" daemon [_thread_blocked, id=17248, stack(0x000000001d540000,0x000000001d640000)]
  0x000000001bfe6000 JavaThread "Reference Handler" daemon [_thread_blocked, id=19540, stack(0x000000001d2a0000,0x000000001d3a0000)]
  0x000000000007e800 JavaThread "main" [_thread_blocked, id=30656, stack(0x0000000002460000,0x0000000002560000)]

Other Threads:
=>0x000000001bfdf000 VMThread [stack: 0x000000001d0a0000,0x000000001d1a0000] [id=22124]

VM state:at safepoint (shutting down)

VM Mutex/Monitor currently owned by a thread:  ([mutex/lock_event])
[0x000000000007cf80] Threads_lock - owner thread: 0x000000001bfdf000

Heap:
 PSYoungGen      total 64512K, used 61901K [0x000000076b400000, 0x000000076fd00000, 0x00000007c0000000)
  eden space 61440K, 96% used [0x000000076b400000,0x000000076eddb648,0x000000076f000000)
  from space 3072K, 86% used [0x000000076f200000,0x000000076f498010,0x000000076f500000)
  to   space 6656K, 0% used [0x000000076f680000,0x000000076f680000,0x000000076fd00000)
 ParOldGen       total 175104K, used 3246K [0x00000006c1c00000, 0x00000006cc700000, 0x000000076b400000)
  object space 175104K, 1% used [0x00000006c1c00000,0x00000006c1f2b890,0x00000006cc700000)
 Metaspace       used 8827K, capacity 9203K, committed 9216K, reserved 1056768K
  class space    used 922K, capacity 1014K, committed 1024K, reserved 1048576K

Card table byte_map: [0x0000000011bf0000,0x00000000123f0000] byte_map_base: 0x000000000e5e2000

Marking Bits: (ParMarkBitMap*) 0x0000000070c62d00
 Begin Bits: [0x0000000012f30000, 0x0000000016ec0000)
 End Bits:   [0x0000000016ec0000, 0x000000001ae50000)

Polling page: 0x00000000001c0000

CodeCache: size=245760Kb used=6217Kb max_used=6228Kb free=239542Kb
 bounds [0x0000000002830000, 0x0000000002e50000, 0x0000000011830000]
 total_blobs=1949 nmethods=1458 adapters=403
 compilation: enabled

Compilation events (10 events):
Event: 53.168 Thread 0x000000001da04800 1491       3       game.obj.Portal::update (188 bytes)
Event: 53.169 Thread 0x000000001da04800 nmethod 1491 0x0000000002e46890 code [0x0000000002e46b80, 0x0000000002e47c78]
Event: 53.778 Thread 0x000000001c047000 1492       4       org.lwjgl.opengl.Display::getWidth (30 bytes)
Event: 53.780 Thread 0x000000001c047000 nmethod 1492 0x0000000002932890 code [0x00000000029329e0, 0x0000000002932c38]
Event: 53.862 Thread 0x000000001d9e2000 1493       4       game.levels.Level$$Lambda$34/662441761::accept (16 bytes)
Event: 53.864 Thread 0x000000001d9e2000 nmethod 1493 0x0000000002e49d90 code [0x0000000002e49f00, 0x0000000002e4a088]
Event: 54.066 Thread 0x000000001c047000 1494       4       game.GameObject::getUpdateHitbox (16 bytes)
Event: 54.067 Thread 0x000000001c047000 nmethod 1494 0x0000000002e1f2d0 code [0x0000000002e1f440, 0x0000000002e1f4e8]
Event: 54.365 Thread 0x000000001d9e2000 1495       4       org.lwjgl.opengl.Sync$RunningAvg::avg (37 bytes)
Event: 54.367 Thread 0x000000001d9e2000 nmethod 1495 0x0000000002e3bc90 code [0x0000000002e3bdc0, 0x0000000002e3bef8]

GC Heap History (10 events):
Event: 17.427 GC heap before
{Heap before GC invocations=3 (full 0):
 PSYoungGen      total 76288K, used 69028K [0x000000076b400000, 0x0000000770900000, 0x00000007c0000000)
  eden space 65536K, 100% used [0x000000076b400000,0x000000076f400000,0x000000076f400000)
  from space 10752K, 32% used [0x000000076fe80000,0x00000007701e93b0,0x0000000770900000)
  to   space 10752K, 0% used [0x000000076f400000,0x000000076f400000,0x000000076fe80000)
 ParOldGen       total 175104K, used 32K [0x00000006c1c00000, 0x00000006cc700000, 0x000000076b400000)
  object space 175104K, 0% used [0x00000006c1c00000,0x00000006c1c08000,0x00000006cc700000)
 Metaspace       used 8764K, capacity 9133K, committed 9216K, reserved 1056768K
  class space    used 919K, capacity 1013K, committed 1024K, reserved 1048576K
Event: 17.440 GC heap after
Heap after GC invocations=3 (full 0):
 PSYoungGen      total 76288K, used 3892K [0x000000076b400000, 0x0000000770900000, 0x00000007c0000000)
  eden space 65536K, 0% used [0x000000076b400000,0x000000076b400000,0x000000076f400000)
  from space 10752K, 36% used [0x000000076f400000,0x000000076f7cd3a0,0x000000076fe80000)
  to   space 10752K, 0% used [0x000000076fe80000,0x000000076fe80000,0x0000000770900000)
 ParOldGen       total 175104K, used 40K [0x00000006c1c00000, 0x00000006cc700000, 0x000000076b400000)
  object space 175104K, 0% used [0x00000006c1c00000,0x00000006c1c0a000,0x00000006cc700000)
 Metaspace       used 8764K, capacity 9133K, committed 9216K, reserved 1056768K
  class space    used 919K, capacity 1013K, committed 1024K, reserved 1048576K
}
Event: 17.767 GC heap before
{Heap before GC invocations=4 (full 0):
 PSYoungGen      total 76288K, used 69428K [0x000000076b400000, 0x0000000770900000, 0x00000007c0000000)
  eden space 65536K, 100% used [0x000000076b400000,0x000000076f400000,0x000000076f400000)
  from space 10752K, 36% used [0x000000076f400000,0x000000076f7cd3a0,0x000000076fe80000)
  to   space 10752K, 0% used [0x000000076fe80000,0x000000076fe80000,0x0000000770900000)
 ParOldGen       total 175104K, used 40K [0x00000006c1c00000, 0x00000006cc700000, 0x000000076b400000)
  object space 175104K, 0% used [0x00000006c1c00000,0x00000006c1c0a000,0x00000006cc700000)
 Metaspace       used 8773K, capacity 9133K, committed 9216K, reserved 1056768K
  class space    used 920K, capacity 1013K, committed 1024K, reserved 1048576K
Event: 17.771 GC heap after
Heap after GC invocations=4 (full 0):
 PSYoungGen      total 76288K, used 4356K [0x000000076b400000, 0x0000000770900000, 0x00000007c0000000)
  eden space 65536K, 0% used [0x000000076b400000,0x000000076b400000,0x000000076f400000)
  from space 10752K, 40% used [0x000000076fe80000,0x00000007702c13c0,0x0000000770900000)
  to   space 10752K, 0% used [0x000000076f400000,0x000000076f400000,0x000000076fe80000)
 ParOldGen       total 175104K, used 48K [0x00000006c1c00000, 0x00000006cc700000, 0x000000076b400000)
  object space 175104K, 0% used [0x00000006c1c00000,0x00000006c1c0c000,0x00000006cc700000)
 Metaspace       used 8773K, capacity 9133K, committed 9216K, reserved 1056768K
  class space    used 920K, capacity 1013K, committed 1024K, reserved 1048576K
}
Event: 24.124 GC heap before
{Heap before GC invocations=5 (full 0):
 PSYoungGen      total 76288K, used 69892K [0x000000076b400000, 0x0000000770900000, 0x00000007c0000000)
  eden space 65536K, 100% used [0x000000076b400000,0x000000076f400000,0x000000076f400000)
  from space 10752K, 40% used [0x000000076fe80000,0x00000007702c13c0,0x0000000770900000)
  to   space 10752K, 0% used [0x000000076f400000,0x000000076f400000,0x000000076fe80000)
 ParOldGen       total 175104K, used 48K [0x00000006c1c00000, 0x00000006cc700000, 0x000000076b400000)
  object space 175104K, 0% used [0x00000006c1c00000,0x00000006c1c0c000,0x00000006cc700000)
 Metaspace       used 8803K, capacity 9197K, committed 9216K, reserved 1056768K
  class space    used 920K, capacity 1013K, committed 1024K, reserved 1048576K
Event: 24.129 GC heap after
Heap after GC invocations=5 (full 0):
 PSYoungGen      total 69120K, used 5060K [0x000000076b400000, 0x000000076ff00000, 0x00000007c0000000)
  eden space 64000K, 0% used [0x000000076b400000,0x000000076b400000,0x000000076f280000)
  from space 5120K, 98% used [0x000000076f400000,0x000000076f8f13a0,0x000000076f900000)
  to   space 5632K, 0% used [0x000000076f980000,0x000000076f980000,0x000000076ff00000)
 ParOldGen       total 175104K, used 56K [0x00000006c1c00000, 0x00000006cc700000, 0x000000076b400000)
  object space 175104K, 0% used [0x00000006c1c00000,0x00000006c1c0e000,0x00000006cc700000)
 Metaspace       used 8803K, capacity 9197K, committed 9216K, reserved 1056768K
  class space    used 920K, capacity 1013K, committed 1024K, reserved 1048576K
}
Event: 42.079 GC heap before
{Heap before GC invocations=6 (full 0):
 PSYoungGen      total 69120K, used 69060K [0x000000076b400000, 0x000000076ff00000, 0x00000007c0000000)
  eden space 64000K, 100% used [0x000000076b400000,0x000000076f280000,0x000000076f280000)
  from space 5120K, 98% used [0x000000076f400000,0x000000076f8f13a0,0x000000076f900000)
  to   space 5632K, 0% used [0x000000076f980000,0x000000076f980000,0x000000076ff00000)
 ParOldGen       total 175104K, used 56K [0x00000006c1c00000, 0x00000006cc700000, 0x000000076b400000)
  object space 175104K, 0% used [0x00000006c1c00000,0x00000006c1c0e000,0x00000006cc700000)
 Metaspace       used 8810K, capacity 9203K, committed 9216K, reserved 1056768K
  class space    used 920K, capacity 1014K, committed 1024K, reserved 1048576K
Event: 42.085 GC heap after
Heap after GC invocations=6 (full 0):
 PSYoungGen      total 68096K, used 5588K [0x000000076b400000, 0x000000076ff00000, 0x00000007c0000000)
  eden space 62464K, 0% used [0x000000076b400000,0x000000076b400000,0x000000076f100000)
  from space 5632K, 99% used [0x000000076f980000,0x000000076fef53b0,0x000000076ff00000)
  to   space 6656K, 0% used [0x000000076f200000,0x000000076f200000,0x000000076f880000)
 ParOldGen       total 175104K, used 64K [0x00000006c1c00000, 0x00000006cc700000, 0x000000076b400000)
  object space 175104K, 0% used [0x00000006c1c00000,0x00000006c1c10000,0x00000006cc700000)
 Metaspace       used 8810K, capacity 9203K, committed 9216K, reserved 1056768K
  class space    used 920K, capacity 1014K, committed 1024K, reserved 1048576K
}
Event: 50.712 GC heap before
{Heap before GC invocations=7 (full 0):
 PSYoungGen      total 68096K, used 68052K [0x000000076b400000, 0x000000076ff00000, 0x00000007c0000000)
  eden space 62464K, 100% used [0x000000076b400000,0x000000076f100000,0x000000076f100000)
  from space 5632K, 99% used [0x000000076f980000,0x000000076fef53b0,0x000000076ff00000)
  to   space 6656K, 0% used [0x000000076f200000,0x000000076f200000,0x000000076f880000)
 ParOldGen       total 175104K, used 64K [0x00000006c1c00000, 0x00000006cc700000, 0x000000076b400000)
  object space 175104K, 0% used [0x00000006c1c00000,0x00000006c1c10000,0x00000006cc700000)
 Metaspace       used 8816K, capacity 9203K, committed 9216K, reserved 1056768K
  class space    used 920K, capacity 1014K, committed 1024K, reserved 1048576K
Event: 50.717 GC heap after
Heap after GC invocations=7 (full 0):
 PSYoungGen      total 64512K, used 2656K [0x000000076b400000, 0x000000076fd00000, 0x00000007c0000000)
  eden space 61440K, 0% used [0x000000076b400000,0x000000076b400000,0x000000076f000000)
  from space 3072K, 86% used [0x000000076f200000,0x000000076f498010,0x000000076f500000)
  to   space 6656K, 0% used [0x000000076f680000,0x000000076f680000,0x000000076fd00000)
 ParOldGen       total 175104K, used 3246K [0x00000006c1c00000, 0x00000006cc700000, 0x000000076b400000)
  object space 175104K, 1% used [0x00000006c1c00000,0x00000006c1f2b890,0x00000006cc700000)
 Metaspace       used 8816K, capacity 9203K, committed 9216K, reserved 1056768K
  class space    used 920K, capacity 1014K, committed 1024K, reserved 1048576K
}

Deoptimization events (10 events):
Event: 24.030 Thread 0x000000000007e800 Uncommon trap: reason=array_check action=maybe_recompile pc=0x0000000002dd6f8c method=java.util.TimSort.binarySort([Ljava/lang/Object;IIILjava/util/Comparator;)V @ 193
Event: 24.030 Thread 0x000000000007e800 Uncommon trap: reason=array_check action=maybe_recompile pc=0x0000000002dd6d44 method=java.util.TimSort.reverseRange([Ljava/lang/Object;II)V @ 20
Event: 24.030 Thread 0x000000000007e800 Uncommon trap: reason=array_check action=maybe_recompile pc=0x0000000002dd6d44 method=java.util.TimSort.reverseRange([Ljava/lang/Object;II)V @ 20
Event: 24.047 Thread 0x000000000007e800 Uncommon trap: reason=unstable_if action=reinterpret pc=0x0000000002d061f0 method=game.GameObject.step(FF)V @ 92
Event: 25.621 Thread 0x000000000007e800 Uncommon trap: reason=unstable_if action=reinterpret pc=0x0000000002d2dd8c method=game.environment.GrassBlock.getHitbox()Lutils/Hitbox; @ 206
Event: 37.573 Thread 0x000000000007e800 Uncommon trap: reason=unstable_if action=reinterpret pc=0x0000000002e14374 method=game.GameObject.step(FF)V @ 100
Event: 42.645 Thread 0x000000000007e800 Uncommon trap: reason=unstable_if action=reinterpret pc=0x0000000002e1dc3c method=game.GameObject.step(FF)V @ 76
Event: 42.647 Thread 0x000000000007e800 Uncommon trap: reason=unstable_if action=reinterpret pc=0x0000000002e0c3fc method=game.GameObject.step(FF)V @ 76
Event: 44.680 Thread 0x000000000007e800 Uncommon trap: reason=unstable_if action=reinterpret pc=0x0000000002e131ac method=game.environment.GrassBlock.getHitbox()Lutils/Hitbox; @ 280
Event: 44.680 Thread 0x000000000007e800 Uncommon trap: reason=unstable_if action=reinterpret pc=0x0000000002d190f0 method=sun.awt.geom.AreaOp.resolveLinks(Ljava/util/Vector;Ljava/util/Vector;Ljava/util/Vector;)V @ 268

Classes redefined (0 events):
No events

Internal exceptions (10 events):
Event: 0.090 Thread 0x000000000007e800 Exception <a 'java/lang/NoSuchMethodError': Method sun.misc.Unsafe.defineClass(Ljava/lang/String;[BII)Ljava/lang/Class; name or signature does not match> (0x000000076b407cb0) thrown at [C:\re\workspace\8-2-build-windows-amd64-cygwin\jdk8u181\11358\hotspot
Event: 0.090 Thread 0x000000000007e800 Exception <a 'java/lang/NoSuchMethodError': Method sun.misc.Unsafe.prefetchRead(Ljava/lang/Object;J)V name or signature does not match> (0x000000076b407f98) thrown at [C:\re\workspace\8-2-build-windows-amd64-cygwin\jdk8u181\11358\hotspot\src\share\vm\prim
Event: 0.204 Thread 0x000000000007e800 Exception <a 'java/security/PrivilegedActionException'> (0x000000076b4ad940) thrown at [C:\re\workspace\8-2-build-windows-amd64-cygwin\jdk8u181\11358\hotspot\src\share\vm\prims\jvm.cpp, line 1435]
Event: 0.204 Thread 0x000000000007e800 Exception <a 'java/security/PrivilegedActionException'> (0x000000076b4adb50) thrown at [C:\re\workspace\8-2-build-windows-amd64-cygwin\jdk8u181\11358\hotspot\src\share\vm\prims\jvm.cpp, line 1435]
Event: 0.207 Thread 0x000000000007e800 Exception <a 'java/security/PrivilegedActionException'> (0x000000076b4b17c0) thrown at [C:\re\workspace\8-2-build-windows-amd64-cygwin\jdk8u181\11358\hotspot\src\share\vm\prims\jvm.cpp, line 1435]
Event: 0.207 Thread 0x000000000007e800 Exception <a 'java/security/PrivilegedActionException'> (0x000000076b4b19d0) thrown at [C:\re\workspace\8-2-build-windows-amd64-cygwin\jdk8u181\11358\hotspot\src\share\vm\prims\jvm.cpp, line 1435]
Event: 0.407 Thread 0x000000000007e800 Exception <a 'java/io/FileNotFoundException'> (0x000000076b4c0198) thrown at [C:\re\workspace\8-2-build-windows-amd64-cygwin\jdk8u181\11358\hotspot\src\share\vm\prims\jni.cpp, line 709]
Event: 0.539 Thread 0x000000000007e800 Exception <a 'java/lang/NoSuchFieldError': method resolution failed> (0x000000076b6d8b80) thrown at [C:\re\workspace\8-2-build-windows-amd64-cygwin\jdk8u181\11358\hotspot\src\share\vm\prims\methodHandles.cpp, line 1167]
Event: 0.540 Thread 0x000000000007e800 Exception <a 'java/lang/NoSuchFieldError': method resolution failed> (0x000000076b6e5f50) thrown at [C:\re\workspace\8-2-build-windows-amd64-cygwin\jdk8u181\11358\hotspot\src\share\vm\prims\methodHandles.cpp, line 1167]
Event: 5.387 Thread 0x000000000007e800 Implicit null exception at 0x0000000002a91827 to 0x0000000002a91951

Events (10 events):
Event: 54.911 loading class java/util/IdentityHashMap$KeySet done
Event: 54.912 loading class java/util/IdentityHashMap$KeyIterator
Event: 54.912 loading class java/util/IdentityHashMap$KeyIterator done
Event: 54.912 Thread 0x000000001f27d800 Thread added: 0x000000001f27d800
Event: 54.912 Thread 0x000000001f27e000 Thread added: 0x000000001f27e000
Event: 54.912 Thread 0x000000001f27f000 Thread added: 0x000000001f27f000
Event: 54.912 Thread 0x000000001f27d800 Thread exited: 0x000000001f27d800
Event: 54.914 Thread 0x000000001dcec800 Thread exited: 0x000000001dcec800
Event: 55.012 Thread 0x000000001f27e000 Thread exited: 0x000000001f27e000
Event: 55.012 Executing VM operation: Exit


Dynamic libraries:
0x000000013f840000 - 0x000000013f877000 	C:\Program Files\Java\jre1.8.0_181\bin\javaw.exe
0x0000000076d80000 - 0x0000000076f2a000 	C:\windows\SYSTEM32\ntdll.dll
0x0000000076c60000 - 0x0000000076d7f000 	C:\windows\system32\kernel32.dll
0x000007fefcbd0000 - 0x000007fefcc3a000 	C:\windows\system32\KERNELBASE.dll
0x000007fefd060000 - 0x000007fefd13b000 	C:\windows\system32\ADVAPI32.dll
0x000007fefe290000 - 0x000007fefe32f000 	C:\windows\system32\msvcrt.dll
0x000007fefeb50000 - 0x000007fefeb6f000 	C:\windows\SYSTEM32\sechost.dll
0x000007fefee60000 - 0x000007fefef8d000 	C:\windows\system32\RPCRT4.dll
0x0000000076b60000 - 0x0000000076c5a000 	C:\windows\system32\USER32.dll
0x000007fefe6c0000 - 0x000007fefe727000 	C:\windows\system32\GDI32.dll
0x000007fefec60000 - 0x000007fefec6e000 	C:\windows\system32\LPK.dll
0x000007fefef90000 - 0x000007feff05a000 	C:\windows\system32\USP10.dll
0x000007fefae80000 - 0x000007fefb074000 	C:\windows\WinSxS\amd64_microsoft.windows.common-controls_6595b64144ccf1df_6.0.7601.18837_none_fa3b1e3d17594757\COMCTL32.dll
0x000007fefcfe0000 - 0x000007fefd051000 	C:\windows\system32\SHLWAPI.dll
0x000007fefe730000 - 0x000007fefe75e000 	C:\windows\system32\IMM32.DLL
0x000007fefce50000 - 0x000007fefcf59000 	C:\windows\system32\MSCTF.dll
0x0000000079520000 - 0x00000000795f2000 	C:\Program Files\Java\jre1.8.0_181\bin\msvcr100.dll
0x0000000070440000 - 0x0000000070ce2000 	C:\Program Files\Java\jre1.8.0_181\bin\server\jvm.dll
0x000007fef6f20000 - 0x000007fef6f29000 	C:\windows\system32\WSOCK32.dll
0x000007fefec10000 - 0x000007fefec5d000 	C:\windows\system32\WS2_32.dll
0x000007fefce40000 - 0x000007fefce48000 	C:\windows\system32\NSI.dll
0x000007fefa960000 - 0x000007fefa99b000 	C:\windows\system32\WINMM.dll
0x000007fefbad0000 - 0x000007fefbadc000 	C:\windows\system32\VERSION.dll
0x0000000076f50000 - 0x0000000076f57000 	C:\windows\system32\PSAPI.DLL
0x000000006cc20000 - 0x000000006cc2f000 	C:\Program Files\Java\jre1.8.0_181\bin\verify.dll
0x0000000067100000 - 0x0000000067129000 	C:\Program Files\Java\jre1.8.0_181\bin\java.dll
0x0000000067140000 - 0x0000000067156000 	C:\Program Files\Java\jre1.8.0_181\bin\zip.dll
0x000007fefd500000 - 0x000007fefe28a000 	C:\windows\system32\SHELL32.dll
0x000007fefe940000 - 0x000007fefeb43000 	C:\windows\system32\ole32.dll
0x000007fefca80000 - 0x000007fefca8f000 	C:\windows\system32\profapi.dll
0x000000006cd80000 - 0x000000006cf19000 	C:\Program Files\Java\jre1.8.0_181\bin\awt.dll
0x000007fefd420000 - 0x000007fefd4fa000 	C:\windows\system32\OLEAUT32.dll
0x000007fefb4c0000 - 0x000007fefb516000 	C:\windows\system32\uxtheme.dll
0x000007fefbab0000 - 0x000007fefbac8000 	C:\windows\system32\dwmapi.dll
0x000007fefc920000 - 0x000007fefc92f000 	C:\windows\system32\CRYPTBASE.dll
0x0000000180000000 - 0x0000000180051000 	C:\Users\Admin\Documents\Java Libraries\LWJGL 2\natives\lwjgl64.dll
0x000007fec37d0000 - 0x000007fec38ed000 	C:\windows\system32\OPENGL32.dll
0x000007fec3c20000 - 0x000007fec3c4d000 	C:\windows\system32\GLU32.dll
0x000007fec36d0000 - 0x000007fec37c1000 	C:\windows\system32\DDRAW.dll
0x000007fec3c10000 - 0x000007fec3c18000 	C:\windows\system32\DCIMAN32.dll
0x000007fefe760000 - 0x000007fefe937000 	C:\windows\system32\SETUPAPI.dll
0x000007fefcc50000 - 0x000007fefcc86000 	C:\windows\system32\CFGMGR32.dll
0x000007fefcaa0000 - 0x000007fefcaba000 	C:\windows\system32\DEVOBJ.dll
0x000007feefdb0000 - 0x000007feefdc8000 	C:\windows\system32\atig6pxx.dll
0x000007fec2010000 - 0x000007fec2151000 	C:\windows\system32\atiadlxx.dll
0x000007fefb6e0000 - 0x000007fefb80c000 	C:\windows\system32\PROPSYS.dll
0x000007fefccb0000 - 0x000007fefccce000 	C:\windows\system32\USERENV.dll
0x000007fefbb10000 - 0x000007fefbb21000 	C:\windows\system32\WTSAPI32.dll
0x000007fef95d0000 - 0x000007fef95f7000 	C:\windows\system32\IPHLPAPI.DLL
0x000007fef95c0000 - 0x000007fef95cb000 	C:\windows\system32\WINNSI.DLL
0x000007fefcae0000 - 0x000007fefcb1b000 	C:\windows\system32\WINTRUST.dll
0x000007fefccd0000 - 0x000007fefce3d000 	C:\windows\system32\CRYPT32.dll
0x000007fefca90000 - 0x000007fefca9f000 	C:\windows\system32\MSASN1.dll
0x000007fea8a40000 - 0x000007fea9789000 	C:\windows\system32\ig9icd64.dll
0x000007feefd80000 - 0x000007feefdac000 	C:\windows\system32\atig6txx.dll
0x000007fef9900000 - 0x000007fef999c000 	C:\windows\system32\mscms.dll
0x000007fef9a50000 - 0x000007fef9a92000 	C:\windows\system32\icm32.dll
0x000007feed6e0000 - 0x000007feee83c000 	C:\windows\system32\igc64.dll
0x000007fef2750000 - 0x000007fef27a5000 	C:\Program Files (x86)\obs-studio\data\obs-plugins\win-capture\graphics-hook64.dll
0x000007fee6960000 - 0x000007fee6a85000 	C:\windows\system32\dbghelp.dll

VM Arguments:
jvm_args: -Djava.library.path=C:\Users\Admin\Documents\Java Libraries\LWJGL 2\natives;C:\Users\Admin\Documents\Java Libraries\LWJGL 2\natives -Dfile.encoding=Cp1252 
java_command: game.Game
java_class_path (initial): C:\Users\Magmi\workspace\DimensionsLWJGL\bin;C:\Users\Admin\Documents\Java Libraries\LWJGL 2\jars\lwjgl.jar;C:\Users\Admin\Documents\Java Libraries\LWJGL 2\jars\lwjgl_util.jar;C:\Users\Admin\Documents\Java Libraries\LWJGL 2\jars\slick-util.jar
Launcher Type: SUN_STANDARD

Environment Variables:
PATH=C:/Program Files/Java/jre1.8.0_181/bin/server;C:/Program Files/Java/jre1.8.0_181/bin;C:/Program Files/Java/jre1.8.0_181/lib/amd64;C:\Program Files (x86)\Common Files\Oracle\Java\javapath;C:\ProgramData\Oracle\Java\javapath;C:\Program Files\Common Files\Microsoft Shared\Windows Live;C:\Program Files (x86)\Common Files\Microsoft Shared\Windows Live;C:\Program Files (x86)\Intel\iCLS Client\;C:\Program Files\Intel\iCLS Client\;C:\windows\system32;C:\windows;C:\windows\System32\Wbem;C:\windows\System32\WindowsPowerShell\v1.0\;C:\Program Files (x86)\Intel\Intel(R) Management Engine Components\DAL;C:\Program Files\Intel\Intel(R) Management Engine Components\DAL;C:\Program Files (x86)\Intel\Intel(R) Management Engine Components\IPT;C:\Program Files\Intel\Intel(R) Management Engine Components\IPT;C:\Program Files (x86)\ATI Technologies\ATI.ACE\Core-Static;C:\Program Files (x86)\Common Files\Lenovo;C:\ProgramData\Lenovo\ReadyApps;C:\Program Files (x86)\Common Files\lenovo\easyplussdk\bin;C:\Program Files (x86)\Windows Live\Shared;C:\Program Files\Git\cmd;C:\Program Files\Intel\WiFi\bin\;C:\Program Files\Common Files\Intel\WirelessCommon\;C:\Program Files (x86)\Lenovo\Access Connections\;C:\Users\Admin\AppData\Local\Programs\Python\Launcher\;C:\Program Files\Intel\WiFi\bin\;C:\Program Files\Common Files\Intel\WirelessCommon\;C:\Program Files\Eclipse;
USERNAME=Admin
OS=Windows_NT
PROCESSOR_IDENTIFIER=Intel64 Family 6 Model 78 Stepping 3, GenuineIntel



---------------  S Y S T E M  ---------------

OS: Windows 7 , 64 bit Build 7601 (6.1.7601.23572)

CPU:total 4 (initial active 4) (2 cores per cpu, 2 threads per core) family 6 model 78 stepping 3, cmov, cx8, fxsr, mmx, sse, sse2, sse3, ssse3, sse4.1, sse4.2, popcnt, avx, avx2, aes, clmul, erms, 3dnowpref, lzcnt, ht, tsc, tscinvbit, bmi1, bmi2, adx

Memory: 4k page, physical 16657452k(6804188k free), swap 33232920k(17385124k free)

vm_info: Java HotSpot(TM) 64-Bit Server VM (25.181-b13) for windows-amd64 JRE (1.8.0_181-b13), built on Jul  7 2018 04:01:33 by "java_re" with MS VC++ 10.0 (VS2010)

time: Wed Dec 12 16:27:27 2018
elapsed time: 55 seconds (0d 0h 0m 55s)

