#
# A fatal error has been detected by the Java Runtime Environment:
#
#  EXCEPTION_ACCESS_VIOLATION (0xc0000005) at pc=0x000007feafb3a5ce, pid=29068, tid=0x00000000000067f0
#
# JRE version: Java(TM) SE Runtime Environment (8.0_181-b13) (build 1.8.0_181-b13)
# Java VM: Java HotSpot(TM) 64-Bit Server VM (25.181-b13 mixed mode windows-amd64 compressed oops)
# Problematic frame:
# C  [ig9icd64.dll+0x8ba5ce]
#
# Failed to write core dump. Minidumps are not enabled by default on client versions of Windows
#
# If you would like to submit a bug report, please visit:
#   http://bugreport.java.com/bugreport/crash.jsp
#

---------------  T H R E A D  ---------------

Current thread (0x000000001c04b000):  VMThread [stack: 0x000000001d190000,0x000000001d290000] [id=26608]

siginfo: ExceptionCode=0xc0000005, reading address 0x0000000000001158

Registers:
RAX=0x00000000004a49d0, RBX=0x000007fee4d580b4, RCX=0x0000000000000001, RDX=0x000007fee4d580a8
RSP=0x000000001d28f628, RBP=0x000007fee4d58070, RSI=0x0000000000020000, RDI=0x0000000000000000
R8 =0x0000000000000000, R9 =0x0000000000000018, R10=0x00000000c0000008, R11=0x0000000000000246
R12=0x000007fffffdf000, R13=0x000007fffffae000, R14=0x0000000076eb2bc0, R15=0x0000000076ead670
RIP=0x000007feafb3a5ce, EFLAGS=0x0000000000010246

Top of Stack: (sp=0x000000001d28f628)
0x000000001d28f628:   000007fee4d14670 000007fffffdf000
0x000000001d28f638:   000007fefb6e937b 0000000076ead670
0x000000001d28f648:   0000000000000000 000000001bf357d0
0x000000001d28f658:   000007fee4d15bf4 0000000000000000
0x000000001d28f668:   0000000000020000 0000000000000000
0x000000001d28f678:   0000000000000001 000007fec37d0000
0x000000001d28f688:   000007fec37f752d 0000000000000000
0x000000001d28f698:   0000000000000000 000007fef4f11310
0x000000001d28f6a8:   0000000076c81a0a 0000000000000001
0x000000001d28f6b8:   000007fec37dc1ef 0000000000000001
0x000000001d28f6c8:   0000000000000000 0000000000000000
0x000000001d28f6d8:   0000000000384e70 0000000000000000
0x000000001d28f6e8:   000007fec37dc586 000000018001c560
0x000000001d28f6f8:   0000000000384e70 000000018001c558
0x000000001d28f708:   0000000076c81a0a 0000000000000000
0x000000001d28f718:   000007fec38aa1c3 0000000000000001 

Instructions: (pc=0x000007feafb3a5ce)
0x000007feafb3a5ae:   cc cc 44 8b 05 95 a6 3d 00 65 48 8b 04 25 58 00
0x000007feafb3a5be:   00 00 41 b9 18 00 00 00 4a 8b 04 c0 4e 8b 04 08
0x000007feafb3a5ce:   49 ff a0 58 11 00 00 cc cc cc cc cc cc cc cc cc
0x000007feafb3a5de:   cc cc 44 8b 05 65 a6 3d 00 65 48 8b 04 25 58 00 


Register to memory mapping:

RAX=0x00000000004a49d0 is an unknown value
RBX=0x000007fee4d580b4 is an unknown value
RCX=0x0000000000000001 is an unknown value
RDX=0x000007fee4d580a8 is an unknown value
RSP=0x000000001d28f628 is an unknown value
RBP=0x000007fee4d58070 is an unknown value
RSI=0x0000000000020000 is an unknown value
RDI=0x0000000000000000 is an unknown value
R8 =0x0000000000000000 is an unknown value
R9 =0x0000000000000018 is an unknown value
R10=0x00000000c0000008 is an unknown value
R11=0x0000000000000246 is an unknown value
R12=0x000007fffffdf000 is an unknown value
R13=0x000007fffffae000 is an unknown value
R14=0x0000000076eb2bc0 is an unknown value
R15=0x0000000076ead670 is an unknown value


Stack: [0x000000001d190000,0x000000001d290000],  sp=0x000000001d28f628,  free space=1021k
Native frames: (J=compiled Java code, j=interpreted, Vv=VM code, C=native code)
C  [ig9icd64.dll+0x8ba5ce]

VM_Operation (0x000000000269f260): Exit, mode: safepoint, requested by thread 0x00000000003be800


---------------  P R O C E S S  ---------------

Java Threads: ( => current thread )
  0x000000001e955800 JavaThread "AWT-Shutdown" [_thread_blocked, id=9772, stack(0x000000002b460000,0x000000002b560000)]
  0x00000000251d8800 JavaThread "Direct Clip" daemon [_thread_blocked, id=30568, stack(0x0000000027d30000,0x0000000027e30000)]
  0x000000002559d800 JavaThread "Java Sound Event Dispatcher" daemon [_thread_blocked, id=13000, stack(0x00000000276d0000,0x00000000277d0000)]
  0x000000001eb99000 JavaThread "LWJGL Timer" daemon [_thread_blocked, id=29312, stack(0x000000005e080000,0x000000005e180000)]
  0x000000001dfaf800 JavaThread "Java2D Disposer" daemon [_thread_blocked, id=28480, stack(0x000000001ed00000,0x000000001ee00000)]
  0x000000001dc45000 JavaThread "Service Thread" daemon [_thread_blocked, id=29304, stack(0x000000001e1d0000,0x000000001e2d0000)]
  0x000000001dbc4000 JavaThread "C1 CompilerThread2" daemon [_thread_blocked, id=18332, stack(0x000000001d810000,0x000000001d910000)]
  0x000000001dbc3000 JavaThread "C2 CompilerThread1" daemon [_thread_blocked, id=13324, stack(0x000000001e0b0000,0x000000001e1b0000)]
  0x000000001c0bb000 JavaThread "C2 CompilerThread0" daemon [_thread_blocked, id=22792, stack(0x000000001dac0000,0x000000001dbc0000)]
  0x000000001c0b5000 JavaThread "Attach Listener" daemon [_thread_blocked, id=26032, stack(0x000000001d970000,0x000000001da70000)]
  0x000000001c0b1000 JavaThread "Signal Dispatcher" daemon [_thread_blocked, id=20180, stack(0x000000001d690000,0x000000001d790000)]
  0x000000001c09a000 JavaThread "Finalizer" daemon [_thread_blocked, id=10952, stack(0x000000001d4f0000,0x000000001d5f0000)]
  0x000000001c052800 JavaThread "Reference Handler" daemon [_thread_blocked, id=17452, stack(0x000000001d330000,0x000000001d430000)]
  0x00000000003be800 JavaThread "main" [_thread_blocked, id=31396, stack(0x00000000025a0000,0x00000000026a0000)]

Other Threads:
=>0x000000001c04b000 VMThread [stack: 0x000000001d190000,0x000000001d290000] [id=26608]

VM state:at safepoint (shutting down)

VM Mutex/Monitor currently owned by a thread:  ([mutex/lock_event])
[0x00000000003bcf80] Threads_lock - owner thread: 0x000000001c04b000

Heap:
 PSYoungGen      total 70656K, used 7539K [0x000000076b400000, 0x0000000770080000, 0x00000007c0000000)
  eden space 64000K, 2% used [0x000000076b400000,0x000000076b540218,0x000000076f280000)
  from space 6656K, 94% used [0x000000076f400000,0x000000076fa1cc60,0x000000076fa80000)
  to   space 6144K, 0% used [0x000000076fa80000,0x000000076fa80000,0x0000000770080000)
 ParOldGen       total 175104K, used 40K [0x00000006c1c00000, 0x00000006cc700000, 0x000000076b400000)
  object space 175104K, 0% used [0x00000006c1c00000,0x00000006c1c0a000,0x00000006cc700000)
 Metaspace       used 9193K, capacity 9481K, committed 9856K, reserved 1058816K
  class space    used 970K, capacity 1047K, committed 1152K, reserved 1048576K

Card table byte_map: [0x0000000011d30000,0x0000000012530000] byte_map_base: 0x000000000e722000

Marking Bits: (ParMarkBitMap*) 0x0000000070ee2d00
 Begin Bits: [0x0000000012fa0000, 0x0000000016f30000)
 End Bits:   [0x0000000016f30000, 0x000000001aec0000)

Polling page: 0x0000000000120000

CodeCache: size=245760Kb used=6031Kb max_used=6042Kb free=239728Kb
 bounds [0x0000000002970000, 0x0000000002f60000, 0x0000000011970000]
 total_blobs=2014 nmethods=1509 adapters=417
 compilation: enabled

Compilation events (10 events):
Event: 11.470 Thread 0x000000001c0bb000 nmethod 1505 0x0000000002f57f90 code [0x0000000002f58140, 0x0000000002f592b0]
Event: 11.470 Thread 0x000000001c0bb000 1508       4       java.lang.Long::numberOfTrailingZeros (116 bytes)
Event: 11.471 Thread 0x000000001c0bb000 nmethod 1508 0x0000000002f4e4d0 code [0x0000000002f4e600, 0x0000000002f4e6d8]
Event: 11.474 Thread 0x000000001dbc3000 nmethod 1507 0x0000000002f4ecd0 code [0x0000000002f4ee60, 0x0000000002f4f7c8]
Event: 11.528 Thread 0x000000001dbc4000 1510       3       engine.gfx.Sprite::<init> (55 bytes)
Event: 11.528 Thread 0x000000001dbc4000 nmethod 1510 0x0000000002f4b9d0 code [0x0000000002f4bb40, 0x0000000002f4beb0]
Event: 11.678 Thread 0x000000001dbc4000 1512       3       sun.misc.FloatingDecimal$BinaryToASCIIBuffer::estimateDecExp (182 bytes)
Event: 11.678 Thread 0x000000001dbc4000 nmethod 1512 0x0000000002f4b290 code [0x0000000002f4b440, 0x0000000002f4b930]
Event: 11.894 Thread 0x000000001c0bb000 1513       4       sun.awt.geom.AreaOp$NZWindOp::getState (13 bytes)
Event: 11.895 Thread 0x000000001c0bb000 nmethod 1513 0x0000000002f4b050 code [0x0000000002f4b180, 0x0000000002f4b1f8]

GC Heap History (10 events):
Event: 0.823 GC heap before
{Heap before GC invocations=1 (full 0):
 PSYoungGen      total 76288K, used 65536K [0x000000076b400000, 0x0000000770900000, 0x00000007c0000000)
  eden space 65536K, 100% used [0x000000076b400000,0x000000076f400000,0x000000076f400000)
  from space 10752K, 0% used [0x000000076fe80000,0x000000076fe80000,0x0000000770900000)
  to   space 10752K, 0% used [0x000000076f400000,0x000000076f400000,0x000000076fe80000)
 ParOldGen       total 175104K, used 0K [0x00000006c1c00000, 0x00000006cc700000, 0x000000076b400000)
  object space 175104K, 0% used [0x00000006c1c00000,0x00000006c1c00000,0x00000006cc700000)
 Metaspace       used 7281K, capacity 7463K, committed 7552K, reserved 1056768K
  class space    used 772K, capacity 840K, committed 896K, reserved 1048576K
Event: 0.826 GC heap after
Heap after GC invocations=1 (full 0):
 PSYoungGen      total 76288K, used 2702K [0x000000076b400000, 0x0000000770900000, 0x00000007c0000000)
  eden space 65536K, 0% used [0x000000076b400000,0x000000076b400000,0x000000076f400000)
  from space 10752K, 25% used [0x000000076f400000,0x000000076f6a3990,0x000000076fe80000)
  to   space 10752K, 0% used [0x000000076fe80000,0x000000076fe80000,0x0000000770900000)
 ParOldGen       total 175104K, used 8K [0x00000006c1c00000, 0x00000006cc700000, 0x000000076b400000)
  object space 175104K, 0% used [0x00000006c1c00000,0x00000006c1c02000,0x00000006cc700000)
 Metaspace       used 7281K, capacity 7463K, committed 7552K, reserved 1056768K
  class space    used 772K, capacity 840K, committed 896K, reserved 1048576K
}
Event: 3.303 GC heap before
{Heap before GC invocations=2 (full 0):
 PSYoungGen      total 76288K, used 68238K [0x000000076b400000, 0x0000000770900000, 0x00000007c0000000)
  eden space 65536K, 100% used [0x000000076b400000,0x000000076f400000,0x000000076f400000)
  from space 10752K, 25% used [0x000000076f400000,0x000000076f6a3990,0x000000076fe80000)
  to   space 10752K, 0% used [0x000000076fe80000,0x000000076fe80000,0x0000000770900000)
 ParOldGen       total 175104K, used 8K [0x00000006c1c00000, 0x00000006cc700000, 0x000000076b400000)
  object space 175104K, 0% used [0x00000006c1c00000,0x00000006c1c02000,0x00000006cc700000)
 Metaspace       used 8612K, capacity 8963K, committed 9216K, reserved 1056768K
  class space    used 909K, capacity 1010K, committed 1024K, reserved 1048576K
Event: 3.310 GC heap after
Heap after GC invocations=2 (full 0):
 PSYoungGen      total 76288K, used 3636K [0x000000076b400000, 0x0000000770900000, 0x00000007c0000000)
  eden space 65536K, 0% used [0x000000076b400000,0x000000076b400000,0x000000076f400000)
  from space 10752K, 33% used [0x000000076fe80000,0x000000077020d3a0,0x0000000770900000)
  to   space 10752K, 0% used [0x000000076f400000,0x000000076f400000,0x000000076fe80000)
 ParOldGen       total 175104K, used 16K [0x00000006c1c00000, 0x00000006cc700000, 0x000000076b400000)
  object space 175104K, 0% used [0x00000006c1c00000,0x00000006c1c04000,0x00000006cc700000)
 Metaspace       used 8612K, capacity 8963K, committed 9216K, reserved 1056768K
  class space    used 909K, capacity 1010K, committed 1024K, reserved 1048576K
}
Event: 4.914 GC heap before
{Heap before GC invocations=3 (full 0):
 PSYoungGen      total 76288K, used 69172K [0x000000076b400000, 0x0000000770900000, 0x00000007c0000000)
  eden space 65536K, 100% used [0x000000076b400000,0x000000076f400000,0x000000076f400000)
  from space 10752K, 33% used [0x000000076fe80000,0x000000077020d3a0,0x0000000770900000)
  to   space 10752K, 0% used [0x000000076f400000,0x000000076f400000,0x000000076fe80000)
 ParOldGen       total 175104K, used 16K [0x00000006c1c00000, 0x00000006cc700000, 0x000000076b400000)
  object space 175104K, 0% used [0x00000006c1c00000,0x00000006c1c04000,0x00000006cc700000)
 Metaspace       used 8660K, capacity 8971K, committed 9216K, reserved 1056768K
  class space    used 911K, capacity 1010K, committed 1024K, reserved 1048576K
Event: 4.919 GC heap after
Heap after GC invocations=3 (full 0):
 PSYoungGen      total 76288K, used 4308K [0x000000076b400000, 0x0000000770900000, 0x00000007c0000000)
  eden space 65536K, 0% used [0x000000076b400000,0x000000076b400000,0x000000076f400000)
  from space 10752K, 40% used [0x000000076f400000,0x000000076f8353b0,0x000000076fe80000)
  to   space 10752K, 0% used [0x000000076fe80000,0x000000076fe80000,0x0000000770900000)
 ParOldGen       total 175104K, used 24K [0x00000006c1c00000, 0x00000006cc700000, 0x000000076b400000)
  object space 175104K, 0% used [0x00000006c1c00000,0x00000006c1c06000,0x00000006cc700000)
 Metaspace       used 8660K, capacity 8971K, committed 9216K, reserved 1056768K
  class space    used 911K, capacity 1010K, committed 1024K, reserved 1048576K
}
Event: 7.879 GC heap before
{Heap before GC invocations=4 (full 0):
 PSYoungGen      total 76288K, used 69844K [0x000000076b400000, 0x0000000770900000, 0x00000007c0000000)
  eden space 65536K, 100% used [0x000000076b400000,0x000000076f400000,0x000000076f400000)
  from space 10752K, 40% used [0x000000076f400000,0x000000076f8353b0,0x000000076fe80000)
  to   space 10752K, 0% used [0x000000076fe80000,0x000000076fe80000,0x0000000770900000)
 ParOldGen       total 175104K, used 24K [0x00000006c1c00000, 0x00000006cc700000, 0x000000076b400000)
  object space 175104K, 0% used [0x00000006c1c00000,0x00000006c1c06000,0x00000006cc700000)
 Metaspace       used 8768K, capacity 9169K, committed 9216K, reserved 1056768K
  class space    used 915K, capacity 1011K, committed 1024K, reserved 1048576K
Event: 7.886 GC heap after
Heap after GC invocations=4 (full 0):
 PSYoungGen      total 76288K, used 5140K [0x000000076b400000, 0x0000000770900000, 0x00000007c0000000)
  eden space 65536K, 0% used [0x000000076b400000,0x000000076b400000,0x000000076f400000)
  from space 10752K, 47% used [0x000000076fe80000,0x00000007703853b0,0x0000000770900000)
  to   space 10752K, 0% used [0x000000076f400000,0x000000076f400000,0x000000076fe80000)
 ParOldGen       total 175104K, used 32K [0x00000006c1c00000, 0x00000006cc700000, 0x000000076b400000)
  object space 175104K, 0% used [0x00000006c1c00000,0x00000006c1c08000,0x00000006cc700000)
 Metaspace       used 8768K, capacity 9169K, committed 9216K, reserved 1056768K
  class space    used 915K, capacity 1011K, committed 1024K, reserved 1048576K
}
Event: 12.500 GC heap before
{Heap before GC invocations=5 (full 0):
 PSYoungGen      total 76288K, used 70676K [0x000000076b400000, 0x0000000770900000, 0x00000007c0000000)
  eden space 65536K, 100% used [0x000000076b400000,0x000000076f400000,0x000000076f400000)
  from space 10752K, 47% used [0x000000076fe80000,0x00000007703853b0,0x0000000770900000)
  to   space 10752K, 0% used [0x000000076f400000,0x000000076f400000,0x000000076fe80000)
 ParOldGen       total 175104K, used 32K [0x00000006c1c00000, 0x00000006cc700000, 0x000000076b400000)
  object space 175104K, 0% used [0x00000006c1c00000,0x00000006c1c08000,0x00000006cc700000)
 Metaspace       used 9193K, capacity 9481K, committed 9856K, reserved 1058816K
  class space    used 970K, capacity 1047K, committed 1152K, reserved 1048576K
Event: 12.508 GC heap after
Heap after GC invocations=5 (full 0):
 PSYoungGen      total 70656K, used 6259K [0x000000076b400000, 0x0000000770080000, 0x00000007c0000000)
  eden space 64000K, 0% used [0x000000076b400000,0x000000076b400000,0x000000076f280000)
  from space 6656K, 94% used [0x000000076f400000,0x000000076fa1cc60,0x000000076fa80000)
  to   space 6144K, 0% used [0x000000076fa80000,0x000000076fa80000,0x0000000770080000)
 ParOldGen       total 175104K, used 40K [0x00000006c1c00000, 0x00000006cc700000, 0x000000076b400000)
  object space 175104K, 0% used [0x00000006c1c00000,0x00000006c1c0a000,0x00000006cc700000)
 Metaspace       used 9193K, capacity 9481K, committed 9856K, reserved 1058816K
  class space    used 970K, capacity 1047K, committed 1152K, reserved 1048576K
}

Deoptimization events (10 events):
Event: 9.438 Thread 0x00000000003be800 Uncommon trap: reason=unstable_if action=reinterpret pc=0x0000000002bc4a80 method=java.util.Arrays.copyOf([Ljava/lang/Object;ILjava/lang/Class;)[Ljava/lang/Object; @ 3
Event: 9.456 Thread 0x00000000003be800 Uncommon trap: reason=unstable_if action=reinterpret pc=0x0000000002eaba78 method=engine.shaders.uniforms.UniformFloat.load(F)V @ 13
Event: 9.664 Thread 0x00000000003be800 Uncommon trap: reason=unstable_if action=reinterpret pc=0x0000000002dc8490 method=game.environment.Tree.render(Lengine/rendering/Screen;)V @ 39
Event: 9.664 Thread 0x00000000003be800 Uncommon trap: reason=unstable_if action=reinterpret pc=0x0000000002ed1618 method=game.environment.IronOreStone.render(Lengine/rendering/Screen;)V @ 39
Event: 9.664 Thread 0x00000000003be800 Uncommon trap: reason=unstable_if action=reinterpret pc=0x0000000002e9e5d8 method=game.environment.Stone.render(Lengine/rendering/Screen;)V @ 39
Event: 10.678 Thread 0x00000000003be800 Uncommon trap: reason=class_check action=maybe_recompile pc=0x0000000002dca4a8 method=java.util.TimSort.binarySort([Ljava/lang/Object;IIILjava/util/Comparator;)V @ 93
Event: 10.695 Thread 0x00000000003be800 Uncommon trap: reason=unstable_if action=reinterpret pc=0x0000000002cf8858 method=sun.misc.FloatingDecimal$BinaryToASCIIBuffer.dtoa(IJIZ)V @ 116
Event: 10.695 Thread 0x00000000003be800 Uncommon trap: reason=unstable_if action=reinterpret pc=0x0000000002e7d5d0 method=sun.misc.FloatingDecimal$BinaryToASCIIBuffer.getChars([C)I @ 150
Event: 10.697 Thread 0x00000000003be800 Uncommon trap: reason=unstable_if action=reinterpret pc=0x0000000002cf814c method=java.lang.Long.numberOfTrailingZeros(J)I @ 17
Event: 11.445 Thread 0x00000000003be800 Uncommon trap: reason=unstable_if action=reinterpret pc=0x0000000002e833e4 method=game.environment.GrassBlock.getHitbox()Lutils/Hitbox; @ 240

Classes redefined (0 events):
No events

Internal exceptions (10 events):
Event: 0.107 Thread 0x00000000003be800 Exception <a 'java/security/PrivilegedActionException'> (0x000000076b4a9470) thrown at [C:\re\workspace\8-2-build-windows-amd64-cygwin\jdk8u181\11358\hotspot\src\share\vm\prims\jvm.cpp, line 1435]
Event: 0.108 Thread 0x00000000003be800 Exception <a 'java/security/PrivilegedActionException'> (0x000000076b4ad0e0) thrown at [C:\re\workspace\8-2-build-windows-amd64-cygwin\jdk8u181\11358\hotspot\src\share\vm\prims\jvm.cpp, line 1435]
Event: 0.108 Thread 0x00000000003be800 Exception <a 'java/security/PrivilegedActionException'> (0x000000076b4ad2f0) thrown at [C:\re\workspace\8-2-build-windows-amd64-cygwin\jdk8u181\11358\hotspot\src\share\vm\prims\jvm.cpp, line 1435]
Event: 0.117 Thread 0x00000000003be800 Exception <a 'java/io/FileNotFoundException'> (0x000000076b4bbab8) thrown at [C:\re\workspace\8-2-build-windows-amd64-cygwin\jdk8u181\11358\hotspot\src\share\vm\prims\jni.cpp, line 709]
Event: 0.156 Thread 0x00000000003be800 Exception <a 'java/lang/NoSuchFieldError': method resolution failed> (0x000000076b6d4548) thrown at [C:\re\workspace\8-2-build-windows-amd64-cygwin\jdk8u181\11358\hotspot\src\share\vm\prims\methodHandles.cpp, line 1167]
Event: 0.157 Thread 0x00000000003be800 Exception <a 'java/lang/NoSuchFieldError': method resolution failed> (0x000000076b6e1918) thrown at [C:\re\workspace\8-2-build-windows-amd64-cygwin\jdk8u181\11358\hotspot\src\share\vm\prims\methodHandles.cpp, line 1167]
Event: 5.982 Thread 0x00000000003be800 Implicit null exception at 0x0000000002d5df21 to 0x0000000002d5ebb9
Event: 9.664 Thread 0x00000000003be800 Implicit null exception at 0x0000000002dc834b to 0x0000000002dc8481
Event: 9.664 Thread 0x00000000003be800 Implicit null exception at 0x0000000002ed14cf to 0x0000000002ed1609
Event: 9.664 Thread 0x00000000003be800 Implicit null exception at 0x0000000002e9e48f to 0x0000000002e9e5c9

Events (10 events):
Event: 12.508 Executing VM operation: RevokeBias
Event: 12.508 Executing VM operation: RevokeBias done
Event: 12.508 Executing VM operation: RevokeBias
Event: 12.508 Executing VM operation: RevokeBias done
Event: 12.508 Executing VM operation: RevokeBias
Event: 12.509 Executing VM operation: RevokeBias done
Event: 12.509 Thread 0x000000001e955800 Thread added: 0x000000001e955800
Event: 12.510 Thread 0x000000001dfb2000 Thread exited: 0x000000001dfb2000
Event: 12.609 Thread 0x000000005eb43800 Thread exited: 0x000000005eb43800
Event: 12.609 Executing VM operation: Exit


Dynamic libraries:
0x000000013f860000 - 0x000000013f897000 	C:\Program Files\Java\jre1.8.0_181\bin\javaw.exe
0x0000000076d80000 - 0x0000000076f2a000 	C:\windows\SYSTEM32\ntdll.dll
0x0000000076c60000 - 0x0000000076d7f000 	C:\windows\system32\kernel32.dll
0x000007fefcbd0000 - 0x000007fefcc3a000 	C:\windows\system32\KERNELBASE.dll
0x000007fefd060000 - 0x000007fefd13b000 	C:\windows\system32\ADVAPI32.dll
0x000007fefe290000 - 0x000007fefe32f000 	C:\windows\system32\msvcrt.dll
0x000007fefeb50000 - 0x000007fefeb6f000 	C:\windows\SYSTEM32\sechost.dll
0x000007fefee60000 - 0x000007fefef8d000 	C:\windows\system32\RPCRT4.dll
0x0000000076b60000 - 0x0000000076c5a000 	C:\windows\system32\USER32.dll
0x000007fefe6c0000 - 0x000007fefe727000 	C:\windows\system32\GDI32.dll
0x000007fefec60000 - 0x000007fefec6e000 	C:\windows\system32\LPK.dll
0x000007fefef90000 - 0x000007feff05a000 	C:\windows\system32\USP10.dll
0x000007fefae80000 - 0x000007fefb074000 	C:\windows\WinSxS\amd64_microsoft.windows.common-controls_6595b64144ccf1df_6.0.7601.18837_none_fa3b1e3d17594757\COMCTL32.dll
0x000007fefcfe0000 - 0x000007fefd051000 	C:\windows\system32\SHLWAPI.dll
0x000007fefe730000 - 0x000007fefe75e000 	C:\windows\system32\IMM32.DLL
0x000007fefce50000 - 0x000007fefcf59000 	C:\windows\system32\MSCTF.dll
0x0000000078e70000 - 0x0000000078f42000 	C:\Program Files\Java\jre1.8.0_181\bin\msvcr100.dll
0x00000000706c0000 - 0x0000000070f62000 	C:\Program Files\Java\jre1.8.0_181\bin\server\jvm.dll
0x000007fef6f20000 - 0x000007fef6f29000 	C:\windows\system32\WSOCK32.dll
0x000007fefec10000 - 0x000007fefec5d000 	C:\windows\system32\WS2_32.dll
0x000007fefce40000 - 0x000007fefce48000 	C:\windows\system32\NSI.dll
0x000007fefa960000 - 0x000007fefa99b000 	C:\windows\system32\WINMM.dll
0x000007fefbad0000 - 0x000007fefbadc000 	C:\windows\system32\VERSION.dll
0x0000000076f50000 - 0x0000000076f57000 	C:\windows\system32\PSAPI.DLL
0x000000006d570000 - 0x000000006d57f000 	C:\Program Files\Java\jre1.8.0_181\bin\verify.dll
0x0000000067130000 - 0x0000000067159000 	C:\Program Files\Java\jre1.8.0_181\bin\java.dll
0x000000006cc10000 - 0x000000006cc26000 	C:\Program Files\Java\jre1.8.0_181\bin\zip.dll
0x000007fefd500000 - 0x000007fefe28a000 	C:\windows\system32\SHELL32.dll
0x000007fefe940000 - 0x000007fefeb43000 	C:\windows\system32\ole32.dll
0x000007fefca80000 - 0x000007fefca8f000 	C:\windows\system32\profapi.dll
0x000000006c550000 - 0x000000006c6e9000 	C:\Program Files\Java\jre1.8.0_181\bin\awt.dll
0x000007fefd420000 - 0x000007fefd4fa000 	C:\windows\system32\OLEAUT32.dll
0x000007fefb4c0000 - 0x000007fefb516000 	C:\windows\system32\uxtheme.dll
0x000007fefbab0000 - 0x000007fefbac8000 	C:\windows\system32\dwmapi.dll
0x000007fefc920000 - 0x000007fefc92f000 	C:\windows\system32\CRYPTBASE.dll
0x0000000180000000 - 0x0000000180051000 	C:\Users\Admin\Documents\Java Libraries\LWJGL 2\natives\lwjgl64.dll
0x000007fec37d0000 - 0x000007fec38ed000 	C:\windows\system32\OPENGL32.dll
0x000007fec3c20000 - 0x000007fec3c4d000 	C:\windows\system32\GLU32.dll
0x000007fec36d0000 - 0x000007fec37c1000 	C:\windows\system32\DDRAW.dll
0x000007fec3c10000 - 0x000007fec3c18000 	C:\windows\system32\DCIMAN32.dll
0x000007fefe760000 - 0x000007fefe937000 	C:\windows\system32\SETUPAPI.dll
0x000007fefcc50000 - 0x000007fefcc86000 	C:\windows\system32\CFGMGR32.dll
0x000007fefcaa0000 - 0x000007fefcaba000 	C:\windows\system32\DEVOBJ.dll
0x000007fef4f10000 - 0x000007fef4f28000 	C:\windows\system32\atig6pxx.dll
0x000007fedbac0000 - 0x000007fedbc01000 	C:\windows\system32\atiadlxx.dll
0x000007fefb6e0000 - 0x000007fefb80c000 	C:\windows\system32\PROPSYS.dll
0x000007fefccb0000 - 0x000007fefccce000 	C:\windows\system32\USERENV.dll
0x000007fefbb10000 - 0x000007fefbb21000 	C:\windows\system32\WTSAPI32.dll
0x000007fef95d0000 - 0x000007fef95f7000 	C:\windows\system32\IPHLPAPI.DLL
0x000007fef95c0000 - 0x000007fef95cb000 	C:\windows\system32\WINNSI.DLL
0x000007fefcae0000 - 0x000007fefcb1b000 	C:\windows\system32\WINTRUST.dll
0x000007fefccd0000 - 0x000007fefce3d000 	C:\windows\system32\CRYPT32.dll
0x000007fefca90000 - 0x000007fefca9f000 	C:\windows\system32\MSASN1.dll
0x000007feaf280000 - 0x000007feaffc9000 	C:\windows\system32\ig9icd64.dll
0x000007fef27a0000 - 0x000007fef27cc000 	C:\windows\system32\atig6txx.dll
0x000007fef9900000 - 0x000007fef999c000 	C:\windows\system32\mscms.dll
0x000007fef9a50000 - 0x000007fef9a92000 	C:\windows\system32\icm32.dll
0x000007feed6e0000 - 0x000007feee83c000 	C:\windows\system32\igc64.dll
0x000007fee4d10000 - 0x000007fee4d65000 	C:\Program Files (x86)\obs-studio\data\obs-plugins\win-capture\graphics-hook64.dll
0x000000006d500000 - 0x000000006d50c000 	C:\Program Files\Java\jre1.8.0_181\bin\jsound.dll
0x0000000066c70000 - 0x0000000066c7b000 	C:\Program Files\Java\jre1.8.0_181\bin\jsoundds.dll
0x000007fee2020000 - 0x000007fee20a8000 	C:\windows\system32\DSOUND.dll
0x000007fefbae0000 - 0x000007fefbb0c000 	C:\windows\system32\POWRPROF.dll
0x000007fefb810000 - 0x000007fefb85b000 	C:\windows\system32\MMDevAPI.DLL
0x000007fefa8e0000 - 0x000007fefa91b000 	C:\windows\system32\wdmaud.drv
0x0000000074820000 - 0x0000000074826000 	C:\windows\system32\ksuser.dll
0x000007fefb650000 - 0x000007fefb659000 	C:\windows\system32\AVRT.dll
0x000007fefa660000 - 0x000007fefa6af000 	C:\windows\system32\AUDIOSES.DLL
0x000007fefa4b0000 - 0x000007fefa4ba000 	C:\windows\system32\msacm32.drv
0x000007fefa490000 - 0x000007fefa4a8000 	C:\windows\system32\MSACM32.dll
0x000007fefa480000 - 0x000007fefa489000 	C:\windows\system32\midimap.dll
0x000007fefe600000 - 0x000007fefe699000 	C:\windows\system32\CLBCatQ.DLL
0x000007fee6960000 - 0x000007fee6a85000 	C:\windows\system32\dbghelp.dll

VM Arguments:
jvm_args: -Djava.library.path=C:\Users\Admin\Documents\Java Libraries\LWJGL 2\natives;C:\Users\Admin\Documents\Java Libraries\LWJGL 2\natives -Dfile.encoding=Cp1252 
java_command: game.Game
java_class_path (initial): C:\Users\Magmi\workspace\DimensionsLWJGL\bin;C:\Users\Admin\Documents\Java Libraries\LWJGL 2\jars\lwjgl.jar;C:\Users\Admin\Documents\Java Libraries\LWJGL 2\jars\lwjgl_util.jar;C:\Users\Admin\Documents\Java Libraries\LWJGL 2\jars\slick-util.jar
Launcher Type: SUN_STANDARD

Environment Variables:
PATH=C:/Program Files/Java/jre1.8.0_181/bin/server;C:/Program Files/Java/jre1.8.0_181/bin;C:/Program Files/Java/jre1.8.0_181/lib/amd64;C:\Program Files (x86)\Common Files\Oracle\Java\javapath;C:\ProgramData\Oracle\Java\javapath;C:\Program Files\Common Files\Microsoft Shared\Windows Live;C:\Program Files (x86)\Common Files\Microsoft Shared\Windows Live;C:\Program Files (x86)\Intel\iCLS Client\;C:\Program Files\Intel\iCLS Client\;C:\windows\system32;C:\windows;C:\windows\System32\Wbem;C:\windows\System32\WindowsPowerShell\v1.0\;C:\Program Files (x86)\Intel\Intel(R) Management Engine Components\DAL;C:\Program Files\Intel\Intel(R) Management Engine Components\DAL;C:\Program Files (x86)\Intel\Intel(R) Management Engine Components\IPT;C:\Program Files\Intel\Intel(R) Management Engine Components\IPT;C:\Program Files (x86)\ATI Technologies\ATI.ACE\Core-Static;C:\Program Files (x86)\Common Files\Lenovo;C:\ProgramData\Lenovo\ReadyApps;C:\Program Files (x86)\Common Files\lenovo\easyplussdk\bin;C:\Program Files (x86)\Windows Live\Shared;C:\Program Files\Git\cmd;C:\Program Files\Intel\WiFi\bin\;C:\Program Files\Common Files\Intel\WirelessCommon\;C:\Program Files (x86)\Lenovo\Access Connections\;C:\Users\Admin\AppData\Local\Programs\Python\Launcher\;C:\Program Files\Intel\WiFi\bin\;C:\Program Files\Common Files\Intel\WirelessCommon\;C:\Program Files\Eclipse;
USERNAME=Admin
OS=Windows_NT
PROCESSOR_IDENTIFIER=Intel64 Family 6 Model 78 Stepping 3, GenuineIntel



---------------  S Y S T E M  ---------------

OS: Windows 7 , 64 bit Build 7601 (6.1.7601.23572)

CPU:total 4 (initial active 4) (2 cores per cpu, 2 threads per core) family 6 model 78 stepping 3, cmov, cx8, fxsr, mmx, sse, sse2, sse3, ssse3, sse4.1, sse4.2, popcnt, avx, avx2, aes, clmul, erms, 3dnowpref, lzcnt, ht, tsc, tscinvbit, bmi1, bmi2, adx

Memory: 4k page, physical 16657452k(6713612k free), swap 33232920k(16867196k free)

vm_info: Java HotSpot(TM) 64-Bit Server VM (25.181-b13) for windows-amd64 JRE (1.8.0_181-b13), built on Jul  7 2018 04:01:33 by "java_re" with MS VC++ 10.0 (VS2010)

time: Tue Dec 04 19:45:42 2018
elapsed time: 12 seconds (0d 0h 0m 12s)

