#
# A fatal error has been detected by the Java Runtime Environment:
#
#  EXCEPTION_ACCESS_VIOLATION (0xc0000005) at pc=0x000007feb088a5ce, pid=9796, tid=0x0000000000004170
#
# JRE version: Java(TM) SE Runtime Environment (8.0_181-b13) (build 1.8.0_181-b13)
# Java VM: Java HotSpot(TM) 64-Bit Server VM (25.181-b13 mixed mode windows-amd64 compressed oops)
# Problematic frame:
# C  [ig9icd64.dll+0x8ba5ce]
#
# Failed to write core dump. Minidumps are not enabled by default on client versions of Windows
#
# If you would like to submit a bug report, please visit:
#   http://bugreport.java.com/bugreport/crash.jsp
#

---------------  T H R E A D  ---------------

Current thread (0x000000001c14b000):  VMThread [stack: 0x000000001d090000,0x000000001d190000] [id=16752]

siginfo: ExceptionCode=0xc0000005, reading address 0x0000000000001158

Registers:
RAX=0x00000000002149d0, RBX=0x000007fef27980b4, RCX=0x0000000000000001, RDX=0x000007fef27980a8
RSP=0x000000001d18f1f8, RBP=0x000007fef2798070, RSI=0x0000000000020000, RDI=0x0000000000000000
R8 =0x0000000000000000, R9 =0x0000000000000018, R10=0x00000000c0000008, R11=0x0000000000000246
R12=0x000007fffffd4000, R13=0x000007fffffac000, R14=0x0000000076eb2bc0, R15=0x0000000076ead670
RIP=0x000007feb088a5ce, EFLAGS=0x0000000000010246

Top of Stack: (sp=0x000000001d18f1f8)
0x000000001d18f1f8:   000007fef2754670 000007fffffd4000
0x000000001d18f208:   000007fefb6e937b 0000000076ead670
0x000000001d18f218:   0000000000000000 000000001c035500
0x000000001d18f228:   000007fef2755bf4 0000000000000000
0x000000001d18f238:   0000000000020000 0000000000000000
0x000000001d18f248:   0000000000000001 000007fec37d0000
0x000000001d18f258:   000007fec37f752d 0000000000000000
0x000000001d18f268:   0000000000000000 000007fef4f11310
0x000000001d18f278:   0000000076c81a0a 0000000000000001
0x000000001d18f288:   000007fec37dc1ef 0000000000000001
0x000000001d18f298:   0000000000000000 0000000000000000
0x000000001d18f2a8:   000000001f404e70 0000000000000000
0x000000001d18f2b8:   000007fec37dc586 000000018001c560
0x000000001d18f2c8:   000000001f404e70 000000018001c558
0x000000001d18f2d8:   0000000076c81a0a 0000000000000000
0x000000001d18f2e8:   000007fec38aa1c3 0000000000000001 

Instructions: (pc=0x000007feb088a5ce)
0x000007feb088a5ae:   cc cc 44 8b 05 95 a6 3d 00 65 48 8b 04 25 58 00
0x000007feb088a5be:   00 00 41 b9 18 00 00 00 4a 8b 04 c0 4e 8b 04 08
0x000007feb088a5ce:   49 ff a0 58 11 00 00 cc cc cc cc cc cc cc cc cc
0x000007feb088a5de:   cc cc 44 8b 05 65 a6 3d 00 65 48 8b 04 25 58 00 


Register to memory mapping:

RAX=0x00000000002149d0 is an unknown value
RBX=0x000007fef27980b4 is an unknown value
RCX=0x0000000000000001 is an unknown value
RDX=0x000007fef27980a8 is an unknown value
RSP=0x000000001d18f1f8 is an unknown value
RBP=0x000007fef2798070 is an unknown value
RSI=0x0000000000020000 is an unknown value
RDI=0x0000000000000000 is an unknown value
R8 =0x0000000000000000 is an unknown value
R9 =0x0000000000000018 is an unknown value
R10=0x00000000c0000008 is an unknown value
R11=0x0000000000000246 is an unknown value
R12=0x000007fffffd4000 is an unknown value
R13=0x000007fffffac000 is an unknown value
R14=0x0000000076eb2bc0 is an unknown value
R15=0x0000000076ead670 is an unknown value


Stack: [0x000000001d090000,0x000000001d190000],  sp=0x000000001d18f1f8,  free space=1020k
Native frames: (J=compiled Java code, j=interpreted, Vv=VM code, C=native code)
C  [ig9icd64.dll+0x8ba5ce]

VM_Operation (0x00000000025cf060): Exit, mode: safepoint, requested by thread 0x000000000225e800


---------------  P R O C E S S  ---------------

Java Threads: ( => current thread )
  0x000000001dad6000 JavaThread "AWT-Shutdown" [_thread_blocked, id=30024, stack(0x0000000023820000,0x0000000023920000)]
  0x000000001dad4000 JavaThread "Direct Clip" daemon [_thread_blocked, id=28152, stack(0x0000000023440000,0x0000000023540000)]
  0x000000001dad3000 JavaThread "Direct Clip" daemon [_thread_blocked, id=27412, stack(0x00000000331a0000,0x00000000332a0000)]
  0x000000005e978000 JavaThread "Direct Clip" daemon [_thread_blocked, id=25316, stack(0x0000000033070000,0x0000000033170000)]
  0x000000005e977800 JavaThread "Direct Clip" daemon [_thread_blocked, id=29108, stack(0x0000000032ad0000,0x0000000032bd0000)]
  0x000000005e976800 JavaThread "Direct Clip" daemon [_thread_blocked, id=31192, stack(0x0000000032640000,0x0000000032740000)]
  0x000000005e976000 JavaThread "Direct Clip" daemon [_thread_blocked, id=7628, stack(0x000000002c350000,0x000000002c450000)]
  0x000000005e975000 JavaThread "Direct Clip" daemon [_thread_blocked, id=3664, stack(0x0000000032320000,0x0000000032420000)]
  0x000000005e974800 JavaThread "Direct Clip" daemon [_thread_blocked, id=27568, stack(0x0000000031ed0000,0x0000000031fd0000)]
  0x000000005e973800 JavaThread "Direct Clip" daemon [_thread_blocked, id=25436, stack(0x000000002f940000,0x000000002fa40000)]
  0x000000005e973000 JavaThread "Direct Clip" daemon [_thread_blocked, id=25256, stack(0x0000000031bb0000,0x0000000031cb0000)]
  0x000000005e972000 JavaThread "Direct Clip" daemon [_thread_blocked, id=14504, stack(0x000000002ef50000,0x000000002f050000)]
  0x000000005e971800 JavaThread "Direct Clip" daemon [_thread_blocked, id=6332, stack(0x0000000031450000,0x0000000031550000)]
  0x000000001eb0e000 JavaThread "Direct Clip" daemon [_thread_blocked, id=30028, stack(0x0000000030ce0000,0x0000000030de0000)]
  0x000000001eb0d000 JavaThread "Direct Clip" daemon [_thread_blocked, id=31412, stack(0x00000000310d0000,0x00000000311d0000)]
  0x000000001eb0c800 JavaThread "Direct Clip" daemon [_thread_blocked, id=14624, stack(0x000000002c140000,0x000000002c240000)]
  0x000000001eb0b800 JavaThread "Direct Clip" daemon [_thread_blocked, id=27896, stack(0x0000000030bc0000,0x0000000030cc0000)]
  0x000000001eb0b000 JavaThread "Direct Clip" daemon [_thread_blocked, id=22756, stack(0x0000000030640000,0x0000000030740000)]
  0x000000001eb0a000 JavaThread "Direct Clip" daemon [_thread_blocked, id=23256, stack(0x00000000304f0000,0x00000000305f0000)]
  0x000000001eb09800 JavaThread "Direct Clip" daemon [_thread_blocked, id=29060, stack(0x000000002f600000,0x000000002f700000)]
  0x000000001eb08800 JavaThread "Direct Clip" daemon [_thread_blocked, id=28276, stack(0x000000002e350000,0x000000002e450000)]
  0x000000001eb08000 JavaThread "Direct Clip" daemon [_thread_blocked, id=28692, stack(0x000000002f2c0000,0x000000002f3c0000)]
  0x000000001eb07000 JavaThread "Direct Clip" daemon [_thread_blocked, id=30780, stack(0x000000002e490000,0x000000002e590000)]
  0x000000005ea81000 JavaThread "Direct Clip" daemon [_thread_blocked, id=22476, stack(0x000000002def0000,0x000000002dff0000)]
  0x000000005ea80800 JavaThread "Direct Clip" daemon [_thread_blocked, id=26108, stack(0x000000002e010000,0x000000002e110000)]
  0x000000005ea7f800 JavaThread "Direct Clip" daemon [_thread_blocked, id=18060, stack(0x000000002dd90000,0x000000002de90000)]
  0x000000005ea7f000 JavaThread "Direct Clip" daemon [_thread_blocked, id=27400, stack(0x000000002dc90000,0x000000002dd90000)]
  0x000000005ea7e000 JavaThread "Direct Clip" daemon [_thread_blocked, id=30988, stack(0x000000002c250000,0x000000002c350000)]
  0x000000005ea7d800 JavaThread "Direct Clip" daemon [_thread_blocked, id=29584, stack(0x000000002c030000,0x000000002c130000)]
  0x000000005ea7c800 JavaThread "Direct Clip" daemon [_thread_blocked, id=23880, stack(0x000000002be90000,0x000000002bf90000)]
  0x000000005ea7c000 JavaThread "Direct Clip" daemon [_thread_blocked, id=29296, stack(0x000000002bcb0000,0x000000002bdb0000)]
  0x000000005ea7b000 JavaThread "Direct Clip" daemon [_thread_blocked, id=28160, stack(0x000000002b290000,0x000000002b390000)]
  0x000000005ea7a800 JavaThread "Direct Clip" daemon [_thread_blocked, id=24484, stack(0x000000002bb00000,0x000000002bc00000)]
  0x000000001e531000 JavaThread "Direct Clip" daemon [_thread_blocked, id=27256, stack(0x0000000027ab0000,0x0000000027bb0000)]
  0x000000001eb12000 JavaThread "Direct Clip" daemon [_thread_blocked, id=23728, stack(0x000000002b570000,0x000000002b670000)]
  0x000000001db64000 JavaThread "Direct Clip" daemon [_thread_blocked, id=30744, stack(0x000000002b030000,0x000000002b130000)]
  0x000000001e526000 JavaThread "Direct Clip" daemon [_thread_blocked, id=23028, stack(0x000000002b3b0000,0x000000002b4b0000)]
  0x000000001e74f800 JavaThread "Direct Clip" daemon [_thread_blocked, id=11476, stack(0x000000002b190000,0x000000002b290000)]
  0x000000001e6d1000 JavaThread "Direct Clip" daemon [_thread_blocked, id=15292, stack(0x000000002ad20000,0x000000002ae20000)]
  0x000000001e634000 JavaThread "Direct Clip" daemon [_thread_blocked, id=2200, stack(0x000000002aa40000,0x000000002ab40000)]
  0x000000001e6b9800 JavaThread "Java Sound Event Dispatcher" daemon [_thread_blocked, id=28680, stack(0x0000000027800000,0x0000000027900000)]
  0x000000001eac5000 JavaThread "LWJGL Timer" daemon [_thread_blocked, id=10256, stack(0x000000005f540000,0x000000005f640000)]
  0x000000001dd02000 JavaThread "Java2D Disposer" daemon [_thread_blocked, id=29616, stack(0x000000001e0b0000,0x000000001e1b0000)]
  0x000000001d9b0800 JavaThread "Service Thread" daemon [_thread_blocked, id=17620, stack(0x000000001e240000,0x000000001e340000)]
  0x000000001d951000 JavaThread "C1 CompilerThread2" daemon [_thread_blocked, id=24448, stack(0x000000001df70000,0x000000001e070000)]
  0x000000001d950800 JavaThread "C2 CompilerThread1" daemon [_thread_blocked, id=12540, stack(0x000000001de20000,0x000000001df20000)]
  0x000000001c1b9800 JavaThread "C2 CompilerThread0" daemon [_thread_blocked, id=23116, stack(0x000000001d850000,0x000000001d950000)]
  0x000000001c1b8000 JavaThread "Attach Listener" daemon [_thread_blocked, id=29796, stack(0x000000001d650000,0x000000001d750000)]
  0x000000001c19c000 JavaThread "Finalizer" daemon [_thread_blocked, id=4148, stack(0x000000001d3d0000,0x000000001d4d0000)]
  0x000000001c152800 JavaThread "Reference Handler" daemon [_thread_blocked, id=26900, stack(0x000000001d200000,0x000000001d300000)]
  0x000000000225e800 JavaThread "main" [_thread_blocked, id=30592, stack(0x00000000024d0000,0x00000000025d0000)]

Other Threads:
=>0x000000001c14b000 VMThread [stack: 0x000000001d090000,0x000000001d190000] [id=16752]

VM state:at safepoint (shutting down)

VM Mutex/Monitor currently owned by a thread:  ([mutex/lock_event])
[0x000000000225cf80] Threads_lock - owner thread: 0x000000001c14b000

Heap:
 PSYoungGen      total 32256K, used 8785K [0x000000076b400000, 0x000000076d480000, 0x00000007c0000000)
  eden space 31232K, 27% used [0x000000076b400000,0x000000076bc3c490,0x000000076d280000)
  from space 1024K, 34% used [0x000000076d280000,0x000000076d2d8000,0x000000076d380000)
  to   space 1024K, 0% used [0x000000076d380000,0x000000076d380000,0x000000076d480000)
 ParOldGen       total 175104K, used 32403K [0x00000006c1c00000, 0x00000006cc700000, 0x000000076b400000)
  object space 175104K, 18% used [0x00000006c1c00000,0x00000006c3ba4e40,0x00000006cc700000)
 Metaspace       used 9404K, capacity 9741K, committed 9856K, reserved 1058816K
  class space    used 976K, capacity 1057K, committed 1152K, reserved 1048576K

Card table byte_map: [0x0000000011c60000,0x0000000012460000] byte_map_base: 0x000000000e652000

Marking Bits: (ParMarkBitMap*) 0x0000000070c62d00
 Begin Bits: [0x00000000130a0000, 0x0000000017030000)
 End Bits:   [0x0000000017030000, 0x000000001afc0000)

Polling page: 0x0000000000320000

CodeCache: size=245760Kb used=5449Kb max_used=7187Kb free=240310Kb
 bounds [0x00000000028a0000, 0x0000000002fb0000, 0x00000000118a0000]
 total_blobs=2026 nmethods=1521 adapters=417
 compilation: enabled

Compilation events (10 events):
Event: 111.349 Thread 0x000000001d950800 1972       4       game.levels.LevelOverworld::update (24 bytes)
Event: 111.349 Thread 0x000000001c1b9800 1971       4       engine.input.Input::update (9 bytes)
Event: 111.356 Thread 0x000000001d950800 nmethod 1972 0x0000000002c74d10 code [0x0000000002c74ea0, 0x0000000002c75188]
Event: 111.356 Thread 0x000000001d950800 1973       4       game.creature.npc.NPCJessica::update (51 bytes)
Event: 111.358 Thread 0x000000001d950800 nmethod 1973 0x0000000002f7fd90 code [0x0000000002f7ff20, 0x0000000002f801a8]
Event: 111.358 Thread 0x000000001d950800 1974       4       game.creature.npc.NPCJessica::resetImage (65 bytes)
Event: 111.358 Thread 0x000000001d950800 nmethod 1974 0x0000000002af11d0 code [0x0000000002af1300, 0x0000000002af13d8]
Event: 111.365 Thread 0x000000001c1b9800 nmethod 1971 0x0000000002c673d0 code [0x0000000002c67600, 0x0000000002c68390]
Event: 111.516 Thread 0x000000001d951000 1975       3       org.lwjgl.opengl.WindowsDisplay::handleChar (61 bytes)
Event: 111.516 Thread 0x000000001d951000 nmethod 1975 0x0000000002c66e90 code [0x0000000002c67000, 0x0000000002c672e8]

GC Heap History (10 events):
Event: 107.933 GC heap before
{Heap before GC invocations=81 (full 0):
 PSYoungGen      total 32256K, used 31744K [0x000000076b400000, 0x000000076d480000, 0x00000007c0000000)
  eden space 31232K, 100% used [0x000000076b400000,0x000000076d280000,0x000000076d280000)
  from space 1024K, 50% used [0x000000076d380000,0x000000076d400000,0x000000076d480000)
  to   space 1024K, 0% used [0x000000076d280000,0x000000076d280000,0x000000076d380000)
 ParOldGen       total 175104K, used 31187K [0x00000006c1c00000, 0x00000006cc700000, 0x000000076b400000)
  object space 175104K, 17% used [0x00000006c1c00000,0x00000006c3a74e40,0x00000006cc700000)
 Metaspace       used 9396K, capacity 9741K, committed 9856K, reserved 1058816K
  class space    used 974K, capacity 1057K, committed 1152K, reserved 1048576K
Event: 107.935 GC heap after
Heap after GC invocations=81 (full 0):
 PSYoungGen      total 32256K, used 352K [0x000000076b400000, 0x000000076d480000, 0x00000007c0000000)
  eden space 31232K, 0% used [0x000000076b400000,0x000000076b400000,0x000000076d280000)
  from space 1024K, 34% used [0x000000076d280000,0x000000076d2d8000,0x000000076d380000)
  to   space 1024K, 0% used [0x000000076d380000,0x000000076d380000,0x000000076d480000)
 ParOldGen       total 175104K, used 31691K [0x00000006c1c00000, 0x00000006cc700000, 0x000000076b400000)
  object space 175104K, 18% used [0x00000006c1c00000,0x00000006c3af2e40,0x00000006cc700000)
 Metaspace       used 9396K, capacity 9741K, committed 9856K, reserved 1058816K
  class space    used 974K, capacity 1057K, committed 1152K, reserved 1048576K
}
Event: 109.283 GC heap before
{Heap before GC invocations=82 (full 0):
 PSYoungGen      total 32256K, used 31584K [0x000000076b400000, 0x000000076d480000, 0x00000007c0000000)
  eden space 31232K, 100% used [0x000000076b400000,0x000000076d280000,0x000000076d280000)
  from space 1024K, 34% used [0x000000076d280000,0x000000076d2d8000,0x000000076d380000)
  to   space 1024K, 0% used [0x000000076d380000,0x000000076d380000,0x000000076d480000)
 ParOldGen       total 175104K, used 31691K [0x00000006c1c00000, 0x00000006cc700000, 0x000000076b400000)
  object space 175104K, 18% used [0x00000006c1c00000,0x00000006c3af2e40,0x00000006cc700000)
 Metaspace       used 9396K, capacity 9741K, committed 9856K, reserved 1058816K
  class space    used 974K, capacity 1057K, committed 1152K, reserved 1048576K
Event: 109.284 GC heap after
Heap after GC invocations=82 (full 0):
 PSYoungGen      total 32256K, used 160K [0x000000076b400000, 0x000000076d480000, 0x00000007c0000000)
  eden space 31232K, 0% used [0x000000076b400000,0x000000076b400000,0x000000076d280000)
  from space 1024K, 15% used [0x000000076d380000,0x000000076d3a8000,0x000000076d480000)
  to   space 1024K, 0% used [0x000000076d280000,0x000000076d280000,0x000000076d380000)
 ParOldGen       total 175104K, used 32035K [0x00000006c1c00000, 0x00000006cc700000, 0x000000076b400000)
  object space 175104K, 18% used [0x00000006c1c00000,0x00000006c3b48e40,0x00000006cc700000)
 Metaspace       used 9396K, capacity 9741K, committed 9856K, reserved 1058816K
  class space    used 974K, capacity 1057K, committed 1152K, reserved 1048576K
}
Event: 111.050 GC heap before
{Heap before GC invocations=83 (full 0):
 PSYoungGen      total 32256K, used 31392K [0x000000076b400000, 0x000000076d480000, 0x00000007c0000000)
  eden space 31232K, 100% used [0x000000076b400000,0x000000076d280000,0x000000076d280000)
  from space 1024K, 15% used [0x000000076d380000,0x000000076d3a8000,0x000000076d480000)
  to   space 1024K, 0% used [0x000000076d280000,0x000000076d280000,0x000000076d380000)
 ParOldGen       total 175104K, used 32035K [0x00000006c1c00000, 0x00000006cc700000, 0x000000076b400000)
  object space 175104K, 18% used [0x00000006c1c00000,0x00000006c3b48e40,0x00000006cc700000)
 Metaspace       used 9396K, capacity 9741K, committed 9856K, reserved 1058816K
  class space    used 974K, capacity 1057K, committed 1152K, reserved 1048576K
Event: 111.052 GC heap after
Heap after GC invocations=83 (full 0):
 PSYoungGen      total 32256K, used 160K [0x000000076b400000, 0x000000076d480000, 0x00000007c0000000)
  eden space 31232K, 0% used [0x000000076b400000,0x000000076b400000,0x000000076d280000)
  from space 1024K, 15% used [0x000000076d280000,0x000000076d2a8000,0x000000076d380000)
  to   space 1024K, 0% used [0x000000076d380000,0x000000076d380000,0x000000076d480000)
 ParOldGen       total 175104K, used 32163K [0x00000006c1c00000, 0x00000006cc700000, 0x000000076b400000)
  object space 175104K, 18% used [0x00000006c1c00000,0x00000006c3b68e40,0x00000006cc700000)
 Metaspace       used 9396K, capacity 9741K, committed 9856K, reserved 1058816K
  class space    used 974K, capacity 1057K, committed 1152K, reserved 1048576K
}
Event: 112.483 GC heap before
{Heap before GC invocations=84 (full 0):
 PSYoungGen      total 32256K, used 31392K [0x000000076b400000, 0x000000076d480000, 0x00000007c0000000)
  eden space 31232K, 100% used [0x000000076b400000,0x000000076d280000,0x000000076d280000)
  from space 1024K, 15% used [0x000000076d280000,0x000000076d2a8000,0x000000076d380000)
  to   space 1024K, 0% used [0x000000076d380000,0x000000076d380000,0x000000076d480000)
 ParOldGen       total 175104K, used 32163K [0x00000006c1c00000, 0x00000006cc700000, 0x000000076b400000)
  object space 175104K, 18% used [0x00000006c1c00000,0x00000006c3b68e40,0x00000006cc700000)
 Metaspace       used 9396K, capacity 9741K, committed 9856K, reserved 1058816K
  class space    used 974K, capacity 1057K, committed 1152K, reserved 1048576K
Event: 112.487 GC heap after
Heap after GC invocations=84 (full 0):
 PSYoungGen      total 32256K, used 96K [0x000000076b400000, 0x000000076d480000, 0x00000007c0000000)
  eden space 31232K, 0% used [0x000000076b400000,0x000000076b400000,0x000000076d280000)
  from space 1024K, 9% used [0x000000076d380000,0x000000076d398000,0x000000076d480000)
  to   space 1024K, 0% used [0x000000076d280000,0x000000076d280000,0x000000076d380000)
 ParOldGen       total 175104K, used 32307K [0x00000006c1c00000, 0x00000006cc700000, 0x000000076b400000)
  object space 175104K, 18% used [0x00000006c1c00000,0x00000006c3b8ce40,0x00000006cc700000)
 Metaspace       used 9396K, capacity 9741K, committed 9856K, reserved 1058816K
  class space    used 974K, capacity 1057K, committed 1152K, reserved 1048576K
}
Event: 114.016 GC heap before
{Heap before GC invocations=85 (full 0):
 PSYoungGen      total 32256K, used 31328K [0x000000076b400000, 0x000000076d480000, 0x00000007c0000000)
  eden space 31232K, 100% used [0x000000076b400000,0x000000076d280000,0x000000076d280000)
  from space 1024K, 9% used [0x000000076d380000,0x000000076d398000,0x000000076d480000)
  to   space 1024K, 0% used [0x000000076d280000,0x000000076d280000,0x000000076d380000)
 ParOldGen       total 175104K, used 32307K [0x00000006c1c00000, 0x00000006cc700000, 0x000000076b400000)
  object space 175104K, 18% used [0x00000006c1c00000,0x00000006c3b8ce40,0x00000006cc700000)
 Metaspace       used 9396K, capacity 9741K, committed 9856K, reserved 1058816K
  class space    used 974K, capacity 1057K, committed 1152K, reserved 1048576K
Event: 114.018 GC heap after
Heap after GC invocations=85 (full 0):
 PSYoungGen      total 32256K, used 352K [0x000000076b400000, 0x000000076d480000, 0x00000007c0000000)
  eden space 31232K, 0% used [0x000000076b400000,0x000000076b400000,0x000000076d280000)
  from space 1024K, 34% used [0x000000076d280000,0x000000076d2d8000,0x000000076d380000)
  to   space 1024K, 0% used [0x000000076d380000,0x000000076d380000,0x000000076d480000)
 ParOldGen       total 175104K, used 32403K [0x00000006c1c00000, 0x00000006cc700000, 0x000000076b400000)
  object space 175104K, 18% used [0x00000006c1c00000,0x00000006c3ba4e40,0x00000006cc700000)
 Metaspace       used 9396K, capacity 9741K, committed 9856K, reserved 1058816K
  class space    used 974K, capacity 1057K, committed 1152K, reserved 1048576K
}

Deoptimization events (10 events):
Event: 73.102 Thread 0x000000000225e800 Uncommon trap: reason=class_check action=maybe_recompile pc=0x0000000002b6865c method=game.levels.LevelOverworld.lambda$0()V @ 120
Event: 77.438 Thread 0x000000000225e800 Uncommon trap: reason=unstable_if action=reinterpret pc=0x0000000002c1fdf8 method=game.projectiles.FlyingArrow.update(F)V @ 200
Event: 81.451 Thread 0x000000000225e800 Uncommon trap: reason=unstable_if action=reinterpret pc=0x0000000002c60474 method=game.projectiles.FlyingArrow.update(F)V @ 313
Event: 81.842 Thread 0x000000000225e800 Uncommon trap: reason=unstable_if action=reinterpret pc=0x0000000002b0395c method=game.projectiles.FlyingArrow.update(F)V @ 276
Event: 89.267 Thread 0x000000000225e800 Uncommon trap: reason=unstable_if action=reinterpret pc=0x0000000002d08708 method=game.GameObject.step(FF)V @ 54
Event: 89.284 Thread 0x000000000225e800 Uncommon trap: reason=unstable_if action=reinterpret pc=0x0000000002eda2a0 method=game.GameObject.step(FF)V @ 54
Event: 89.301 Thread 0x000000000225e800 Uncommon trap: reason=unstable_if action=reinterpret pc=0x0000000002eed0d0 method=game.GameObject.step(FF)V @ 54
Event: 91.036 Thread 0x000000000225e800 Uncommon trap: reason=class_check action=maybe_recompile pc=0x0000000002ce84a0 method=java.util.TimSort.binarySort([Ljava/lang/Object;IIILjava/util/Comparator;)V @ 93
Event: 96.200 Thread 0x000000000225e800 Uncommon trap: reason=unstable_if action=reinterpret pc=0x0000000002bdb9ec method=game.environment.GrassBlock.getHitbox()Lutils/Hitbox; @ 582
Event: 96.933 Thread 0x000000000225e800 Uncommon trap: reason=unstable_if action=reinterpret pc=0x0000000002ce87a4 method=sun.awt.geom.AreaOp$1.compare(Ljava/lang/Object;Ljava/lang/Object;)I @ 52

Classes redefined (0 events):
No events

Internal exceptions (10 events):
Event: 0.039 Thread 0x000000000225e800 Exception <a 'java/lang/NoSuchMethodError': Method sun.misc.Unsafe.prefetchRead(Ljava/lang/Object;J)V name or signature does not match> (0x000000076b407f98) thrown at [C:\re\workspace\8-2-build-windows-amd64-cygwin\jdk8u181\11358\hotspot\src\share\vm\prim
Event: 0.309 Thread 0x000000000225e800 Exception <a 'java/security/PrivilegedActionException'> (0x000000076b4a9350) thrown at [C:\re\workspace\8-2-build-windows-amd64-cygwin\jdk8u181\11358\hotspot\src\share\vm\prims\jvm.cpp, line 1435]
Event: 0.309 Thread 0x000000000225e800 Exception <a 'java/security/PrivilegedActionException'> (0x000000076b4a9560) thrown at [C:\re\workspace\8-2-build-windows-amd64-cygwin\jdk8u181\11358\hotspot\src\share\vm\prims\jvm.cpp, line 1435]
Event: 0.310 Thread 0x000000000225e800 Exception <a 'java/security/PrivilegedActionException'> (0x000000076b4ad1d0) thrown at [C:\re\workspace\8-2-build-windows-amd64-cygwin\jdk8u181\11358\hotspot\src\share\vm\prims\jvm.cpp, line 1435]
Event: 0.310 Thread 0x000000000225e800 Exception <a 'java/security/PrivilegedActionException'> (0x000000076b4ad3e0) thrown at [C:\re\workspace\8-2-build-windows-amd64-cygwin\jdk8u181\11358\hotspot\src\share\vm\prims\jvm.cpp, line 1435]
Event: 0.354 Thread 0x000000000225e800 Exception <a 'java/io/FileNotFoundException'> (0x000000076b4bbba8) thrown at [C:\re\workspace\8-2-build-windows-amd64-cygwin\jdk8u181\11358\hotspot\src\share\vm\prims\jni.cpp, line 709]
Event: 0.392 Thread 0x000000000225e800 Exception <a 'java/lang/NoSuchFieldError': method resolution failed> (0x000000076b6d4548) thrown at [C:\re\workspace\8-2-build-windows-amd64-cygwin\jdk8u181\11358\hotspot\src\share\vm\prims\methodHandles.cpp, line 1167]
Event: 0.394 Thread 0x000000000225e800 Exception <a 'java/lang/NoSuchFieldError': method resolution failed> (0x000000076b6e1918) thrown at [C:\re\workspace\8-2-build-windows-amd64-cygwin\jdk8u181\11358\hotspot\src\share\vm\prims\methodHandles.cpp, line 1167]
Event: 1.653 Thread 0x000000000225e800 Implicit null exception at 0x0000000002af57a7 to 0x0000000002af58d1
Event: 14.306 Thread 0x000000000225e800 Implicit null exception at 0x0000000002e2b9d5 to 0x0000000002e2decd

Events (10 events):
Event: 114.383 loading class java/util/IdentityHashMap$KeyIterator
Event: 114.383 loading class java/util/IdentityHashMap$KeyIterator done
Event: 114.384 Thread 0x000000001dad4800 Thread added: 0x000000001dad4800
Event: 114.384 Thread 0x000000001dad5800 Thread added: 0x000000001dad5800
Event: 114.387 Thread 0x000000001dad6000 Thread added: 0x000000001dad6000
Event: 114.387 Thread 0x000000001dad5800 Thread exited: 0x000000001dad5800
Event: 114.388 Thread 0x000000001dd04800 Thread exited: 0x000000001dd04800
Event: 114.487 Thread 0x000000001dad4800 Thread exited: 0x000000001dad4800
Event: 114.488 Thread 0x000000001c1b4000 Thread exited: 0x000000001c1b4000
Event: 114.488 Executing VM operation: Exit


Dynamic libraries:
0x000000013fc20000 - 0x000000013fc57000 	C:\Program Files\Java\jre1.8.0_181\bin\javaw.exe
0x0000000076d80000 - 0x0000000076f2a000 	C:\windows\SYSTEM32\ntdll.dll
0x0000000076c60000 - 0x0000000076d7f000 	C:\windows\system32\kernel32.dll
0x000007fefcbd0000 - 0x000007fefcc3a000 	C:\windows\system32\KERNELBASE.dll
0x000007fefd060000 - 0x000007fefd13b000 	C:\windows\system32\ADVAPI32.dll
0x000007fefe290000 - 0x000007fefe32f000 	C:\windows\system32\msvcrt.dll
0x000007fefeb50000 - 0x000007fefeb6f000 	C:\windows\SYSTEM32\sechost.dll
0x000007fefee60000 - 0x000007fefef8d000 	C:\windows\system32\RPCRT4.dll
0x0000000076b60000 - 0x0000000076c5a000 	C:\windows\system32\USER32.dll
0x000007fefe6c0000 - 0x000007fefe727000 	C:\windows\system32\GDI32.dll
0x000007fefec60000 - 0x000007fefec6e000 	C:\windows\system32\LPK.dll
0x000007fefef90000 - 0x000007feff05a000 	C:\windows\system32\USP10.dll
0x000007fefae80000 - 0x000007fefb074000 	C:\windows\WinSxS\amd64_microsoft.windows.common-controls_6595b64144ccf1df_6.0.7601.18837_none_fa3b1e3d17594757\COMCTL32.dll
0x000007fefcfe0000 - 0x000007fefd051000 	C:\windows\system32\SHLWAPI.dll
0x000007fefe730000 - 0x000007fefe75e000 	C:\windows\system32\IMM32.DLL
0x000007fefce50000 - 0x000007fefcf59000 	C:\windows\system32\MSCTF.dll
0x0000000078ee0000 - 0x0000000078fb2000 	C:\Program Files\Java\jre1.8.0_181\bin\msvcr100.dll
0x0000000070440000 - 0x0000000070ce2000 	C:\Program Files\Java\jre1.8.0_181\bin\server\jvm.dll
0x000007fef6f20000 - 0x000007fef6f29000 	C:\windows\system32\WSOCK32.dll
0x000007fefec10000 - 0x000007fefec5d000 	C:\windows\system32\WS2_32.dll
0x000007fefce40000 - 0x000007fefce48000 	C:\windows\system32\NSI.dll
0x000007fefa960000 - 0x000007fefa99b000 	C:\windows\system32\WINMM.dll
0x000007fefbad0000 - 0x000007fefbadc000 	C:\windows\system32\VERSION.dll
0x0000000076f50000 - 0x0000000076f57000 	C:\windows\system32\PSAPI.DLL
0x000000006cc20000 - 0x000000006cc2f000 	C:\Program Files\Java\jre1.8.0_181\bin\verify.dll
0x0000000067100000 - 0x0000000067129000 	C:\Program Files\Java\jre1.8.0_181\bin\java.dll
0x0000000067140000 - 0x0000000067156000 	C:\Program Files\Java\jre1.8.0_181\bin\zip.dll
0x000007fefd500000 - 0x000007fefe28a000 	C:\windows\system32\SHELL32.dll
0x000007fefe940000 - 0x000007fefeb43000 	C:\windows\system32\ole32.dll
0x000007fefca80000 - 0x000007fefca8f000 	C:\windows\system32\profapi.dll
0x000000006ce40000 - 0x000000006cfd9000 	C:\Program Files\Java\jre1.8.0_181\bin\awt.dll
0x000007fefd420000 - 0x000007fefd4fa000 	C:\windows\system32\OLEAUT32.dll
0x000007fefb4c0000 - 0x000007fefb516000 	C:\windows\system32\uxtheme.dll
0x000007fefbab0000 - 0x000007fefbac8000 	C:\windows\system32\dwmapi.dll
0x000007fefc920000 - 0x000007fefc92f000 	C:\windows\system32\CRYPTBASE.dll
0x0000000180000000 - 0x0000000180051000 	C:\Users\Admin\Documents\Java Libraries\LWJGL 2\natives\lwjgl64.dll
0x000007fec37d0000 - 0x000007fec38ed000 	C:\windows\system32\OPENGL32.dll
0x000007fec3c20000 - 0x000007fec3c4d000 	C:\windows\system32\GLU32.dll
0x000007fec36d0000 - 0x000007fec37c1000 	C:\windows\system32\DDRAW.dll
0x000007fec3c10000 - 0x000007fec3c18000 	C:\windows\system32\DCIMAN32.dll
0x000007fefe760000 - 0x000007fefe937000 	C:\windows\system32\SETUPAPI.dll
0x000007fefcc50000 - 0x000007fefcc86000 	C:\windows\system32\CFGMGR32.dll
0x000007fefcaa0000 - 0x000007fefcaba000 	C:\windows\system32\DEVOBJ.dll
0x000007fef4f10000 - 0x000007fef4f28000 	C:\windows\system32\atig6pxx.dll
0x000007fee4c30000 - 0x000007fee4d71000 	C:\windows\system32\atiadlxx.dll
0x000007fefb6e0000 - 0x000007fefb80c000 	C:\windows\system32\PROPSYS.dll
0x000007fefccb0000 - 0x000007fefccce000 	C:\windows\system32\USERENV.dll
0x000007fefbb10000 - 0x000007fefbb21000 	C:\windows\system32\WTSAPI32.dll
0x000007fef95d0000 - 0x000007fef95f7000 	C:\windows\system32\IPHLPAPI.DLL
0x000007fef95c0000 - 0x000007fef95cb000 	C:\windows\system32\WINNSI.DLL
0x000007fefcae0000 - 0x000007fefcb1b000 	C:\windows\system32\WINTRUST.dll
0x000007fefccd0000 - 0x000007fefce3d000 	C:\windows\system32\CRYPT32.dll
0x000007fefca90000 - 0x000007fefca9f000 	C:\windows\system32\MSASN1.dll
0x000007feaffd0000 - 0x000007feb0d19000 	C:\windows\system32\ig9icd64.dll
0x000007fef2a40000 - 0x000007fef2a6c000 	C:\windows\system32\atig6txx.dll
0x000007fef9900000 - 0x000007fef999c000 	C:\windows\system32\mscms.dll
0x000007fef9a50000 - 0x000007fef9a92000 	C:\windows\system32\icm32.dll
0x000007feed6e0000 - 0x000007feee83c000 	C:\windows\system32\igc64.dll
0x000007fef2750000 - 0x000007fef27a5000 	C:\Program Files (x86)\obs-studio\data\obs-plugins\win-capture\graphics-hook64.dll
0x000000006cc10000 - 0x000000006cc1c000 	C:\Program Files\Java\jre1.8.0_181\bin\jsound.dll
0x0000000067130000 - 0x000000006713b000 	C:\Program Files\Java\jre1.8.0_181\bin\jsoundds.dll
0x000007fee2020000 - 0x000007fee20a8000 	C:\windows\system32\DSOUND.dll
0x000007fefbae0000 - 0x000007fefbb0c000 	C:\windows\system32\POWRPROF.dll
0x000007fefb810000 - 0x000007fefb85b000 	C:\windows\system32\MMDevAPI.DLL
0x000007fefa8e0000 - 0x000007fefa91b000 	C:\windows\system32\wdmaud.drv
0x0000000074820000 - 0x0000000074826000 	C:\windows\system32\ksuser.dll
0x000007fefb650000 - 0x000007fefb659000 	C:\windows\system32\AVRT.dll
0x000007fefa660000 - 0x000007fefa6af000 	C:\windows\system32\AUDIOSES.DLL
0x000007fefa4b0000 - 0x000007fefa4ba000 	C:\windows\system32\msacm32.drv
0x000007fefa490000 - 0x000007fefa4a8000 	C:\windows\system32\MSACM32.dll
0x000007fefa480000 - 0x000007fefa489000 	C:\windows\system32\midimap.dll
0x000007fefe600000 - 0x000007fefe699000 	C:\windows\system32\CLBCatQ.DLL
0x000007fee6960000 - 0x000007fee6a85000 	C:\windows\system32\dbghelp.dll

VM Arguments:
jvm_args: -Djava.library.path=C:\Users\Admin\Documents\Java Libraries\LWJGL 2\natives;C:\Users\Admin\Documents\Java Libraries\LWJGL 2\natives -Dfile.encoding=Cp1252 
java_command: game.Game
java_class_path (initial): C:\Users\Magmi\workspace\DimensionsLWJGL\bin;C:\Users\Admin\Documents\Java Libraries\LWJGL 2\jars\lwjgl.jar;C:\Users\Admin\Documents\Java Libraries\LWJGL 2\jars\lwjgl_util.jar;C:\Users\Admin\Documents\Java Libraries\LWJGL 2\jars\slick-util.jar
Launcher Type: SUN_STANDARD

Environment Variables:
PATH=C:/Program Files/Java/jre1.8.0_181/bin/server;C:/Program Files/Java/jre1.8.0_181/bin;C:/Program Files/Java/jre1.8.0_181/lib/amd64;C:\Program Files (x86)\Common Files\Oracle\Java\javapath;C:\ProgramData\Oracle\Java\javapath;C:\Program Files\Common Files\Microsoft Shared\Windows Live;C:\Program Files (x86)\Common Files\Microsoft Shared\Windows Live;C:\Program Files (x86)\Intel\iCLS Client\;C:\Program Files\Intel\iCLS Client\;C:\windows\system32;C:\windows;C:\windows\System32\Wbem;C:\windows\System32\WindowsPowerShell\v1.0\;C:\Program Files (x86)\Intel\Intel(R) Management Engine Components\DAL;C:\Program Files\Intel\Intel(R) Management Engine Components\DAL;C:\Program Files (x86)\Intel\Intel(R) Management Engine Components\IPT;C:\Program Files\Intel\Intel(R) Management Engine Components\IPT;C:\Program Files (x86)\ATI Technologies\ATI.ACE\Core-Static;C:\Program Files (x86)\Common Files\Lenovo;C:\ProgramData\Lenovo\ReadyApps;C:\Program Files (x86)\Common Files\lenovo\easyplussdk\bin;C:\Program Files (x86)\Windows Live\Shared;C:\Program Files\Git\cmd;C:\Program Files\Intel\WiFi\bin\;C:\Program Files\Common Files\Intel\WirelessCommon\;C:\Program Files (x86)\Lenovo\Access Connections\;C:\Users\Admin\AppData\Local\Programs\Python\Launcher\;C:\Program Files\Intel\WiFi\bin\;C:\Program Files\Common Files\Intel\WirelessCommon\;C:\Program Files\Eclipse;
USERNAME=Admin
OS=Windows_NT
PROCESSOR_IDENTIFIER=Intel64 Family 6 Model 78 Stepping 3, GenuineIntel



---------------  S Y S T E M  ---------------

OS: Windows 7 , 64 bit Build 7601 (6.1.7601.23572)

CPU:total 4 (initial active 4) (2 cores per cpu, 2 threads per core) family 6 model 78 stepping 3, cmov, cx8, fxsr, mmx, sse, sse2, sse3, ssse3, sse4.1, sse4.2, popcnt, avx, avx2, aes, clmul, erms, 3dnowpref, lzcnt, ht, tsc, tscinvbit, bmi1, bmi2, adx

Memory: 4k page, physical 16657452k(8702832k free), swap 33232920k(16476064k free)

vm_info: Java HotSpot(TM) 64-Bit Server VM (25.181-b13) for windows-amd64 JRE (1.8.0_181-b13), built on Jul  7 2018 04:01:33 by "java_re" with MS VC++ 10.0 (VS2010)

time: Tue Dec 04 21:11:27 2018
elapsed time: 114 seconds (0d 0h 1m 54s)

