#
# A fatal error has been detected by the Java Runtime Environment:
#
#  EXCEPTION_ACCESS_VIOLATION (0xc0000005) at pc=0x000007feb088a5ce, pid=15944, tid=0x0000000000002e28
#
# JRE version: Java(TM) SE Runtime Environment (8.0_181-b13) (build 1.8.0_181-b13)
# Java VM: Java HotSpot(TM) 64-Bit Server VM (25.181-b13 mixed mode windows-amd64 compressed oops)
# Problematic frame:
# C  [ig9icd64.dll+0x8ba5ce]
#
# Failed to write core dump. Minidumps are not enabled by default on client versions of Windows
#
# If you would like to submit a bug report, please visit:
#   http://bugreport.java.com/bugreport/crash.jsp
#

---------------  T H R E A D  ---------------

Current thread (0x000000001bdeb000):  VMThread [stack: 0x000000001cf20000,0x000000001d020000] [id=11816]

siginfo: ExceptionCode=0xc0000005, reading address 0x0000000000001158

Registers:
RAX=0x00000000004049d0, RBX=0x000007fee4d880b4, RCX=0x0000000000000001, RDX=0x000007fee4d880a8
RSP=0x000000001d01f568, RBP=0x000007fee4d88070, RSI=0x0000000000020000, RDI=0x0000000000000000
R8 =0x0000000000000000, R9 =0x0000000000000018, R10=0x00000000c0000008, R11=0x0000000000000246
R12=0x000007fffffdb000, R13=0x000007fffffae000, R14=0x0000000076eb2bc0, R15=0x0000000076ead670
RIP=0x000007feb088a5ce, EFLAGS=0x0000000000010246

Top of Stack: (sp=0x000000001d01f568)
0x000000001d01f568:   000007fee4d44670 000007fffffdb000
0x000000001d01f578:   000007fefb6e937b 0000000076ead670
0x000000001d01f588:   0000000000000000 000000001bcd5400
0x000000001d01f598:   000007fee4d45bf4 0000000000000000
0x000000001d01f5a8:   0000000000020000 0000000000000000
0x000000001d01f5b8:   0000000000000001 000007fec37d0000
0x000000001d01f5c8:   000007fec37f752d 0000000000000000
0x000000001d01f5d8:   0000000000000000 000007fef2771310
0x000000001d01f5e8:   0000000076c81a0a 0000000000000001
0x000000001d01f5f8:   000007fec37dc1ef 0000000000000001
0x000000001d01f608:   0000000000000000 0000000000000000
0x000000001d01f618:   000000001f1c4e70 0000000000000000
0x000000001d01f628:   000007fec37dc586 000000018001c560
0x000000001d01f638:   000000001f1c4e70 000000018001c558
0x000000001d01f648:   0000000076c81a0a 0000000000000000
0x000000001d01f658:   000007fec38aa1c3 0000000000000001 

Instructions: (pc=0x000007feb088a5ce)
0x000007feb088a5ae:   cc cc 44 8b 05 95 a6 3d 00 65 48 8b 04 25 58 00
0x000007feb088a5be:   00 00 41 b9 18 00 00 00 4a 8b 04 c0 4e 8b 04 08
0x000007feb088a5ce:   49 ff a0 58 11 00 00 cc cc cc cc cc cc cc cc cc
0x000007feb088a5de:   cc cc 44 8b 05 65 a6 3d 00 65 48 8b 04 25 58 00 


Register to memory mapping:

RAX=0x00000000004049d0 is an unknown value
RBX=0x000007fee4d880b4 is an unknown value
RCX=0x0000000000000001 is an unknown value
RDX=0x000007fee4d880a8 is an unknown value
RSP=0x000000001d01f568 is an unknown value
RBP=0x000007fee4d88070 is an unknown value
RSI=0x0000000000020000 is an unknown value
RDI=0x0000000000000000 is an unknown value
R8 =0x0000000000000000 is an unknown value
R9 =0x0000000000000018 is an unknown value
R10=0x00000000c0000008 is an unknown value
R11=0x0000000000000246 is an unknown value
R12=0x000007fffffdb000 is an unknown value
R13=0x000007fffffae000 is an unknown value
R14=0x0000000076eb2bc0 is an unknown value
R15=0x0000000076ead670 is an unknown value


Stack: [0x000000001cf20000,0x000000001d020000],  sp=0x000000001d01f568,  free space=1021k
Native frames: (J=compiled Java code, j=interpreted, Vv=VM code, C=native code)
C  [ig9icd64.dll+0x8ba5ce]

VM_Operation (0x000000000257ec80): Exit, mode: safepoint, requested by thread 0x000000000013e800


---------------  P R O C E S S  ---------------

Java Threads: ( => current thread )
  0x000000005e36c800 JavaThread "AWT-Shutdown" [_thread_blocked, id=23044, stack(0x000000002b260000,0x000000002b360000)]
  0x000000005e36b000 JavaThread "Direct Clip" daemon [_thread_blocked, id=30932, stack(0x000000002a6c0000,0x000000002a7c0000)]
  0x000000005e36a000 JavaThread "Direct Clip" daemon [_thread_blocked, id=30676, stack(0x0000000027c40000,0x0000000027d40000)]
  0x000000005e369800 JavaThread "Java Sound Event Dispatcher" daemon [_thread_blocked, id=20652, stack(0x0000000027450000,0x0000000027550000)]
  0x000000001e5b5000 JavaThread "LWJGL Timer" daemon [_thread_blocked, id=31396, stack(0x000000001f6e0000,0x000000001f7e0000)]
  0x000000001dd7a000 JavaThread "Java2D Disposer" daemon [_thread_blocked, id=22380, stack(0x000000001ebf0000,0x000000001ecf0000)]
  0x000000001da24800 JavaThread "Service Thread" daemon [_thread_blocked, id=21488, stack(0x000000001e150000,0x000000001e250000)]
  0x000000001d9c1000 JavaThread "C1 CompilerThread2" daemon [_thread_blocked, id=16776, stack(0x000000001dfb0000,0x000000001e0b0000)]
  0x000000001d9c0800 JavaThread "C2 CompilerThread1" daemon [_thread_blocked, id=29808, stack(0x000000001d780000,0x000000001d880000)]
  0x000000001be55000 JavaThread "C2 CompilerThread0" daemon [_thread_blocked, id=8628, stack(0x000000001d8c0000,0x000000001d9c0000)]
  0x000000001be53800 JavaThread "Attach Listener" daemon [_thread_blocked, id=23648, stack(0x000000001d610000,0x000000001d710000)]
  0x000000001be3a000 JavaThread "Finalizer" daemon [_thread_blocked, id=14012, stack(0x000000001d230000,0x000000001d330000)]
  0x000000001bdf2800 JavaThread "Reference Handler" daemon [_thread_blocked, id=25980, stack(0x000000001d020000,0x000000001d120000)]
  0x000000000013e800 JavaThread "main" [_thread_blocked, id=29352, stack(0x0000000002480000,0x0000000002580000)]

Other Threads:
=>0x000000001bdeb000 VMThread [stack: 0x000000001cf20000,0x000000001d020000] [id=11816]

VM state:at safepoint (shutting down)

VM Mutex/Monitor currently owned by a thread:  ([mutex/lock_event])
[0x000000000013cf80] Threads_lock - owner thread: 0x000000001bdeb000

Heap:
 PSYoungGen      total 76288K, used 9690K [0x000000076b400000, 0x0000000770900000, 0x00000007c0000000)
  eden space 65536K, 3% used [0x000000076b400000,0x000000076b622460,0x000000076f400000)
  from space 10752K, 69% used [0x000000076fe80000,0x00000007705d43d0,0x0000000770900000)
  to   space 10752K, 0% used [0x000000076f400000,0x000000076f400000,0x000000076fe80000)
 ParOldGen       total 175104K, used 40K [0x00000006c1c00000, 0x00000006cc700000, 0x000000076b400000)
  object space 175104K, 0% used [0x00000006c1c00000,0x00000006c1c0a000,0x00000006cc700000)
 Metaspace       used 9144K, capacity 9473K, committed 9856K, reserved 1058816K
  class space    used 967K, capacity 1047K, committed 1152K, reserved 1048576K

Card table byte_map: [0x0000000011c10000,0x0000000012410000] byte_map_base: 0x000000000e602000

Marking Bits: (ParMarkBitMap*) 0x0000000070ee2d00
 Begin Bits: [0x0000000012d40000, 0x0000000016cd0000)
 End Bits:   [0x0000000016cd0000, 0x000000001ac60000)

Polling page: 0x0000000000120000

CodeCache: size=245760Kb used=5264Kb max_used=5271Kb free=240495Kb
 bounds [0x0000000002850000, 0x0000000002d90000, 0x0000000011850000]
 total_blobs=1912 nmethods=1408 adapters=417
 compilation: enabled

Compilation events (10 events):
Event: 10.049 Thread 0x000000001be55000 nmethod 1405 0x0000000002d66690 code [0x0000000002d66800, 0x0000000002d668c8]
Event: 10.071 Thread 0x000000001d9c0800 nmethod 1404 0x0000000002d77a10 code [0x0000000002d77fe0, 0x0000000002d7be60]
Event: 10.080 Thread 0x000000001d9c1000 1407       3       java.util.TimSort::mergeForceCollapse (50 bytes)
Event: 10.080 Thread 0x000000001d9c1000 nmethod 1407 0x0000000002d67110 code [0x0000000002d67280, 0x0000000002d67588]
Event: 10.080 Thread 0x000000001d9c1000 1406       3       java.util.TimSort::<init> (184 bytes)
Event: 10.082 Thread 0x000000001d9c1000 nmethod 1406 0x0000000002d65990 code [0x0000000002d65b40, 0x0000000002d663f8]
Event: 10.082 Thread 0x000000001d9c1000 1408       3       game.creature.monster.MonsterSlime::render (101 bytes)
Event: 10.082 Thread 0x000000001d9c1000 nmethod 1408 0x0000000002d64b50 code [0x0000000002d64d60, 0x0000000002d65718]
Event: 10.082 Thread 0x000000001d9c1000 1409       3       game.creature.monster.MonsterSlime::renderGUI (54 bytes)
Event: 10.083 Thread 0x000000001d9c1000 nmethod 1409 0x0000000002d6b050 code [0x0000000002d6b280, 0x0000000002d6bcb8]

GC Heap History (8 events):
Event: 0.784 GC heap before
{Heap before GC invocations=1 (full 0):
 PSYoungGen      total 76288K, used 65536K [0x000000076b400000, 0x0000000770900000, 0x00000007c0000000)
  eden space 65536K, 100% used [0x000000076b400000,0x000000076f400000,0x000000076f400000)
  from space 10752K, 0% used [0x000000076fe80000,0x000000076fe80000,0x0000000770900000)
  to   space 10752K, 0% used [0x000000076f400000,0x000000076f400000,0x000000076fe80000)
 ParOldGen       total 175104K, used 0K [0x00000006c1c00000, 0x00000006cc700000, 0x000000076b400000)
  object space 175104K, 0% used [0x00000006c1c00000,0x00000006c1c00000,0x00000006cc700000)
 Metaspace       used 7284K, capacity 7463K, committed 7552K, reserved 1056768K
  class space    used 773K, capacity 840K, committed 896K, reserved 1048576K
Event: 0.787 GC heap after
Heap after GC invocations=1 (full 0):
 PSYoungGen      total 76288K, used 2705K [0x000000076b400000, 0x0000000770900000, 0x00000007c0000000)
  eden space 65536K, 0% used [0x000000076b400000,0x000000076b400000,0x000000076f400000)
  from space 10752K, 25% used [0x000000076f400000,0x000000076f6a47f8,0x000000076fe80000)
  to   space 10752K, 0% used [0x000000076fe80000,0x000000076fe80000,0x0000000770900000)
 ParOldGen       total 175104K, used 16K [0x00000006c1c00000, 0x00000006cc700000, 0x000000076b400000)
  object space 175104K, 0% used [0x00000006c1c00000,0x00000006c1c04000,0x00000006cc700000)
 Metaspace       used 7284K, capacity 7463K, committed 7552K, reserved 1056768K
  class space    used 773K, capacity 840K, committed 896K, reserved 1048576K
}
Event: 4.446 GC heap before
{Heap before GC invocations=2 (full 0):
 PSYoungGen      total 76288K, used 68241K [0x000000076b400000, 0x0000000770900000, 0x00000007c0000000)
  eden space 65536K, 100% used [0x000000076b400000,0x000000076f400000,0x000000076f400000)
  from space 10752K, 25% used [0x000000076f400000,0x000000076f6a47f8,0x000000076fe80000)
  to   space 10752K, 0% used [0x000000076fe80000,0x000000076fe80000,0x0000000770900000)
 ParOldGen       total 175104K, used 16K [0x00000006c1c00000, 0x00000006cc700000, 0x000000076b400000)
  object space 175104K, 0% used [0x00000006c1c00000,0x00000006c1c04000,0x00000006cc700000)
 Metaspace       used 8495K, capacity 8811K, committed 8960K, reserved 1056768K
  class space    used 899K, capacity 978K, committed 1024K, reserved 1048576K
Event: 4.453 GC heap after
Heap after GC invocations=2 (full 0):
 PSYoungGen      total 76288K, used 3364K [0x000000076b400000, 0x0000000770900000, 0x00000007c0000000)
  eden space 65536K, 0% used [0x000000076b400000,0x000000076b400000,0x000000076f400000)
  from space 10752K, 31% used [0x000000076fe80000,0x00000007701c9390,0x0000000770900000)
  to   space 10752K, 0% used [0x000000076f400000,0x000000076f400000,0x000000076fe80000)
 ParOldGen       total 175104K, used 24K [0x00000006c1c00000, 0x00000006cc700000, 0x000000076b400000)
  object space 175104K, 0% used [0x00000006c1c00000,0x00000006c1c06000,0x00000006cc700000)
 Metaspace       used 8495K, capacity 8811K, committed 8960K, reserved 1056768K
  class space    used 899K, capacity 978K, committed 1024K, reserved 1048576K
}
Event: 8.429 GC heap before
{Heap before GC invocations=3 (full 0):
 PSYoungGen      total 76288K, used 68900K [0x000000076b400000, 0x0000000770900000, 0x00000007c0000000)
  eden space 65536K, 100% used [0x000000076b400000,0x000000076f400000,0x000000076f400000)
  from space 10752K, 31% used [0x000000076fe80000,0x00000007701c9390,0x0000000770900000)
  to   space 10752K, 0% used [0x000000076f400000,0x000000076f400000,0x000000076fe80000)
 ParOldGen       total 175104K, used 24K [0x00000006c1c00000, 0x00000006cc700000, 0x000000076b400000)
  object space 175104K, 0% used [0x00000006c1c00000,0x00000006c1c06000,0x00000006cc700000)
 Metaspace       used 8759K, capacity 9105K, committed 9216K, reserved 1056768K
  class space    used 912K, capacity 1011K, committed 1024K, reserved 1048576K
Event: 8.438 GC heap after
Heap after GC invocations=3 (full 0):
 PSYoungGen      total 76288K, used 3460K [0x000000076b400000, 0x0000000770900000, 0x00000007c0000000)
  eden space 65536K, 0% used [0x000000076b400000,0x000000076b400000,0x000000076f400000)
  from space 10752K, 32% used [0x000000076f400000,0x000000076f761390,0x000000076fe80000)
  to   space 10752K, 0% used [0x000000076fe80000,0x000000076fe80000,0x0000000770900000)
 ParOldGen       total 175104K, used 32K [0x00000006c1c00000, 0x00000006cc700000, 0x000000076b400000)
  object space 175104K, 0% used [0x00000006c1c00000,0x00000006c1c08000,0x00000006cc700000)
 Metaspace       used 8759K, capacity 9105K, committed 9216K, reserved 1056768K
  class space    used 912K, capacity 1011K, committed 1024K, reserved 1048576K
}
Event: 10.129 GC heap before
{Heap before GC invocations=4 (full 0):
 PSYoungGen      total 76288K, used 68996K [0x000000076b400000, 0x0000000770900000, 0x00000007c0000000)
  eden space 65536K, 100% used [0x000000076b400000,0x000000076f400000,0x000000076f400000)
  from space 10752K, 32% used [0x000000076f400000,0x000000076f761390,0x000000076fe80000)
  to   space 10752K, 0% used [0x000000076fe80000,0x000000076fe80000,0x0000000770900000)
 ParOldGen       total 175104K, used 32K [0x00000006c1c00000, 0x00000006cc700000, 0x000000076b400000)
  object space 175104K, 0% used [0x00000006c1c00000,0x00000006c1c08000,0x00000006cc700000)
 Metaspace       used 9144K, capacity 9473K, committed 9856K, reserved 1058816K
  class space    used 967K, capacity 1047K, committed 1152K, reserved 1048576K
Event: 10.143 GC heap after
Heap after GC invocations=4 (full 0):
 PSYoungGen      total 76288K, used 7504K [0x000000076b400000, 0x0000000770900000, 0x00000007c0000000)
  eden space 65536K, 0% used [0x000000076b400000,0x000000076b400000,0x000000076f400000)
  from space 10752K, 69% used [0x000000076fe80000,0x00000007705d43d0,0x0000000770900000)
  to   space 10752K, 0% used [0x000000076f400000,0x000000076f400000,0x000000076fe80000)
 ParOldGen       total 175104K, used 40K [0x00000006c1c00000, 0x00000006cc700000, 0x000000076b400000)
  object space 175104K, 0% used [0x00000006c1c00000,0x00000006c1c0a000,0x00000006cc700000)
 Metaspace       used 9144K, capacity 9473K, committed 9856K, reserved 1058816K
  class space    used 967K, capacity 1047K, committed 1152K, reserved 1048576K
}

Deoptimization events (10 events):
Event: 9.090 Thread 0x000000000013e800 Uncommon trap: reason=class_check action=maybe_recompile pc=0x0000000002caba50 method=utils.Hitbox.intersects(Lutils/Hitbox;)Z @ 4
Event: 9.090 Thread 0x000000000013e800 Uncommon trap: reason=unstable_if action=reinterpret pc=0x0000000002d17cd4 method=sun.awt.geom.AreaOp.pruneEdges(Ljava/util/Vector;)Ljava/util/Vector; @ 123
Event: 9.090 Thread 0x000000000013e800 Uncommon trap: reason=class_check action=maybe_recompile pc=0x0000000002caba50 method=utils.Hitbox.intersects(Lutils/Hitbox;)Z @ 4
Event: 9.100 Thread 0x000000000013e800 Uncommon trap: reason=unstable_if action=reinterpret pc=0x0000000002af5668 method=sun.misc.MetaIndex.mayContain(Ljava/lang/String;)Z @ 38
Event: 9.100 Thread 0x000000000013e800 Uncommon trap: reason=unstable_if action=reinterpret pc=0x0000000002aeef94 method=java.lang.String.indexOf([CII[CIII)I @ 134
Event: 9.110 Thread 0x000000000013e800 Uncommon trap: reason=unstable_if action=reinterpret pc=0x0000000002a92fd0 method=java.io.BufferedReader.readLine(Z)Ljava/lang/String; @ 153
Event: 9.110 Thread 0x000000000013e800 Uncommon trap: reason=unstable_if action=reinterpret pc=0x0000000002abdca0 method=java.lang.String.trim()Ljava/lang/String; @ 15
Event: 9.142 Thread 0x000000000013e800 Uncommon trap: reason=unstable_if action=reinterpret pc=0x0000000002a91380 method=java.util.Arrays.copyOf([Ljava/lang/Object;ILjava/lang/Class;)[Ljava/lang/Object; @ 3
Event: 9.160 Thread 0x000000000013e800 Uncommon trap: reason=unstable_if action=reinterpret pc=0x0000000002bef7c8 method=sun.misc.FloatingDecimal$BinaryToASCIIBuffer.dtoa(IJIZ)V @ 116
Event: 9.160 Thread 0x000000000013e800 Uncommon trap: reason=unstable_if action=reinterpret pc=0x0000000002c6ad94 method=sun.misc.FloatingDecimal$BinaryToASCIIBuffer.getChars([C)I @ 150

Classes redefined (0 events):
No events

Internal exceptions (10 events):
Event: 0.038 Thread 0x000000000013e800 Exception <a 'java/lang/NoSuchMethodError': Method sun.misc.Unsafe.defineClass(Ljava/lang/String;[BII)Ljava/lang/Class; name or signature does not match> (0x000000076b407cb0) thrown at [C:\re\workspace\8-2-build-windows-amd64-cygwin\jdk8u181\11358\hotspot
Event: 0.038 Thread 0x000000000013e800 Exception <a 'java/lang/NoSuchMethodError': Method sun.misc.Unsafe.prefetchRead(Ljava/lang/Object;J)V name or signature does not match> (0x000000076b407f98) thrown at [C:\re\workspace\8-2-build-windows-amd64-cygwin\jdk8u181\11358\hotspot\src\share\vm\prim
Event: 0.113 Thread 0x000000000013e800 Exception <a 'java/security/PrivilegedActionException'> (0x000000076b4a9350) thrown at [C:\re\workspace\8-2-build-windows-amd64-cygwin\jdk8u181\11358\hotspot\src\share\vm\prims\jvm.cpp, line 1435]
Event: 0.113 Thread 0x000000000013e800 Exception <a 'java/security/PrivilegedActionException'> (0x000000076b4a9560) thrown at [C:\re\workspace\8-2-build-windows-amd64-cygwin\jdk8u181\11358\hotspot\src\share\vm\prims\jvm.cpp, line 1435]
Event: 0.114 Thread 0x000000000013e800 Exception <a 'java/security/PrivilegedActionException'> (0x000000076b4ad1d0) thrown at [C:\re\workspace\8-2-build-windows-amd64-cygwin\jdk8u181\11358\hotspot\src\share\vm\prims\jvm.cpp, line 1435]
Event: 0.114 Thread 0x000000000013e800 Exception <a 'java/security/PrivilegedActionException'> (0x000000076b4ad3e0) thrown at [C:\re\workspace\8-2-build-windows-amd64-cygwin\jdk8u181\11358\hotspot\src\share\vm\prims\jvm.cpp, line 1435]
Event: 0.126 Thread 0x000000000013e800 Exception <a 'java/io/FileNotFoundException'> (0x000000076b4bbba8) thrown at [C:\re\workspace\8-2-build-windows-amd64-cygwin\jdk8u181\11358\hotspot\src\share\vm\prims\jni.cpp, line 709]
Event: 0.174 Thread 0x000000000013e800 Exception <a 'java/lang/NoSuchFieldError': method resolution failed> (0x000000076b6d4548) thrown at [C:\re\workspace\8-2-build-windows-amd64-cygwin\jdk8u181\11358\hotspot\src\share\vm\prims\methodHandles.cpp, line 1167]
Event: 0.176 Thread 0x000000000013e800 Exception <a 'java/lang/NoSuchFieldError': method resolution failed> (0x000000076b6e1918) thrown at [C:\re\workspace\8-2-build-windows-amd64-cygwin\jdk8u181\11358\hotspot\src\share\vm\prims\methodHandles.cpp, line 1167]
Event: 0.720 Thread 0x000000000013e800 Implicit null exception at 0x0000000002a9c4e7 to 0x0000000002a9c611

Events (10 events):
Event: 10.143 Executing VM operation: RevokeBias
Event: 10.143 Executing VM operation: RevokeBias done
Event: 10.143 Executing VM operation: RevokeBias
Event: 10.143 Executing VM operation: RevokeBias done
Event: 10.143 Thread 0x000000005e36c800 Thread exited: 0x000000005e36c800
Event: 10.143 Thread 0x000000005e36c800 Thread added: 0x000000005e36c800
Event: 10.145 Thread 0x000000001dd90800 Thread exited: 0x000000001dd90800
Event: 10.244 Thread 0x000000005e36b800 Thread exited: 0x000000005e36b800
Event: 10.244 Thread 0x000000001be4f000 Thread exited: 0x000000001be4f000
Event: 10.244 Executing VM operation: Exit


Dynamic libraries:
0x000000013feb0000 - 0x000000013fee7000 	C:\Program Files\Java\jre1.8.0_181\bin\javaw.exe
0x0000000076d80000 - 0x0000000076f2a000 	C:\windows\SYSTEM32\ntdll.dll
0x0000000076c60000 - 0x0000000076d7f000 	C:\windows\system32\kernel32.dll
0x000007fefcbd0000 - 0x000007fefcc3a000 	C:\windows\system32\KERNELBASE.dll
0x000007fefd060000 - 0x000007fefd13b000 	C:\windows\system32\ADVAPI32.dll
0x000007fefe290000 - 0x000007fefe32f000 	C:\windows\system32\msvcrt.dll
0x000007fefeb50000 - 0x000007fefeb6f000 	C:\windows\SYSTEM32\sechost.dll
0x000007fefee60000 - 0x000007fefef8d000 	C:\windows\system32\RPCRT4.dll
0x0000000076b60000 - 0x0000000076c5a000 	C:\windows\system32\USER32.dll
0x000007fefe6c0000 - 0x000007fefe727000 	C:\windows\system32\GDI32.dll
0x000007fefec60000 - 0x000007fefec6e000 	C:\windows\system32\LPK.dll
0x000007fefef90000 - 0x000007feff05a000 	C:\windows\system32\USP10.dll
0x000007fefae80000 - 0x000007fefb074000 	C:\windows\WinSxS\amd64_microsoft.windows.common-controls_6595b64144ccf1df_6.0.7601.18837_none_fa3b1e3d17594757\COMCTL32.dll
0x000007fefcfe0000 - 0x000007fefd051000 	C:\windows\system32\SHLWAPI.dll
0x000007fefe730000 - 0x000007fefe75e000 	C:\windows\system32\IMM32.DLL
0x000007fefce50000 - 0x000007fefcf59000 	C:\windows\system32\MSCTF.dll
0x0000000078800000 - 0x00000000788d2000 	C:\Program Files\Java\jre1.8.0_181\bin\msvcr100.dll
0x00000000706c0000 - 0x0000000070f62000 	C:\Program Files\Java\jre1.8.0_181\bin\server\jvm.dll
0x000007fef6f20000 - 0x000007fef6f29000 	C:\windows\system32\WSOCK32.dll
0x000007fefec10000 - 0x000007fefec5d000 	C:\windows\system32\WS2_32.dll
0x000007fefce40000 - 0x000007fefce48000 	C:\windows\system32\NSI.dll
0x000007fefa960000 - 0x000007fefa99b000 	C:\windows\system32\WINMM.dll
0x000007fefbad0000 - 0x000007fefbadc000 	C:\windows\system32\VERSION.dll
0x0000000076f50000 - 0x0000000076f57000 	C:\windows\system32\PSAPI.DLL
0x000000006d570000 - 0x000000006d57f000 	C:\Program Files\Java\jre1.8.0_181\bin\verify.dll
0x0000000067130000 - 0x0000000067159000 	C:\Program Files\Java\jre1.8.0_181\bin\java.dll
0x000000006cc10000 - 0x000000006cc26000 	C:\Program Files\Java\jre1.8.0_181\bin\zip.dll
0x000007fefd500000 - 0x000007fefe28a000 	C:\windows\system32\SHELL32.dll
0x000007fefe940000 - 0x000007fefeb43000 	C:\windows\system32\ole32.dll
0x000007fefca80000 - 0x000007fefca8f000 	C:\windows\system32\profapi.dll
0x000000006c090000 - 0x000000006c229000 	C:\Program Files\Java\jre1.8.0_181\bin\awt.dll
0x000007fefd420000 - 0x000007fefd4fa000 	C:\windows\system32\OLEAUT32.dll
0x000007fefb4c0000 - 0x000007fefb516000 	C:\windows\system32\uxtheme.dll
0x000007fefbab0000 - 0x000007fefbac8000 	C:\windows\system32\dwmapi.dll
0x000007fefc920000 - 0x000007fefc92f000 	C:\windows\system32\CRYPTBASE.dll
0x0000000180000000 - 0x0000000180051000 	C:\Users\Admin\Documents\Java Libraries\LWJGL 2\natives\lwjgl64.dll
0x000007fec37d0000 - 0x000007fec38ed000 	C:\windows\system32\OPENGL32.dll
0x000007fec3c20000 - 0x000007fec3c4d000 	C:\windows\system32\GLU32.dll
0x000007fec36d0000 - 0x000007fec37c1000 	C:\windows\system32\DDRAW.dll
0x000007fec3c10000 - 0x000007fec3c18000 	C:\windows\system32\DCIMAN32.dll
0x000007fefe760000 - 0x000007fefe937000 	C:\windows\system32\SETUPAPI.dll
0x000007fefcc50000 - 0x000007fefcc86000 	C:\windows\system32\CFGMGR32.dll
0x000007fefcaa0000 - 0x000007fefcaba000 	C:\windows\system32\DEVOBJ.dll
0x000007fef2770000 - 0x000007fef2788000 	C:\windows\system32\atig6pxx.dll
0x000007fec2010000 - 0x000007fec2151000 	C:\windows\system32\atiadlxx.dll
0x000007fefb6e0000 - 0x000007fefb80c000 	C:\windows\system32\PROPSYS.dll
0x000007fefccb0000 - 0x000007fefccce000 	C:\windows\system32\USERENV.dll
0x000007fefbb10000 - 0x000007fefbb21000 	C:\windows\system32\WTSAPI32.dll
0x000007fef95d0000 - 0x000007fef95f7000 	C:\windows\system32\IPHLPAPI.DLL
0x000007fef95c0000 - 0x000007fef95cb000 	C:\windows\system32\WINNSI.DLL
0x000007fefcae0000 - 0x000007fefcb1b000 	C:\windows\system32\WINTRUST.dll
0x000007fefccd0000 - 0x000007fefce3d000 	C:\windows\system32\CRYPT32.dll
0x000007fefca90000 - 0x000007fefca9f000 	C:\windows\system32\MSASN1.dll
0x000007feaffd0000 - 0x000007feb0d19000 	C:\windows\system32\ig9icd64.dll
0x000007fef2740000 - 0x000007fef276c000 	C:\windows\system32\atig6txx.dll
0x000007fef9900000 - 0x000007fef999c000 	C:\windows\system32\mscms.dll
0x000007fef9a50000 - 0x000007fef9a92000 	C:\windows\system32\icm32.dll
0x000007feed6e0000 - 0x000007feee83c000 	C:\windows\system32\igc64.dll
0x000007fee4d40000 - 0x000007fee4d95000 	C:\Program Files (x86)\obs-studio\data\obs-plugins\win-capture\graphics-hook64.dll
0x0000000066c70000 - 0x0000000066c7c000 	C:\Program Files\Java\jre1.8.0_181\bin\jsound.dll
0x000000006d500000 - 0x000000006d50b000 	C:\Program Files\Java\jre1.8.0_181\bin\jsoundds.dll
0x000007fee2020000 - 0x000007fee20a8000 	C:\windows\system32\DSOUND.dll
0x000007fefbae0000 - 0x000007fefbb0c000 	C:\windows\system32\POWRPROF.dll
0x000007fefb810000 - 0x000007fefb85b000 	C:\windows\system32\MMDevAPI.DLL
0x000007fefa8e0000 - 0x000007fefa91b000 	C:\windows\system32\wdmaud.drv
0x0000000074820000 - 0x0000000074826000 	C:\windows\system32\ksuser.dll
0x000007fefb650000 - 0x000007fefb659000 	C:\windows\system32\AVRT.dll
0x000007fefa660000 - 0x000007fefa6af000 	C:\windows\system32\AUDIOSES.DLL
0x000007fefa4b0000 - 0x000007fefa4ba000 	C:\windows\system32\msacm32.drv
0x000007fefa490000 - 0x000007fefa4a8000 	C:\windows\system32\MSACM32.dll
0x000007fefa480000 - 0x000007fefa489000 	C:\windows\system32\midimap.dll
0x000007fefe600000 - 0x000007fefe699000 	C:\windows\system32\CLBCatQ.DLL
0x000007fee6960000 - 0x000007fee6a85000 	C:\windows\system32\dbghelp.dll

VM Arguments:
jvm_args: -Djava.library.path=C:\Users\Admin\Documents\Java Libraries\LWJGL 2\natives;C:\Users\Admin\Documents\Java Libraries\LWJGL 2\natives -Dfile.encoding=Cp1252 
java_command: game.Game
java_class_path (initial): C:\Users\Magmi\workspace\DimensionsLWJGL\bin;C:\Users\Admin\Documents\Java Libraries\LWJGL 2\jars\lwjgl.jar;C:\Users\Admin\Documents\Java Libraries\LWJGL 2\jars\lwjgl_util.jar;C:\Users\Admin\Documents\Java Libraries\LWJGL 2\jars\slick-util.jar
Launcher Type: SUN_STANDARD

Environment Variables:
PATH=C:/Program Files/Java/jre1.8.0_181/bin/server;C:/Program Files/Java/jre1.8.0_181/bin;C:/Program Files/Java/jre1.8.0_181/lib/amd64;C:\Program Files (x86)\Common Files\Oracle\Java\javapath;C:\ProgramData\Oracle\Java\javapath;C:\Program Files\Common Files\Microsoft Shared\Windows Live;C:\Program Files (x86)\Common Files\Microsoft Shared\Windows Live;C:\Program Files (x86)\Intel\iCLS Client\;C:\Program Files\Intel\iCLS Client\;C:\windows\system32;C:\windows;C:\windows\System32\Wbem;C:\windows\System32\WindowsPowerShell\v1.0\;C:\Program Files (x86)\Intel\Intel(R) Management Engine Components\DAL;C:\Program Files\Intel\Intel(R) Management Engine Components\DAL;C:\Program Files (x86)\Intel\Intel(R) Management Engine Components\IPT;C:\Program Files\Intel\Intel(R) Management Engine Components\IPT;C:\Program Files (x86)\ATI Technologies\ATI.ACE\Core-Static;C:\Program Files (x86)\Common Files\Lenovo;C:\ProgramData\Lenovo\ReadyApps;C:\Program Files (x86)\Common Files\lenovo\easyplussdk\bin;C:\Program Files (x86)\Windows Live\Shared;C:\Program Files\Git\cmd;C:\Program Files\Intel\WiFi\bin\;C:\Program Files\Common Files\Intel\WirelessCommon\;C:\Program Files (x86)\Lenovo\Access Connections\;C:\Users\Admin\AppData\Local\Programs\Python\Launcher\;C:\Program Files\Intel\WiFi\bin\;C:\Program Files\Common Files\Intel\WirelessCommon\;C:\Program Files\Eclipse;
USERNAME=Admin
OS=Windows_NT
PROCESSOR_IDENTIFIER=Intel64 Family 6 Model 78 Stepping 3, GenuineIntel



---------------  S Y S T E M  ---------------

OS: Windows 7 , 64 bit Build 7601 (6.1.7601.23572)

CPU:total 4 (initial active 4) (2 cores per cpu, 2 threads per core) family 6 model 78 stepping 3, cmov, cx8, fxsr, mmx, sse, sse2, sse3, ssse3, sse4.1, sse4.2, popcnt, avx, avx2, aes, clmul, erms, 3dnowpref, lzcnt, ht, tsc, tscinvbit, bmi1, bmi2, adx

Memory: 4k page, physical 16657452k(5831792k free), swap 33232920k(16764568k free)

vm_info: Java HotSpot(TM) 64-Bit Server VM (25.181-b13) for windows-amd64 JRE (1.8.0_181-b13), built on Jul  7 2018 04:01:33 by "java_re" with MS VC++ 10.0 (VS2010)

time: Tue Dec 04 18:59:21 2018
elapsed time: 10 seconds (0d 0h 0m 10s)

