#
# A fatal error has been detected by the Java Runtime Environment:
#
#  EXCEPTION_ACCESS_VIOLATION (0xc0000005) at pc=0x000007feafb3a5ce, pid=17744, tid=0x0000000000006ff0
#
# JRE version: Java(TM) SE Runtime Environment (8.0_181-b13) (build 1.8.0_181-b13)
# Java VM: Java HotSpot(TM) 64-Bit Server VM (25.181-b13 mixed mode windows-amd64 compressed oops)
# Problematic frame:
# C  [ig9icd64.dll+0x8ba5ce]
#
# Failed to write core dump. Minidumps are not enabled by default on client versions of Windows
#
# If you would like to submit a bug report, please visit:
#   http://bugreport.java.com/bugreport/crash.jsp
#

---------------  T H R E A D  ---------------

Current thread (0x000000001bfab000):  VMThread [stack: 0x000000001cdf0000,0x000000001cef0000] [id=28656]

siginfo: ExceptionCode=0xc0000005, reading address 0x0000000000001158

Registers:
RAX=0x00000000003974b0, RBX=0x000007feccb880b4, RCX=0x0000000000000001, RDX=0x000007feccb880a8
RSP=0x000000001ceef3b8, RBP=0x000007feccb88070, RSI=0x0000000000020000, RDI=0x0000000000000000
R8 =0x0000000000000000, R9 =0x0000000000000018, R10=0x00000000c0000008, R11=0x0000000000000246
R12=0x000007fffffdf000, R13=0x000007fffffae000, R14=0x0000000076eb2bc0, R15=0x0000000076ead670
RIP=0x000007feafb3a5ce, EFLAGS=0x0000000000010246

Top of Stack: (sp=0x000000001ceef3b8)
0x000000001ceef3b8:   000007feccb44670 000007fffffdf000
0x000000001ceef3c8:   000007fefb6e937b 0000000076ead670
0x000000001ceef3d8:   0000000000000000 000000001be95500
0x000000001ceef3e8:   000007feccb45bf4 0000000000000000
0x000000001ceef3f8:   0000000000020000 0000000000000000
0x000000001ceef408:   0000000000000001 000007fec37d0000
0x000000001ceef418:   000007fec37f752d 0000000000000000
0x000000001ceef428:   0000000000000000 000007fef27b1310
0x000000001ceef438:   0000000076c81a0a 0000000000000001
0x000000001ceef448:   000007fec37dc1ef 0000000000000001
0x000000001ceef458:   0000000000000000 0000000000000000
0x000000001ceef468:   000000001ef34e70 0000000000000000
0x000000001ceef478:   000007fec37dc586 000000018001c560
0x000000001ceef488:   000000001ef34e70 000000018001c558
0x000000001ceef498:   0000000076c81a0a 0000000000000000
0x000000001ceef4a8:   000007fec38aa1c3 0000000000000001 

Instructions: (pc=0x000007feafb3a5ce)
0x000007feafb3a5ae:   cc cc 44 8b 05 95 a6 3d 00 65 48 8b 04 25 58 00
0x000007feafb3a5be:   00 00 41 b9 18 00 00 00 4a 8b 04 c0 4e 8b 04 08
0x000007feafb3a5ce:   49 ff a0 58 11 00 00 cc cc cc cc cc cc cc cc cc
0x000007feafb3a5de:   cc cc 44 8b 05 65 a6 3d 00 65 48 8b 04 25 58 00 


Register to memory mapping:

RAX=0x00000000003974b0 is an unknown value
RBX=0x000007feccb880b4 is an unknown value
RCX=0x0000000000000001 is an unknown value
RDX=0x000007feccb880a8 is an unknown value
RSP=0x000000001ceef3b8 is an unknown value
RBP=0x000007feccb88070 is an unknown value
RSI=0x0000000000020000 is an unknown value
RDI=0x0000000000000000 is an unknown value
R8 =0x0000000000000000 is an unknown value
R9 =0x0000000000000018 is an unknown value
R10=0x00000000c0000008 is an unknown value
R11=0x0000000000000246 is an unknown value
R12=0x000007fffffdf000 is an unknown value
R13=0x000007fffffae000 is an unknown value
R14=0x0000000076eb2bc0 is an unknown value
R15=0x0000000076ead670 is an unknown value


Stack: [0x000000001cdf0000,0x000000001cef0000],  sp=0x000000001ceef3b8,  free space=1020k
Native frames: (J=compiled Java code, j=interpreted, Vv=VM code, C=native code)
C  [ig9icd64.dll+0x8ba5ce]

VM_Operation (0x00000000024af130): Exit, mode: safepoint, requested by thread 0x000000000237e800


---------------  P R O C E S S  ---------------

Java Threads: ( => current thread )
  0x000000001e31d000 JavaThread "AWT-Shutdown" [_thread_blocked, id=31128, stack(0x000000002b3a0000,0x000000002b4a0000)]
  0x000000001e6e7000 JavaThread "LWJGL Timer" daemon [_thread_blocked, id=24920, stack(0x000000005f320000,0x000000005f420000)]
  0x000000001d9c1000 JavaThread "Java2D Disposer" daemon [_thread_blocked, id=31132, stack(0x000000001e990000,0x000000001ea90000)]
  0x000000001d65d000 JavaThread "Service Thread" daemon [_thread_blocked, id=8120, stack(0x000000001dd70000,0x000000001de70000)]
  0x000000001d5d7800 JavaThread "C1 CompilerThread2" daemon [_thread_blocked, id=30916, stack(0x000000001da00000,0x000000001db00000)]
  0x000000001c01c000 JavaThread "C2 CompilerThread1" daemon [_thread_blocked, id=30692, stack(0x000000001db60000,0x000000001dc60000)]
  0x000000001c018800 JavaThread "C2 CompilerThread0" daemon [_thread_blocked, id=30880, stack(0x000000001d3c0000,0x000000001d4c0000)]
  0x000000001c017800 JavaThread "Attach Listener" daemon [_thread_blocked, id=27184, stack(0x000000001d140000,0x000000001d240000)]
  0x000000001c01e800 JavaThread "Signal Dispatcher" daemon [_thread_blocked, id=24948, stack(0x000000001d4d0000,0x000000001d5d0000)]
  0x000000001bffc000 JavaThread "Finalizer" daemon [_thread_blocked, id=1816, stack(0x000000001d270000,0x000000001d370000)]
  0x000000001bfb2800 JavaThread "Reference Handler" daemon [_thread_blocked, id=29004, stack(0x000000001cff0000,0x000000001d0f0000)]
  0x000000000237e800 JavaThread "main" [_thread_blocked, id=30952, stack(0x00000000023b0000,0x00000000024b0000)]

Other Threads:
=>0x000000001bfab000 VMThread [stack: 0x000000001cdf0000,0x000000001cef0000] [id=28656]

VM state:at safepoint (shutting down)

VM Mutex/Monitor currently owned by a thread:  ([mutex/lock_event])
[0x000000000237cf80] Threads_lock - owner thread: 0x000000001bfab000

Heap:
 PSYoungGen      total 76288K, used 51211K [0x000000076b400000, 0x0000000770900000, 0x00000007c0000000)
  eden space 65536K, 71% used [0x000000076b400000,0x000000076e1d1b90,0x000000076f400000)
  from space 10752K, 39% used [0x000000076f400000,0x000000076f8313a0,0x000000076fe80000)
  to   space 10752K, 0% used [0x000000076fe80000,0x000000076fe80000,0x0000000770900000)
 ParOldGen       total 175104K, used 32K [0x00000006c1c00000, 0x00000006cc700000, 0x000000076b400000)
  object space 175104K, 0% used [0x00000006c1c00000,0x00000006c1c08000,0x00000006cc700000)
 Metaspace       used 8965K, capacity 9341K, committed 9600K, reserved 1058816K
  class space    used 950K, capacity 1043K, committed 1152K, reserved 1048576K

Card table byte_map: [0x0000000011b40000,0x0000000012340000] byte_map_base: 0x000000000e532000

Marking Bits: (ParMarkBitMap*) 0x0000000070ee2d00
 Begin Bits: [0x0000000012f00000, 0x0000000016e90000)
 End Bits:   [0x0000000016e90000, 0x000000001ae20000)

Polling page: 0x0000000000220000

CodeCache: size=245760Kb used=5136Kb max_used=5195Kb free=240623Kb
 bounds [0x0000000002780000, 0x0000000002cb0000, 0x0000000011780000]
 total_blobs=1808 nmethods=1314 adapters=406
 compilation: enabled

Compilation events (10 events):
Event: 9.858 Thread 0x000000001c01c000 nmethod 1257 0x0000000002c46610 code [0x0000000002c46780, 0x0000000002c46828]
Event: 9.858 Thread 0x000000001c01c000 1311       4       org.lwjgl.util.vector.Vector3f::<init> (12 bytes)
Event: 9.859 Thread 0x000000001c01c000 nmethod 1311 0x0000000002bb5ad0 code [0x0000000002bb5c00, 0x0000000002bb5c78]
Event: 9.859 Thread 0x000000001c01c000 1297       4       java.lang.invoke.LambdaForm$MH/1837543557::linkToTargetMethod (13 bytes)
Event: 9.860 Thread 0x000000001c01c000 nmethod 1297 0x0000000002c44dd0 code [0x0000000002c44f20, 0x0000000002c44ff8]
Event: 9.860 Thread 0x000000001c01c000 1298       4       java.lang.invoke.LambdaForm$DMH/2051450519::invokeStatic_F4_L (20 bytes)
Event: 9.862 Thread 0x000000001c01c000 nmethod 1298 0x0000000002c44a90 code [0x0000000002c44be0, 0x0000000002c44ca8]
Event: 9.862 Thread 0x000000001c01c000 1299       4       utils.HitboxFactory$$Lambda$33/1023714065::get$Lambda (12 bytes)
Event: 9.864 Thread 0x000000001c01c000 nmethod 1299 0x0000000002c47ad0 code [0x0000000002c47c20, 0x0000000002c47cf8]
Event: 9.952 Thread 0x000000001c018800 nmethod 1255 0x0000000002c7e990 code [0x0000000002c7f100, 0x0000000002c8ce78]

GC Heap History (6 events):
Event: 2.078 GC heap before
{Heap before GC invocations=1 (full 0):
 PSYoungGen      total 76288K, used 65536K [0x000000076b400000, 0x0000000770900000, 0x00000007c0000000)
  eden space 65536K, 100% used [0x000000076b400000,0x000000076f400000,0x000000076f400000)
  from space 10752K, 0% used [0x000000076fe80000,0x000000076fe80000,0x0000000770900000)
  to   space 10752K, 0% used [0x000000076f400000,0x000000076f400000,0x000000076fe80000)
 ParOldGen       total 175104K, used 0K [0x00000006c1c00000, 0x00000006cc700000, 0x000000076b400000)
  object space 175104K, 0% used [0x00000006c1c00000,0x00000006c1c00000,0x00000006cc700000)
 Metaspace       used 7588K, capacity 7787K, committed 7936K, reserved 1056768K
  class space    used 816K, capacity 904K, committed 1024K, reserved 1048576K
Event: 2.083 GC heap after
Heap after GC invocations=1 (full 0):
 PSYoungGen      total 76288K, used 2766K [0x000000076b400000, 0x0000000770900000, 0x00000007c0000000)
  eden space 65536K, 0% used [0x000000076b400000,0x000000076b400000,0x000000076f400000)
  from space 10752K, 25% used [0x000000076f400000,0x000000076f6b3990,0x000000076fe80000)
  to   space 10752K, 0% used [0x000000076fe80000,0x000000076fe80000,0x0000000770900000)
 ParOldGen       total 175104K, used 16K [0x00000006c1c00000, 0x00000006cc700000, 0x000000076b400000)
  object space 175104K, 0% used [0x00000006c1c00000,0x00000006c1c04000,0x00000006cc700000)
 Metaspace       used 7588K, capacity 7787K, committed 7936K, reserved 1056768K
  class space    used 816K, capacity 904K, committed 1024K, reserved 1048576K
}
Event: 5.304 GC heap before
{Heap before GC invocations=2 (full 0):
 PSYoungGen      total 76288K, used 68302K [0x000000076b400000, 0x0000000770900000, 0x00000007c0000000)
  eden space 65536K, 100% used [0x000000076b400000,0x000000076f400000,0x000000076f400000)
  from space 10752K, 25% used [0x000000076f400000,0x000000076f6b3990,0x000000076fe80000)
  to   space 10752K, 0% used [0x000000076fe80000,0x000000076fe80000,0x0000000770900000)
 ParOldGen       total 175104K, used 16K [0x00000006c1c00000, 0x00000006cc700000, 0x000000076b400000)
  object space 175104K, 0% used [0x00000006c1c00000,0x00000006c1c04000,0x00000006cc700000)
 Metaspace       used 8874K, capacity 9191K, committed 9344K, reserved 1056768K
  class space    used 947K, capacity 1042K, committed 1152K, reserved 1048576K
Event: 5.317 GC heap after
Heap after GC invocations=2 (full 0):
 PSYoungGen      total 76288K, used 3444K [0x000000076b400000, 0x0000000770900000, 0x00000007c0000000)
  eden space 65536K, 0% used [0x000000076b400000,0x000000076b400000,0x000000076f400000)
  from space 10752K, 32% used [0x000000076fe80000,0x00000007701dd3a0,0x0000000770900000)
  to   space 10752K, 0% used [0x000000076f400000,0x000000076f400000,0x000000076fe80000)
 ParOldGen       total 175104K, used 24K [0x00000006c1c00000, 0x00000006cc700000, 0x000000076b400000)
  object space 175104K, 0% used [0x00000006c1c00000,0x00000006c1c06000,0x00000006cc700000)
 Metaspace       used 8874K, capacity 9191K, committed 9344K, reserved 1056768K
  class space    used 947K, capacity 1042K, committed 1152K, reserved 1048576K
}
Event: 7.723 GC heap before
{Heap before GC invocations=3 (full 0):
 PSYoungGen      total 76288K, used 68980K [0x000000076b400000, 0x0000000770900000, 0x00000007c0000000)
  eden space 65536K, 100% used [0x000000076b400000,0x000000076f400000,0x000000076f400000)
  from space 10752K, 32% used [0x000000076fe80000,0x00000007701dd3a0,0x0000000770900000)
  to   space 10752K, 0% used [0x000000076f400000,0x000000076f400000,0x000000076fe80000)
 ParOldGen       total 175104K, used 24K [0x00000006c1c00000, 0x00000006cc700000, 0x000000076b400000)
  object space 175104K, 0% used [0x00000006c1c00000,0x00000006c1c06000,0x00000006cc700000)
 Metaspace       used 8910K, capacity 9199K, committed 9344K, reserved 1056768K
  class space    used 948K, capacity 1042K, committed 1152K, reserved 1048576K
Event: 7.727 GC heap after
Heap after GC invocations=3 (full 0):
 PSYoungGen      total 76288K, used 4292K [0x000000076b400000, 0x0000000770900000, 0x00000007c0000000)
  eden space 65536K, 0% used [0x000000076b400000,0x000000076b400000,0x000000076f400000)
  from space 10752K, 39% used [0x000000076f400000,0x000000076f8313a0,0x000000076fe80000)
  to   space 10752K, 0% used [0x000000076fe80000,0x000000076fe80000,0x0000000770900000)
 ParOldGen       total 175104K, used 32K [0x00000006c1c00000, 0x00000006cc700000, 0x000000076b400000)
  object space 175104K, 0% used [0x00000006c1c00000,0x00000006c1c08000,0x00000006cc700000)
 Metaspace       used 8910K, capacity 9199K, committed 9344K, reserved 1056768K
  class space    used 948K, capacity 1042K, committed 1152K, reserved 1048576K
}

Deoptimization events (10 events):
Event: 5.565 Thread 0x000000000237e800 Uncommon trap: reason=unstable_if action=reinterpret pc=0x00000000029eea10 method=java.util.Random.nextInt(I)I @ 28
Event: 6.049 Thread 0x000000000237e800 Uncommon trap: reason=unstable_if action=reinterpret pc=0x0000000002bc1aec method=utils.Hitbox.intersects(Lutils/Hitbox;)Z @ 85
Event: 6.745 Thread 0x000000000237e800 Uncommon trap: reason=predicate action=maybe_recompile pc=0x0000000002bddba4 method=java.util.TimSort.binarySort([Ljava/lang/Object;IIILjava/util/Comparator;)V @ 37
Event: 8.737 Thread 0x000000000237e800 Uncommon trap: reason=unstable_if action=reinterpret pc=0x0000000002b75c40 method=sun.misc.FloatingDecimal.getBinaryToASCIIConverter(F)Lsun/misc/FloatingDecimal$BinaryToASCIIConverter; @ 67
Event: 8.737 Thread 0x000000000237e800 Uncommon trap: reason=unstable_if action=reinterpret pc=0x0000000002b2a4f4 method=sun.misc.FloatingDecimal$BinaryToASCIIBuffer.getChars([C)I @ 47
Event: 9.598 Thread 0x000000000237e800 Uncommon trap: reason=predicate action=maybe_recompile pc=0x0000000002bf2b18 method=java.util.TimSort.reverseRange([Ljava/lang/Object;II)V @ 8
Event: 9.598 Thread 0x000000000237e800 Uncommon trap: reason=array_check action=maybe_recompile pc=0x0000000002bf97d8 method=java.util.TimSort.binarySort([Ljava/lang/Object;IIILjava/util/Comparator;)V @ 183
Event: 9.599 Thread 0x000000000237e800 Uncommon trap: reason=array_check action=maybe_recompile pc=0x0000000002bf97d8 method=java.util.TimSort.binarySort([Ljava/lang/Object;IIILjava/util/Comparator;)V @ 183
Event: 9.599 Thread 0x000000000237e800 Uncommon trap: reason=array_check action=maybe_recompile pc=0x0000000002bf97d8 method=java.util.TimSort.binarySort([Ljava/lang/Object;IIILjava/util/Comparator;)V @ 183
Event: 9.599 Thread 0x000000000237e800 Uncommon trap: reason=array_check action=maybe_recompile pc=0x0000000002bf97d8 method=java.util.TimSort.binarySort([Ljava/lang/Object;IIILjava/util/Comparator;)V @ 183

Classes redefined (0 events):
No events

Internal exceptions (10 events):
Event: 0.053 Thread 0x000000000237e800 Exception <a 'java/lang/NoSuchMethodError': Method sun.misc.Unsafe.prefetchRead(Ljava/lang/Object;J)V name or signature does not match> (0x000000076b407f98) thrown at [C:\re\workspace\8-2-build-windows-amd64-cygwin\jdk8u181\11358\hotspot\src\share\vm\prim
Event: 0.145 Thread 0x000000000237e800 Exception <a 'java/security/PrivilegedActionException'> (0x000000076b4a9378) thrown at [C:\re\workspace\8-2-build-windows-amd64-cygwin\jdk8u181\11358\hotspot\src\share\vm\prims\jvm.cpp, line 1435]
Event: 0.145 Thread 0x000000000237e800 Exception <a 'java/security/PrivilegedActionException'> (0x000000076b4a9588) thrown at [C:\re\workspace\8-2-build-windows-amd64-cygwin\jdk8u181\11358\hotspot\src\share\vm\prims\jvm.cpp, line 1435]
Event: 0.146 Thread 0x000000000237e800 Exception <a 'java/security/PrivilegedActionException'> (0x000000076b4ad1f8) thrown at [C:\re\workspace\8-2-build-windows-amd64-cygwin\jdk8u181\11358\hotspot\src\share\vm\prims\jvm.cpp, line 1435]
Event: 0.146 Thread 0x000000000237e800 Exception <a 'java/security/PrivilegedActionException'> (0x000000076b4ad408) thrown at [C:\re\workspace\8-2-build-windows-amd64-cygwin\jdk8u181\11358\hotspot\src\share\vm\prims\jvm.cpp, line 1435]
Event: 0.158 Thread 0x000000000237e800 Exception <a 'java/io/FileNotFoundException'> (0x000000076b4bbbd0) thrown at [C:\re\workspace\8-2-build-windows-amd64-cygwin\jdk8u181\11358\hotspot\src\share\vm\prims\jni.cpp, line 709]
Event: 0.211 Thread 0x000000000237e800 Exception <a 'java/lang/NoSuchFieldError': method resolution failed> (0x000000076b6d4820) thrown at [C:\re\workspace\8-2-build-windows-amd64-cygwin\jdk8u181\11358\hotspot\src\share\vm\prims\methodHandles.cpp, line 1167]
Event: 0.214 Thread 0x000000000237e800 Exception <a 'java/lang/NoSuchFieldError': method resolution failed> (0x000000076b6e1bf0) thrown at [C:\re\workspace\8-2-build-windows-amd64-cygwin\jdk8u181\11358\hotspot\src\share\vm\prims\methodHandles.cpp, line 1167]
Event: 0.787 Thread 0x000000001e00c000 Exception <a 'java/io/FileNotFoundException'> (0x000000076ba6df78) thrown at [C:\re\workspace\8-2-build-windows-amd64-cygwin\jdk8u181\11358\hotspot\src\share\vm\prims\jni.cpp, line 709]
Event: 1.996 Thread 0x000000000237e800 Implicit null exception at 0x00000000029e2327 to 0x00000000029e2451

Events (10 events):
Event: 9.891 loading class java/util/IdentityHashMap$KeySet done
Event: 9.891 loading class java/util/IdentityHashMap$KeyIterator
Event: 9.891 loading class java/util/IdentityHashMap$KeyIterator done
Event: 9.892 Thread 0x0000000029016800 Thread added: 0x0000000029016800
Event: 9.892 Thread 0x000000001e4b5800 Thread added: 0x000000001e4b5800
Event: 9.893 Thread 0x000000001e31d000 Thread added: 0x000000001e31d000
Event: 10.345 Thread 0x0000000029016800 Thread exited: 0x0000000029016800
Event: 10.377 Thread 0x000000001d9c4800 Thread exited: 0x000000001d9c4800
Event: 10.394 Thread 0x000000001e4b5800 Thread exited: 0x000000001e4b5800
Event: 10.399 Executing VM operation: Exit


Dynamic libraries:
0x000000013f9f0000 - 0x000000013fa27000 	C:\Program Files\Java\jre1.8.0_181\bin\javaw.exe
0x0000000076d80000 - 0x0000000076f2a000 	C:\windows\SYSTEM32\ntdll.dll
0x0000000076c60000 - 0x0000000076d7f000 	C:\windows\system32\kernel32.dll
0x000007fefcbd0000 - 0x000007fefcc3a000 	C:\windows\system32\KERNELBASE.dll
0x000007fefd060000 - 0x000007fefd13b000 	C:\windows\system32\ADVAPI32.dll
0x000007fefe290000 - 0x000007fefe32f000 	C:\windows\system32\msvcrt.dll
0x000007fefeb50000 - 0x000007fefeb6f000 	C:\windows\SYSTEM32\sechost.dll
0x000007fefee60000 - 0x000007fefef8d000 	C:\windows\system32\RPCRT4.dll
0x0000000076b60000 - 0x0000000076c5a000 	C:\windows\system32\USER32.dll
0x000007fefe6c0000 - 0x000007fefe727000 	C:\windows\system32\GDI32.dll
0x000007fefec60000 - 0x000007fefec6e000 	C:\windows\system32\LPK.dll
0x000007fefef90000 - 0x000007feff05a000 	C:\windows\system32\USP10.dll
0x000007fefae80000 - 0x000007fefb074000 	C:\windows\WinSxS\amd64_microsoft.windows.common-controls_6595b64144ccf1df_6.0.7601.18837_none_fa3b1e3d17594757\COMCTL32.dll
0x000007fefcfe0000 - 0x000007fefd051000 	C:\windows\system32\SHLWAPI.dll
0x000007fefe730000 - 0x000007fefe75e000 	C:\windows\system32\IMM32.DLL
0x000007fefce50000 - 0x000007fefcf59000 	C:\windows\system32\MSCTF.dll
0x0000000078a10000 - 0x0000000078ae2000 	C:\Program Files\Java\jre1.8.0_181\bin\msvcr100.dll
0x00000000706c0000 - 0x0000000070f62000 	C:\Program Files\Java\jre1.8.0_181\bin\server\jvm.dll
0x000007fef6f20000 - 0x000007fef6f29000 	C:\windows\system32\WSOCK32.dll
0x000007fefec10000 - 0x000007fefec5d000 	C:\windows\system32\WS2_32.dll
0x000007fefce40000 - 0x000007fefce48000 	C:\windows\system32\NSI.dll
0x000007fefa960000 - 0x000007fefa99b000 	C:\windows\system32\WINMM.dll
0x000007fefbad0000 - 0x000007fefbadc000 	C:\windows\system32\VERSION.dll
0x0000000076f50000 - 0x0000000076f57000 	C:\windows\system32\PSAPI.DLL
0x000000006d570000 - 0x000000006d57f000 	C:\Program Files\Java\jre1.8.0_181\bin\verify.dll
0x0000000067130000 - 0x0000000067159000 	C:\Program Files\Java\jre1.8.0_181\bin\java.dll
0x000000006cc10000 - 0x000000006cc26000 	C:\Program Files\Java\jre1.8.0_181\bin\zip.dll
0x000007fefd500000 - 0x000007fefe28a000 	C:\windows\system32\SHELL32.dll
0x000007fefe940000 - 0x000007fefeb43000 	C:\windows\system32\ole32.dll
0x000007fefca80000 - 0x000007fefca8f000 	C:\windows\system32\profapi.dll
0x000000006cd30000 - 0x000000006cec9000 	C:\Program Files\Java\jre1.8.0_181\bin\awt.dll
0x000007fefd420000 - 0x000007fefd4fa000 	C:\windows\system32\OLEAUT32.dll
0x000007fefb4c0000 - 0x000007fefb516000 	C:\windows\system32\uxtheme.dll
0x000007fefbab0000 - 0x000007fefbac8000 	C:\windows\system32\dwmapi.dll
0x000007fefc920000 - 0x000007fefc92f000 	C:\windows\system32\CRYPTBASE.dll
0x0000000180000000 - 0x0000000180051000 	C:\Users\Admin\Documents\Java Libraries\LWJGL 2\natives\lwjgl64.dll
0x000007fec37d0000 - 0x000007fec38ed000 	C:\windows\system32\OPENGL32.dll
0x000007fec3c20000 - 0x000007fec3c4d000 	C:\windows\system32\GLU32.dll
0x000007fec36d0000 - 0x000007fec37c1000 	C:\windows\system32\DDRAW.dll
0x000007fec3c10000 - 0x000007fec3c18000 	C:\windows\system32\DCIMAN32.dll
0x000007fefe760000 - 0x000007fefe937000 	C:\windows\system32\SETUPAPI.dll
0x000007fefcc50000 - 0x000007fefcc86000 	C:\windows\system32\CFGMGR32.dll
0x000007fefcaa0000 - 0x000007fefcaba000 	C:\windows\system32\DEVOBJ.dll
0x000007fef27b0000 - 0x000007fef27c8000 	C:\windows\system32\atig6pxx.dll
0x000007fee4c50000 - 0x000007fee4d91000 	C:\windows\system32\atiadlxx.dll
0x000007fefb6e0000 - 0x000007fefb80c000 	C:\windows\system32\PROPSYS.dll
0x000007fefccb0000 - 0x000007fefccce000 	C:\windows\system32\USERENV.dll
0x000007fefbb10000 - 0x000007fefbb21000 	C:\windows\system32\WTSAPI32.dll
0x000007fef95d0000 - 0x000007fef95f7000 	C:\windows\system32\IPHLPAPI.DLL
0x000007fef95c0000 - 0x000007fef95cb000 	C:\windows\system32\WINNSI.DLL
0x000007fefcae0000 - 0x000007fefcb1b000 	C:\windows\system32\WINTRUST.dll
0x000007fefccd0000 - 0x000007fefce3d000 	C:\windows\system32\CRYPT32.dll
0x000007fefca90000 - 0x000007fefca9f000 	C:\windows\system32\MSASN1.dll
0x000007feaf280000 - 0x000007feaffc9000 	C:\windows\system32\ig9icd64.dll
0x000007fef2780000 - 0x000007fef27ac000 	C:\windows\system32\atig6txx.dll
0x000007fef9900000 - 0x000007fef999c000 	C:\windows\system32\mscms.dll
0x000007fef9a50000 - 0x000007fef9a92000 	C:\windows\system32\icm32.dll
0x000007feed6e0000 - 0x000007feee83c000 	C:\windows\system32\igc64.dll
0x000007feccb40000 - 0x000007feccb95000 	C:\Program Files (x86)\obs-studio\data\obs-plugins\win-capture\graphics-hook64.dll
0x000007fee6960000 - 0x000007fee6a85000 	C:\windows\system32\dbghelp.dll

VM Arguments:
jvm_args: -Djava.library.path=C:\Users\Admin\Documents\Java Libraries\LWJGL 2\natives;C:\Users\Admin\Documents\Java Libraries\LWJGL 2\natives -Dfile.encoding=Cp1252 
java_command: game.Game
java_class_path (initial): C:\Users\Magmi\workspace\DimensionsLWJGL\bin;C:\Users\Admin\Documents\Java Libraries\LWJGL 2\jars\lwjgl.jar;C:\Users\Admin\Documents\Java Libraries\LWJGL 2\jars\lwjgl_util.jar;C:\Users\Admin\Documents\Java Libraries\LWJGL 2\jars\slick-util.jar
Launcher Type: SUN_STANDARD

Environment Variables:
PATH=C:/Program Files/Java/jre1.8.0_181/bin/server;C:/Program Files/Java/jre1.8.0_181/bin;C:/Program Files/Java/jre1.8.0_181/lib/amd64;C:\Program Files (x86)\Common Files\Oracle\Java\javapath;C:\ProgramData\Oracle\Java\javapath;C:\Program Files\Common Files\Microsoft Shared\Windows Live;C:\Program Files (x86)\Common Files\Microsoft Shared\Windows Live;C:\Program Files (x86)\Intel\iCLS Client\;C:\Program Files\Intel\iCLS Client\;C:\windows\system32;C:\windows;C:\windows\System32\Wbem;C:\windows\System32\WindowsPowerShell\v1.0\;C:\Program Files (x86)\Intel\Intel(R) Management Engine Components\DAL;C:\Program Files\Intel\Intel(R) Management Engine Components\DAL;C:\Program Files (x86)\Intel\Intel(R) Management Engine Components\IPT;C:\Program Files\Intel\Intel(R) Management Engine Components\IPT;C:\Program Files (x86)\ATI Technologies\ATI.ACE\Core-Static;C:\Program Files (x86)\Common Files\Lenovo;C:\ProgramData\Lenovo\ReadyApps;C:\Program Files (x86)\Common Files\lenovo\easyplussdk\bin;C:\Program Files (x86)\Windows Live\Shared;C:\Program Files\Git\cmd;C:\Program Files\Intel\WiFi\bin\;C:\Program Files\Common Files\Intel\WirelessCommon\;C:\Program Files (x86)\Lenovo\Access Connections\;C:\Users\Admin\AppData\Local\Programs\Python\Launcher\;C:\Program Files\Intel\WiFi\bin\;C:\Program Files\Common Files\Intel\WirelessCommon\;C:\Program Files\Eclipse;
USERNAME=Admin
OS=Windows_NT
PROCESSOR_IDENTIFIER=Intel64 Family 6 Model 78 Stepping 3, GenuineIntel



---------------  S Y S T E M  ---------------

OS: Windows 7 , 64 bit Build 7601 (6.1.7601.23572)

CPU:total 4 (initial active 4) (2 cores per cpu, 2 threads per core) family 6 model 78 stepping 3, cmov, cx8, fxsr, mmx, sse, sse2, sse3, ssse3, sse4.1, sse4.2, popcnt, avx, avx2, aes, clmul, erms, 3dnowpref, lzcnt, ht, tsc, tscinvbit, bmi1, bmi2, adx

Memory: 4k page, physical 16657452k(5576660k free), swap 33232920k(16527840k free)

vm_info: Java HotSpot(TM) 64-Bit Server VM (25.181-b13) for windows-amd64 JRE (1.8.0_181-b13), built on Jul  7 2018 04:01:33 by "java_re" with MS VC++ 10.0 (VS2010)

time: Tue Dec 04 18:57:33 2018
elapsed time: 10 seconds (0d 0h 0m 10s)

