#
# A fatal error has been detected by the Java Runtime Environment:
#
#  EXCEPTION_ACCESS_VIOLATION (0xc0000005) at pc=0x000007feafb3a5ce, pid=29536, tid=0x0000000000007820
#
# JRE version: Java(TM) SE Runtime Environment (8.0_181-b13) (build 1.8.0_181-b13)
# Java VM: Java HotSpot(TM) 64-Bit Server VM (25.181-b13 mixed mode windows-amd64 compressed oops)
# Problematic frame:
# C  [ig9icd64.dll+0x8ba5ce]
#
# Failed to write core dump. Minidumps are not enabled by default on client versions of Windows
#
# If you would like to submit a bug report, please visit:
#   http://bugreport.java.com/bugreport/crash.jsp
#

---------------  T H R E A D  ---------------

Current thread (0x000000001c0bb000):  VMThread [stack: 0x000000001ce30000,0x000000001cf30000] [id=30752]

siginfo: ExceptionCode=0xc0000005, reading address 0x0000000000001158

Registers:
RAX=0x00000000004d49d0, RBX=0x000007fee4d680b4, RCX=0x0000000000000001, RDX=0x000007fee4d680a8
RSP=0x000000001cf2f558, RBP=0x000007fee4d68070, RSI=0x0000000000020000, RDI=0x0000000000000000
R8 =0x0000000000000000, R9 =0x0000000000000018, R10=0x00000000c0000008, R11=0x0000000000000246
R12=0x000007fffffd7000, R13=0x000007fffffae000, R14=0x0000000076eb2bc0, R15=0x0000000076ead670
RIP=0x000007feafb3a5ce, EFLAGS=0x0000000000010246

Top of Stack: (sp=0x000000001cf2f558)
0x000000001cf2f558:   000007fee4d24670 000007fffffd7000
0x000000001cf2f568:   000007fefb6e937b 0000000076ead670
0x000000001cf2f578:   0000000000000000 000000001bfa5500
0x000000001cf2f588:   000007fee4d25bf4 0000000000000000
0x000000001cf2f598:   0000000000020000 0000000000000000
0x000000001cf2f5a8:   0000000000000001 000007fec37d0000
0x000000001cf2f5b8:   000007fec37f752d 0000000000000000
0x000000001cf2f5c8:   0000000000000000 000007fef2a51310
0x000000001cf2f5d8:   0000000076c81a0a 0000000000000001
0x000000001cf2f5e8:   000007fec37dc1ef 0000000000000001
0x000000001cf2f5f8:   0000000000000000 0000000000000000
0x000000001cf2f608:   000000001eff4e70 0000000000000000
0x000000001cf2f618:   000007fec37dc586 000000018001c560
0x000000001cf2f628:   000000001eff4e70 000000018001c558
0x000000001cf2f638:   0000000076c81a0a 0000000000000000
0x000000001cf2f648:   000007fec38aa1c3 0000000000000001 

Instructions: (pc=0x000007feafb3a5ce)
0x000007feafb3a5ae:   cc cc 44 8b 05 95 a6 3d 00 65 48 8b 04 25 58 00
0x000007feafb3a5be:   00 00 41 b9 18 00 00 00 4a 8b 04 c0 4e 8b 04 08
0x000007feafb3a5ce:   49 ff a0 58 11 00 00 cc cc cc cc cc cc cc cc cc
0x000007feafb3a5de:   cc cc 44 8b 05 65 a6 3d 00 65 48 8b 04 25 58 00 


Register to memory mapping:

RAX=0x00000000004d49d0 is an unknown value
RBX=0x000007fee4d680b4 is an unknown value
RCX=0x0000000000000001 is an unknown value
RDX=0x000007fee4d680a8 is an unknown value
RSP=0x000000001cf2f558 is an unknown value
RBP=0x000007fee4d68070 is an unknown value
RSI=0x0000000000020000 is an unknown value
RDI=0x0000000000000000 is an unknown value
R8 =0x0000000000000000 is an unknown value
R9 =0x0000000000000018 is an unknown value
R10=0x00000000c0000008 is an unknown value
R11=0x0000000000000246 is an unknown value
R12=0x000007fffffd7000 is an unknown value
R13=0x000007fffffae000 is an unknown value
R14=0x0000000076eb2bc0 is an unknown value
R15=0x0000000076ead670 is an unknown value


Stack: [0x000000001ce30000,0x000000001cf30000],  sp=0x000000001cf2f558,  free space=1021k
Native frames: (J=compiled Java code, j=interpreted, Vv=VM code, C=native code)
C  [ig9icd64.dll+0x8ba5ce]

VM_Operation (0x000000000245eff0): Exit, mode: safepoint, requested by thread 0x00000000022ae800


---------------  P R O C E S S  ---------------

Java Threads: ( => current thread )
  0x000000001d7ec800 JavaThread "AWT-Shutdown" [_thread_blocked, id=27184, stack(0x000000002eb90000,0x000000002ec90000)]
  0x000000001d7ea800 JavaThread "Direct Clip" daemon [_thread_blocked, id=29448, stack(0x000000002e7c0000,0x000000002e8c0000)]
  0x000000001d7e9800 JavaThread "Direct Clip" daemon [_thread_blocked, id=29288, stack(0x000000002e670000,0x000000002e770000)]
  0x000000005e7cc000 JavaThread "Direct Clip" daemon [_thread_blocked, id=27028, stack(0x000000002b390000,0x000000002b490000)]
  0x000000001e50d000 JavaThread "Direct Clip" daemon [_thread_blocked, id=24704, stack(0x000000002e160000,0x000000002e260000)]
  0x000000001e517800 JavaThread "Direct Clip" daemon [_thread_blocked, id=4928, stack(0x000000002df80000,0x000000002e080000)]
  0x000000005f26a800 JavaThread "Direct Clip" daemon [_thread_blocked, id=29364, stack(0x000000002c3d0000,0x000000002c4d0000)]
  0x000000001e275000 JavaThread "Direct Clip" daemon [_thread_blocked, id=25204, stack(0x000000002dd60000,0x000000002de60000)]
  0x0000000037d66800 JavaThread "Direct Clip" daemon [_thread_blocked, id=1880, stack(0x000000002b040000,0x000000002b140000)]
  0x000000001e339800 JavaThread "Direct Clip" daemon [_thread_blocked, id=26068, stack(0x000000002ad30000,0x000000002ae30000)]
  0x000000005e9f3800 JavaThread "Java Sound Event Dispatcher" daemon [_thread_blocked, id=22100, stack(0x000000001f9c0000,0x000000001fac0000)]
  0x000000001e2a6800 JavaThread "LWJGL Timer" daemon [_thread_blocked, id=21364, stack(0x000000005e540000,0x000000005e640000)]
  0x000000001daac000 JavaThread "Java2D Disposer" daemon [_thread_blocked, id=23356, stack(0x000000001e9e0000,0x000000001eae0000)]
  0x000000001d75e000 JavaThread "Service Thread" daemon [_thread_blocked, id=29472, stack(0x000000001db60000,0x000000001dc60000)]
  0x000000001d75d000 JavaThread "C1 CompilerThread2" daemon [_thread_blocked, id=30624, stack(0x000000001ddd0000,0x000000001ded0000)]
  0x000000001c12e800 JavaThread "C2 CompilerThread1" daemon [_thread_blocked, id=7996, stack(0x000000001dcc0000,0x000000001ddc0000)]
  0x000000001c128000 JavaThread "C2 CompilerThread0" daemon [_thread_blocked, id=29972, stack(0x000000001d600000,0x000000001d700000)]
  0x000000001c125800 JavaThread "Attach Listener" daemon [_thread_blocked, id=31472, stack(0x000000001d4e0000,0x000000001d5e0000)]
  0x000000001c10a000 JavaThread "Finalizer" daemon [_thread_blocked, id=2368, stack(0x000000001d170000,0x000000001d270000)]
  0x000000001c0c3000 JavaThread "Reference Handler" daemon [_thread_blocked, id=3808, stack(0x000000001cf90000,0x000000001d090000)]
  0x00000000022ae800 JavaThread "main" [_thread_blocked, id=30188, stack(0x0000000002360000,0x0000000002460000)]

Other Threads:
=>0x000000001c0bb000 VMThread [stack: 0x000000001ce30000,0x000000001cf30000] [id=30752]

VM state:at safepoint (shutting down)

VM Mutex/Monitor currently owned by a thread:  ([mutex/lock_event])
[0x00000000022acf80] Threads_lock - owner thread: 0x000000001c0bb000

Heap:
 PSYoungGen      total 65536K, used 4616K [0x000000076b400000, 0x0000000771680000, 0x00000007c0000000)
  eden space 65024K, 7% used [0x000000076b400000,0x000000076b872108,0x000000076f380000)
  from space 512K, 12% used [0x0000000771600000,0x0000000771610000,0x0000000771680000)
  to   space 512K, 0% used [0x0000000771580000,0x0000000771580000,0x0000000771600000)
 ParOldGen       total 175104K, used 26396K [0x00000006c1c00000, 0x00000006cc700000, 0x000000076b400000)
  object space 175104K, 15% used [0x00000006c1c00000,0x00000006c35c7290,0x00000006cc700000)
 Metaspace       used 9311K, capacity 9629K, committed 9856K, reserved 1058816K
  class space    used 974K, capacity 1049K, committed 1152K, reserved 1048576K

Card table byte_map: [0x0000000011af0000,0x00000000122f0000] byte_map_base: 0x000000000e4e2000

Marking Bits: (ParMarkBitMap*) 0x0000000070c62d00
 Begin Bits: [0x0000000013010000, 0x0000000016fa0000)
 End Bits:   [0x0000000016fa0000, 0x000000001af30000)

Polling page: 0x0000000000120000

CodeCache: size=245760Kb used=5590Kb max_used=7302Kb free=240169Kb
 bounds [0x0000000002730000, 0x0000000002e70000, 0x0000000011730000]
 total_blobs=1916 nmethods=1411 adapters=417
 compilation: enabled

Compilation events (10 events):
Event: 81.128 Thread 0x000000001d75d000 1847       1       game.creature.monster.MonsterLobire::inCollisionSpace (2 bytes)
Event: 81.128 Thread 0x000000001d75d000 nmethod 1847 0x00000000029511d0 code [0x0000000002951320, 0x0000000002951430]
Event: 81.623 Thread 0x000000001c12e800 1848       4       java.util.TimSort::countRunAndMakeAscending (128 bytes)
Event: 81.645 Thread 0x000000001c12e800 nmethod 1848 0x0000000002c5bad0 code [0x0000000002c5bc60, 0x0000000002c5c728]
Event: 81.992 Thread 0x000000001d75d000 1849       3       java.util.TimSort::sort (229 bytes)
Event: 81.993 Thread 0x000000001d75d000 nmethod 1849 0x0000000002b179d0 code [0x0000000002b17bc0, 0x0000000002b182b8]
Event: 81.993 Thread 0x000000001d75d000 1850       3       game.creature.ai.moving.PathFinding::find (592 bytes)
Event: 81.998 Thread 0x000000001d75d000 nmethod 1850 0x0000000002c993d0 code [0x0000000002c99c00, 0x0000000002c9f998]
Event: 82.071 Thread 0x000000001c128000 1851       4       java.util.ArrayList::isEmpty (13 bytes)
Event: 82.071 Thread 0x000000001c128000 nmethod 1851 0x000000000284a250 code [0x000000000284a380, 0x000000000284a3f8]

GC Heap History (10 events):
Event: 81.634 GC heap before
{Heap before GC invocations=70 (full 0):
 PSYoungGen      total 73728K, used 72768K [0x000000076b400000, 0x0000000771780000, 0x00000007c0000000)
  eden space 72704K, 100% used [0x000000076b400000,0x000000076fb00000,0x000000076fb00000)
  from space 1024K, 6% used [0x0000000771580000,0x0000000771590000,0x0000000771680000)
  to   space 1024K, 0% used [0x0000000771680000,0x0000000771680000,0x0000000771780000)
 ParOldGen       total 175104K, used 26268K [0x00000006c1c00000, 0x00000006cc700000, 0x000000076b400000)
  object space 175104K, 15% used [0x00000006c1c00000,0x00000006c35a7290,0x00000006cc700000)
 Metaspace       used 9304K, capacity 9629K, committed 9856K, reserved 1058816K
  class space    used 972K, capacity 1049K, committed 1152K, reserved 1048576K
Event: 81.635 GC heap after
Heap after GC invocations=70 (full 0):
 PSYoungGen      total 71680K, used 32K [0x000000076b400000, 0x0000000771700000, 0x00000007c0000000)
  eden space 71168K, 0% used [0x000000076b400000,0x000000076b400000,0x000000076f980000)
  from space 512K, 6% used [0x0000000771680000,0x0000000771688000,0x0000000771700000)
  to   space 1024K, 0% used [0x0000000771500000,0x0000000771500000,0x0000000771600000)
 ParOldGen       total 175104K, used 26284K [0x00000006c1c00000, 0x00000006cc700000, 0x000000076b400000)
  object space 175104K, 15% used [0x00000006c1c00000,0x00000006c35ab290,0x00000006cc700000)
 Metaspace       used 9304K, capacity 9629K, committed 9856K, reserved 1058816K
  class space    used 972K, capacity 1049K, committed 1152K, reserved 1048576K
}
Event: 81.745 GC heap before
{Heap before GC invocations=71 (full 0):
 PSYoungGen      total 71680K, used 71200K [0x000000076b400000, 0x0000000771700000, 0x00000007c0000000)
  eden space 71168K, 100% used [0x000000076b400000,0x000000076f980000,0x000000076f980000)
  from space 512K, 6% used [0x0000000771680000,0x0000000771688000,0x0000000771700000)
  to   space 1024K, 0% used [0x0000000771500000,0x0000000771500000,0x0000000771600000)
 ParOldGen       total 175104K, used 26284K [0x00000006c1c00000, 0x00000006cc700000, 0x000000076b400000)
  object space 175104K, 15% used [0x00000006c1c00000,0x00000006c35ab290,0x00000006cc700000)
 Metaspace       used 9304K, capacity 9629K, committed 9856K, reserved 1058816K
  class space    used 972K, capacity 1049K, committed 1152K, reserved 1048576K
Event: 81.746 GC heap after
Heap after GC invocations=71 (full 0):
 PSYoungGen      total 70656K, used 64K [0x000000076b400000, 0x0000000771700000, 0x00000007c0000000)
  eden space 69632K, 0% used [0x000000076b400000,0x000000076b400000,0x000000076f800000)
  from space 1024K, 6% used [0x0000000771500000,0x0000000771510000,0x0000000771600000)
  to   space 1024K, 0% used [0x0000000771600000,0x0000000771600000,0x0000000771700000)
 ParOldGen       total 175104K, used 26300K [0x00000006c1c00000, 0x00000006cc700000, 0x000000076b400000)
  object space 175104K, 15% used [0x00000006c1c00000,0x00000006c35af290,0x00000006cc700000)
 Metaspace       used 9304K, capacity 9629K, committed 9856K, reserved 1058816K
  class space    used 972K, capacity 1049K, committed 1152K, reserved 1048576K
}
Event: 81.858 GC heap before
{Heap before GC invocations=72 (full 0):
 PSYoungGen      total 70656K, used 69696K [0x000000076b400000, 0x0000000771700000, 0x00000007c0000000)
  eden space 69632K, 100% used [0x000000076b400000,0x000000076f800000,0x000000076f800000)
  from space 1024K, 6% used [0x0000000771500000,0x0000000771510000,0x0000000771600000)
  to   space 1024K, 0% used [0x0000000771600000,0x0000000771600000,0x0000000771700000)
 ParOldGen       total 175104K, used 26300K [0x00000006c1c00000, 0x00000006cc700000, 0x000000076b400000)
  object space 175104K, 15% used [0x00000006c1c00000,0x00000006c35af290,0x00000006cc700000)
 Metaspace       used 9304K, capacity 9629K, committed 9856K, reserved 1058816K
  class space    used 972K, capacity 1049K, committed 1152K, reserved 1048576K
Event: 81.859 GC heap after
Heap after GC invocations=72 (full 0):
 PSYoungGen      total 68608K, used 64K [0x000000076b400000, 0x0000000771680000, 0x00000007c0000000)
  eden space 68096K, 0% used [0x000000076b400000,0x000000076b400000,0x000000076f680000)
  from space 512K, 12% used [0x0000000771600000,0x0000000771610000,0x0000000771680000)
  to   space 1024K, 0% used [0x0000000771480000,0x0000000771480000,0x0000000771580000)
 ParOldGen       total 175104K, used 26324K [0x00000006c1c00000, 0x00000006cc700000, 0x000000076b400000)
  object space 175104K, 15% used [0x00000006c1c00000,0x00000006c35b5290,0x00000006cc700000)
 Metaspace       used 9304K, capacity 9629K, committed 9856K, reserved 1058816K
  class space    used 972K, capacity 1049K, committed 1152K, reserved 1048576K
}
Event: 81.970 GC heap before
{Heap before GC invocations=73 (full 0):
 PSYoungGen      total 68608K, used 68160K [0x000000076b400000, 0x0000000771680000, 0x00000007c0000000)
  eden space 68096K, 100% used [0x000000076b400000,0x000000076f680000,0x000000076f680000)
  from space 512K, 12% used [0x0000000771600000,0x0000000771610000,0x0000000771680000)
  to   space 1024K, 0% used [0x0000000771480000,0x0000000771480000,0x0000000771580000)
 ParOldGen       total 175104K, used 26324K [0x00000006c1c00000, 0x00000006cc700000, 0x000000076b400000)
  object space 175104K, 15% used [0x00000006c1c00000,0x00000006c35b5290,0x00000006cc700000)
 Metaspace       used 9304K, capacity 9629K, committed 9856K, reserved 1058816K
  class space    used 972K, capacity 1049K, committed 1152K, reserved 1048576K
Event: 81.970 GC heap after
Heap after GC invocations=73 (full 0):
 PSYoungGen      total 67584K, used 96K [0x000000076b400000, 0x0000000771680000, 0x00000007c0000000)
  eden space 66560K, 0% used [0x000000076b400000,0x000000076b400000,0x000000076f500000)
  from space 1024K, 9% used [0x0000000771480000,0x0000000771498000,0x0000000771580000)
  to   space 512K, 0% used [0x0000000771600000,0x0000000771600000,0x0000000771680000)
 ParOldGen       total 175104K, used 26356K [0x00000006c1c00000, 0x00000006cc700000, 0x000000076b400000)
  object space 175104K, 15% used [0x00000006c1c00000,0x00000006c35bd290,0x00000006cc700000)
 Metaspace       used 9304K, capacity 9629K, committed 9856K, reserved 1058816K
  class space    used 972K, capacity 1049K, committed 1152K, reserved 1048576K
}
Event: 82.076 GC heap before
{Heap before GC invocations=74 (full 0):
 PSYoungGen      total 67584K, used 66656K [0x000000076b400000, 0x0000000771680000, 0x00000007c0000000)
  eden space 66560K, 100% used [0x000000076b400000,0x000000076f500000,0x000000076f500000)
  from space 1024K, 9% used [0x0000000771480000,0x0000000771498000,0x0000000771580000)
  to   space 512K, 0% used [0x0000000771600000,0x0000000771600000,0x0000000771680000)
 ParOldGen       total 175104K, used 26356K [0x00000006c1c00000, 0x00000006cc700000, 0x000000076b400000)
  object space 175104K, 15% used [0x00000006c1c00000,0x00000006c35bd290,0x00000006cc700000)
 Metaspace       used 9304K, capacity 9629K, committed 9856K, reserved 1058816K
  class space    used 972K, capacity 1049K, committed 1152K, reserved 1048576K
Event: 82.076 GC heap after
Heap after GC invocations=74 (full 0):
 PSYoungGen      total 65536K, used 64K [0x000000076b400000, 0x0000000771680000, 0x00000007c0000000)
  eden space 65024K, 0% used [0x000000076b400000,0x000000076b400000,0x000000076f380000)
  from space 512K, 12% used [0x0000000771600000,0x0000000771610000,0x0000000771680000)
  to   space 512K, 0% used [0x0000000771580000,0x0000000771580000,0x0000000771600000)
 ParOldGen       total 175104K, used 26396K [0x00000006c1c00000, 0x00000006cc700000, 0x000000076b400000)
  object space 175104K, 15% used [0x00000006c1c00000,0x00000006c35c7290,0x00000006cc700000)
 Metaspace       used 9304K, capacity 9629K, committed 9856K, reserved 1058816K
  class space    used 972K, capacity 1049K, committed 1152K, reserved 1048576K
}

Deoptimization events (10 events):
Event: 78.841 Thread 0x00000000022ae800 Uncommon trap: reason=class_check action=maybe_recompile pc=0x0000000002b8ca5c method=java.util.TimSort.binarySort([Ljava/lang/Object;IIILjava/util/Comparator;)V @ 93
Event: 78.841 Thread 0x00000000022ae800 Uncommon trap: reason=bimorphic action=maybe_recompile pc=0x0000000002b0ec4c method=java.util.ArrayList.remove(Ljava/lang/Object;)Z @ 56
Event: 78.841 Thread 0x00000000022ae800 Uncommon trap: reason=bimorphic action=maybe_recompile pc=0x0000000002bc7d48 method=java.util.TimSort.countRunAndMakeAscending([Ljava/lang/Object;IILjava/util/Comparator;)I @ 43
Event: 78.841 Thread 0x00000000022ae800 Uncommon trap: reason=class_check action=maybe_recompile pc=0x0000000002b8ca5c method=java.util.TimSort.binarySort([Ljava/lang/Object;IIILjava/util/Comparator;)V @ 93
Event: 78.842 Thread 0x00000000022ae800 Uncommon trap: reason=bimorphic action=maybe_recompile pc=0x0000000002b0ec4c method=java.util.ArrayList.remove(Ljava/lang/Object;)Z @ 56
Event: 78.842 Thread 0x00000000022ae800 Uncommon trap: reason=bimorphic action=maybe_recompile pc=0x0000000002bc7d48 method=java.util.TimSort.countRunAndMakeAscending([Ljava/lang/Object;IILjava/util/Comparator;)I @ 43
Event: 78.842 Thread 0x00000000022ae800 Uncommon trap: reason=class_check action=maybe_recompile pc=0x0000000002b8ca5c method=java.util.TimSort.binarySort([Ljava/lang/Object;IIILjava/util/Comparator;)V @ 93
Event: 79.116 Thread 0x00000000022ae800 Uncommon trap: reason=unstable_if action=reinterpret pc=0x0000000002b07818 method=game.creature.ai.moving.PathFinding.find(Lgame/levels/Level;Lgame/GameObject;Lgame/GameObject;)Lgame/creature/ai/moving/Path; @ 578
Event: 81.990 Thread 0x00000000022ae800 Uncommon trap: reason=unstable_if action=reinterpret pc=0x00000000028c6b3c method=java.util.TimSort.sort([Ljava/lang/Object;IILjava/util/Comparator;[Ljava/lang/Object;II)V @ 45
Event: 81.990 Thread 0x00000000022ae800 Uncommon trap: reason=unstable_if action=reinterpret pc=0x000000000292350c method=java.util.ArrayList.remove(I)Ljava/lang/Object; @ 31

Classes redefined (0 events):
No events

Internal exceptions (9 events):
Event: 0.053 Thread 0x00000000022ae800 Exception <a 'java/lang/NoSuchMethodError': Method sun.misc.Unsafe.defineClass(Ljava/lang/String;[BII)Ljava/lang/Class; name or signature does not match> (0x000000076b407cb0) thrown at [C:\re\workspace\8-2-build-windows-amd64-cygwin\jdk8u181\11358\hotspot
Event: 0.053 Thread 0x00000000022ae800 Exception <a 'java/lang/NoSuchMethodError': Method sun.misc.Unsafe.prefetchRead(Ljava/lang/Object;J)V name or signature does not match> (0x000000076b407f98) thrown at [C:\re\workspace\8-2-build-windows-amd64-cygwin\jdk8u181\11358\hotspot\src\share\vm\prim
Event: 0.152 Thread 0x00000000022ae800 Exception <a 'java/security/PrivilegedActionException'> (0x000000076b4a9350) thrown at [C:\re\workspace\8-2-build-windows-amd64-cygwin\jdk8u181\11358\hotspot\src\share\vm\prims\jvm.cpp, line 1435]
Event: 0.152 Thread 0x00000000022ae800 Exception <a 'java/security/PrivilegedActionException'> (0x000000076b4a9560) thrown at [C:\re\workspace\8-2-build-windows-amd64-cygwin\jdk8u181\11358\hotspot\src\share\vm\prims\jvm.cpp, line 1435]
Event: 0.153 Thread 0x00000000022ae800 Exception <a 'java/security/PrivilegedActionException'> (0x000000076b4ad1d0) thrown at [C:\re\workspace\8-2-build-windows-amd64-cygwin\jdk8u181\11358\hotspot\src\share\vm\prims\jvm.cpp, line 1435]
Event: 0.153 Thread 0x00000000022ae800 Exception <a 'java/security/PrivilegedActionException'> (0x000000076b4ad3e0) thrown at [C:\re\workspace\8-2-build-windows-amd64-cygwin\jdk8u181\11358\hotspot\src\share\vm\prims\jvm.cpp, line 1435]
Event: 0.163 Thread 0x00000000022ae800 Exception <a 'java/io/FileNotFoundException'> (0x000000076b4bbba8) thrown at [C:\re\workspace\8-2-build-windows-amd64-cygwin\jdk8u181\11358\hotspot\src\share\vm\prims\jni.cpp, line 709]
Event: 0.204 Thread 0x00000000022ae800 Exception <a 'java/lang/NoSuchFieldError': method resolution failed> (0x000000076b6d4548) thrown at [C:\re\workspace\8-2-build-windows-amd64-cygwin\jdk8u181\11358\hotspot\src\share\vm\prims\methodHandles.cpp, line 1167]
Event: 0.206 Thread 0x00000000022ae800 Exception <a 'java/lang/NoSuchFieldError': method resolution failed> (0x000000076b6e1918) thrown at [C:\re\workspace\8-2-build-windows-amd64-cygwin\jdk8u181\11358\hotspot\src\share\vm\prims\methodHandles.cpp, line 1167]

Events (10 events):
Event: 82.080 loading class java/util/IdentityHashMap$KeyIterator
Event: 82.080 loading class java/util/IdentityHashMap$KeyIterator done
Event: 82.080 Thread 0x000000001d7eb000 Thread added: 0x000000001d7eb000
Event: 82.080 Thread 0x000000001d7ec000 Thread added: 0x000000001d7ec000
Event: 82.081 Thread 0x000000001d7eb000 Thread exited: 0x000000001d7eb000
Event: 82.081 Thread 0x000000001d7ec800 Thread added: 0x000000001d7ec800
Event: 82.084 Thread 0x000000001dab1800 Thread exited: 0x000000001dab1800
Event: 82.181 Thread 0x000000001d7ec000 Thread exited: 0x000000001d7ec000
Event: 82.182 Thread 0x000000001c121000 Thread exited: 0x000000001c121000
Event: 82.182 Executing VM operation: Exit


Dynamic libraries:
0x000000013f120000 - 0x000000013f157000 	C:\Program Files\Java\jre1.8.0_181\bin\javaw.exe
0x0000000076d80000 - 0x0000000076f2a000 	C:\windows\SYSTEM32\ntdll.dll
0x0000000076c60000 - 0x0000000076d7f000 	C:\windows\system32\kernel32.dll
0x000007fefcbd0000 - 0x000007fefcc3a000 	C:\windows\system32\KERNELBASE.dll
0x000007fefd060000 - 0x000007fefd13b000 	C:\windows\system32\ADVAPI32.dll
0x000007fefe290000 - 0x000007fefe32f000 	C:\windows\system32\msvcrt.dll
0x000007fefeb50000 - 0x000007fefeb6f000 	C:\windows\SYSTEM32\sechost.dll
0x000007fefee60000 - 0x000007fefef8d000 	C:\windows\system32\RPCRT4.dll
0x0000000076b60000 - 0x0000000076c5a000 	C:\windows\system32\USER32.dll
0x000007fefe6c0000 - 0x000007fefe727000 	C:\windows\system32\GDI32.dll
0x000007fefec60000 - 0x000007fefec6e000 	C:\windows\system32\LPK.dll
0x000007fefef90000 - 0x000007feff05a000 	C:\windows\system32\USP10.dll
0x000007fefae80000 - 0x000007fefb074000 	C:\windows\WinSxS\amd64_microsoft.windows.common-controls_6595b64144ccf1df_6.0.7601.18837_none_fa3b1e3d17594757\COMCTL32.dll
0x000007fefcfe0000 - 0x000007fefd051000 	C:\windows\system32\SHLWAPI.dll
0x000007fefe730000 - 0x000007fefe75e000 	C:\windows\system32\IMM32.DLL
0x000007fefce50000 - 0x000007fefcf59000 	C:\windows\system32\MSCTF.dll
0x0000000078a00000 - 0x0000000078ad2000 	C:\Program Files\Java\jre1.8.0_181\bin\msvcr100.dll
0x0000000070440000 - 0x0000000070ce2000 	C:\Program Files\Java\jre1.8.0_181\bin\server\jvm.dll
0x000007fef6f20000 - 0x000007fef6f29000 	C:\windows\system32\WSOCK32.dll
0x000007fefec10000 - 0x000007fefec5d000 	C:\windows\system32\WS2_32.dll
0x000007fefce40000 - 0x000007fefce48000 	C:\windows\system32\NSI.dll
0x000007fefa960000 - 0x000007fefa99b000 	C:\windows\system32\WINMM.dll
0x000007fefbad0000 - 0x000007fefbadc000 	C:\windows\system32\VERSION.dll
0x0000000076f50000 - 0x0000000076f57000 	C:\windows\system32\PSAPI.DLL
0x000000006cc20000 - 0x000000006cc2f000 	C:\Program Files\Java\jre1.8.0_181\bin\verify.dll
0x0000000067100000 - 0x0000000067129000 	C:\Program Files\Java\jre1.8.0_181\bin\java.dll
0x0000000067140000 - 0x0000000067156000 	C:\Program Files\Java\jre1.8.0_181\bin\zip.dll
0x000007fefd500000 - 0x000007fefe28a000 	C:\windows\system32\SHELL32.dll
0x000007fefe940000 - 0x000007fefeb43000 	C:\windows\system32\ole32.dll
0x000007fefca80000 - 0x000007fefca8f000 	C:\windows\system32\profapi.dll
0x000000006c850000 - 0x000000006c9e9000 	C:\Program Files\Java\jre1.8.0_181\bin\awt.dll
0x000007fefd420000 - 0x000007fefd4fa000 	C:\windows\system32\OLEAUT32.dll
0x000007fefb4c0000 - 0x000007fefb516000 	C:\windows\system32\uxtheme.dll
0x000007fefbab0000 - 0x000007fefbac8000 	C:\windows\system32\dwmapi.dll
0x000007fefc920000 - 0x000007fefc92f000 	C:\windows\system32\CRYPTBASE.dll
0x0000000180000000 - 0x0000000180051000 	C:\Users\Admin\Documents\Java Libraries\LWJGL 2\natives\lwjgl64.dll
0x000007fec37d0000 - 0x000007fec38ed000 	C:\windows\system32\OPENGL32.dll
0x000007fec3c20000 - 0x000007fec3c4d000 	C:\windows\system32\GLU32.dll
0x000007fec36d0000 - 0x000007fec37c1000 	C:\windows\system32\DDRAW.dll
0x000007fec3c10000 - 0x000007fec3c18000 	C:\windows\system32\DCIMAN32.dll
0x000007fefe760000 - 0x000007fefe937000 	C:\windows\system32\SETUPAPI.dll
0x000007fefcc50000 - 0x000007fefcc86000 	C:\windows\system32\CFGMGR32.dll
0x000007fefcaa0000 - 0x000007fefcaba000 	C:\windows\system32\DEVOBJ.dll
0x000007fef2a50000 - 0x000007fef2a68000 	C:\windows\system32\atig6pxx.dll
0x000007feccb70000 - 0x000007fecccb1000 	C:\windows\system32\atiadlxx.dll
0x000007fefb6e0000 - 0x000007fefb80c000 	C:\windows\system32\PROPSYS.dll
0x000007fefccb0000 - 0x000007fefccce000 	C:\windows\system32\USERENV.dll
0x000007fefbb10000 - 0x000007fefbb21000 	C:\windows\system32\WTSAPI32.dll
0x000007fef95d0000 - 0x000007fef95f7000 	C:\windows\system32\IPHLPAPI.DLL
0x000007fef95c0000 - 0x000007fef95cb000 	C:\windows\system32\WINNSI.DLL
0x000007fefcae0000 - 0x000007fefcb1b000 	C:\windows\system32\WINTRUST.dll
0x000007fefccd0000 - 0x000007fefce3d000 	C:\windows\system32\CRYPT32.dll
0x000007fefca90000 - 0x000007fefca9f000 	C:\windows\system32\MSASN1.dll
0x000007feaf280000 - 0x000007feaffc9000 	C:\windows\system32\ig9icd64.dll
0x000007fef2780000 - 0x000007fef27ac000 	C:\windows\system32\atig6txx.dll
0x000007fef9900000 - 0x000007fef999c000 	C:\windows\system32\mscms.dll
0x000007fef9a50000 - 0x000007fef9a92000 	C:\windows\system32\icm32.dll
0x000007feed6e0000 - 0x000007feee83c000 	C:\windows\system32\igc64.dll
0x000007fee4d20000 - 0x000007fee4d75000 	C:\Program Files (x86)\obs-studio\data\obs-plugins\win-capture\graphics-hook64.dll
0x0000000067130000 - 0x000000006713c000 	C:\Program Files\Java\jre1.8.0_181\bin\jsound.dll
0x000000006cc10000 - 0x000000006cc1b000 	C:\Program Files\Java\jre1.8.0_181\bin\jsoundds.dll
0x000007fee2020000 - 0x000007fee20a8000 	C:\windows\system32\DSOUND.dll
0x000007fefbae0000 - 0x000007fefbb0c000 	C:\windows\system32\POWRPROF.dll
0x000007fefb810000 - 0x000007fefb85b000 	C:\windows\system32\MMDevAPI.DLL
0x000007fefa8e0000 - 0x000007fefa91b000 	C:\windows\system32\wdmaud.drv
0x0000000074820000 - 0x0000000074826000 	C:\windows\system32\ksuser.dll
0x000007fefb650000 - 0x000007fefb659000 	C:\windows\system32\AVRT.dll
0x000007fefa660000 - 0x000007fefa6af000 	C:\windows\system32\AUDIOSES.DLL
0x000007fefa4b0000 - 0x000007fefa4ba000 	C:\windows\system32\msacm32.drv
0x000007fefa490000 - 0x000007fefa4a8000 	C:\windows\system32\MSACM32.dll
0x000007fefa480000 - 0x000007fefa489000 	C:\windows\system32\midimap.dll
0x000007fefe600000 - 0x000007fefe699000 	C:\windows\system32\CLBCatQ.DLL
0x000007fee6960000 - 0x000007fee6a85000 	C:\windows\system32\dbghelp.dll

VM Arguments:
jvm_args: -Djava.library.path=C:\Users\Admin\Documents\Java Libraries\LWJGL 2\natives;C:\Users\Admin\Documents\Java Libraries\LWJGL 2\natives -Dfile.encoding=Cp1252 
java_command: game.Game
java_class_path (initial): C:\Users\Magmi\workspace\DimensionsLWJGL\bin;C:\Users\Admin\Documents\Java Libraries\LWJGL 2\jars\lwjgl.jar;C:\Users\Admin\Documents\Java Libraries\LWJGL 2\jars\lwjgl_util.jar;C:\Users\Admin\Documents\Java Libraries\LWJGL 2\jars\slick-util.jar
Launcher Type: SUN_STANDARD

Environment Variables:
PATH=C:/Program Files/Java/jre1.8.0_181/bin/server;C:/Program Files/Java/jre1.8.0_181/bin;C:/Program Files/Java/jre1.8.0_181/lib/amd64;C:\Program Files (x86)\Common Files\Oracle\Java\javapath;C:\ProgramData\Oracle\Java\javapath;C:\Program Files\Common Files\Microsoft Shared\Windows Live;C:\Program Files (x86)\Common Files\Microsoft Shared\Windows Live;C:\Program Files (x86)\Intel\iCLS Client\;C:\Program Files\Intel\iCLS Client\;C:\windows\system32;C:\windows;C:\windows\System32\Wbem;C:\windows\System32\WindowsPowerShell\v1.0\;C:\Program Files (x86)\Intel\Intel(R) Management Engine Components\DAL;C:\Program Files\Intel\Intel(R) Management Engine Components\DAL;C:\Program Files (x86)\Intel\Intel(R) Management Engine Components\IPT;C:\Program Files\Intel\Intel(R) Management Engine Components\IPT;C:\Program Files (x86)\ATI Technologies\ATI.ACE\Core-Static;C:\Program Files (x86)\Common Files\Lenovo;C:\ProgramData\Lenovo\ReadyApps;C:\Program Files (x86)\Common Files\lenovo\easyplussdk\bin;C:\Program Files (x86)\Windows Live\Shared;C:\Program Files\Git\cmd;C:\Program Files\Intel\WiFi\bin\;C:\Program Files\Common Files\Intel\WirelessCommon\;C:\Program Files (x86)\Lenovo\Access Connections\;C:\Users\Admin\AppData\Local\Programs\Python\Launcher\;C:\Program Files\Intel\WiFi\bin\;C:\Program Files\Common Files\Intel\WirelessCommon\;C:\Program Files\Eclipse;
USERNAME=Admin
OS=Windows_NT
PROCESSOR_IDENTIFIER=Intel64 Family 6 Model 78 Stepping 3, GenuineIntel



---------------  S Y S T E M  ---------------

OS: Windows 7 , 64 bit Build 7601 (6.1.7601.23572)

CPU:total 4 (initial active 4) (2 cores per cpu, 2 threads per core) family 6 model 78 stepping 3, cmov, cx8, fxsr, mmx, sse, sse2, sse3, ssse3, sse4.1, sse4.2, popcnt, avx, avx2, aes, clmul, erms, 3dnowpref, lzcnt, ht, tsc, tscinvbit, bmi1, bmi2, adx

Memory: 4k page, physical 16657452k(8856988k free), swap 33232920k(16529164k free)

vm_info: Java HotSpot(TM) 64-Bit Server VM (25.181-b13) for windows-amd64 JRE (1.8.0_181-b13), built on Jul  7 2018 04:01:33 by "java_re" with MS VC++ 10.0 (VS2010)

time: Tue Dec 04 21:17:11 2018
elapsed time: 82 seconds (0d 0h 1m 22s)

