#
# A fatal error has been detected by the Java Runtime Environment:
#
#  EXCEPTION_ACCESS_VIOLATION (0xc0000005) at pc=0x000007feafb3a5ce, pid=30944, tid=0x000000000000570c
#
# JRE version: Java(TM) SE Runtime Environment (8.0_181-b13) (build 1.8.0_181-b13)
# Java VM: Java HotSpot(TM) 64-Bit Server VM (25.181-b13 mixed mode windows-amd64 compressed oops)
# Problematic frame:
# C  [ig9icd64.dll+0x8ba5ce]
#
# Failed to write core dump. Minidumps are not enabled by default on client versions of Windows
#
# If you would like to submit a bug report, please visit:
#   http://bugreport.java.com/bugreport/crash.jsp
#

---------------  T H R E A D  ---------------

Current thread (0x000000001be4b000):  VMThread [stack: 0x000000001cdb0000,0x000000001ceb0000] [id=22284]

siginfo: ExceptionCode=0xc0000005, reading address 0x0000000000001158

Registers:
RAX=0x00000000004c49d0, RBX=0x000007fee4d080b4, RCX=0x0000000000000001, RDX=0x000007fee4d080a8
RSP=0x000000001ceaf118, RBP=0x000007fee4d08070, RSI=0x0000000000020000, RDI=0x0000000000000000
R8 =0x0000000000000000, R9 =0x0000000000000018, R10=0x00000000c0000008, R11=0x0000000000000246
R12=0x000007fffffd4000, R13=0x000007fffffac000, R14=0x0000000076eb2bc0, R15=0x0000000076ead670
RIP=0x000007feafb3a5ce, EFLAGS=0x0000000000010246

Top of Stack: (sp=0x000000001ceaf118)
0x000000001ceaf118:   000007fee4cc4670 000007fffffd4000
0x000000001ceaf128:   000007fefb6e937b 0000000076ead670
0x000000001ceaf138:   0000000000000000 000000001bd35400
0x000000001ceaf148:   000007fee4cc5bf4 0000000000000000
0x000000001ceaf158:   0000000000020000 0000000000000000
0x000000001ceaf168:   0000000000000001 000007fec37d0000
0x000000001ceaf178:   000007fec37f752d 0000000000000000
0x000000001ceaf188:   0000000000000000 000007fef2791310
0x000000001ceaf198:   0000000076c81a0a 0000000000000001
0x000000001ceaf1a8:   000007fec37dc1ef 0000000000000001
0x000000001ceaf1b8:   0000000000000000 0000000000000000
0x000000001ceaf1c8:   000000001e724e70 0000000000000000
0x000000001ceaf1d8:   000007fec37dc586 000000018001c560
0x000000001ceaf1e8:   000000001e724e70 000000018001c558
0x000000001ceaf1f8:   0000000076c81a0a 0000000000000000
0x000000001ceaf208:   000007fec38aa1c3 0000000000000001 

Instructions: (pc=0x000007feafb3a5ce)
0x000007feafb3a5ae:   cc cc 44 8b 05 95 a6 3d 00 65 48 8b 04 25 58 00
0x000007feafb3a5be:   00 00 41 b9 18 00 00 00 4a 8b 04 c0 4e 8b 04 08
0x000007feafb3a5ce:   49 ff a0 58 11 00 00 cc cc cc cc cc cc cc cc cc
0x000007feafb3a5de:   cc cc 44 8b 05 65 a6 3d 00 65 48 8b 04 25 58 00 


Register to memory mapping:

RAX=0x00000000004c49d0 is an unknown value
RBX=0x000007fee4d080b4 is an unknown value
RCX=0x0000000000000001 is an unknown value
RDX=0x000007fee4d080a8 is an unknown value
RSP=0x000000001ceaf118 is an unknown value
RBP=0x000007fee4d08070 is an unknown value
RSI=0x0000000000020000 is an unknown value
RDI=0x0000000000000000 is an unknown value
R8 =0x0000000000000000 is an unknown value
R9 =0x0000000000000018 is an unknown value
R10=0x00000000c0000008 is an unknown value
R11=0x0000000000000246 is an unknown value
R12=0x000007fffffd4000 is an unknown value
R13=0x000007fffffac000 is an unknown value
R14=0x0000000076eb2bc0 is an unknown value
R15=0x0000000076ead670 is an unknown value


Stack: [0x000000001cdb0000,0x000000001ceb0000],  sp=0x000000001ceaf118,  free space=1020k
Native frames: (J=compiled Java code, j=interpreted, Vv=VM code, C=native code)
C  [ig9icd64.dll+0x8ba5ce]

VM_Operation (0x000000000232efa0): Exit, mode: safepoint, requested by thread 0x000000000222e800


---------------  P R O C E S S  ---------------

Java Threads: ( => current thread )
  0x000000001e99c800 JavaThread "AWT-Shutdown" [_thread_blocked, id=31568, stack(0x0000000024700000,0x0000000024800000)]
  0x000000005def6800 JavaThread "Direct Clip" daemon [_thread_blocked, id=16432, stack(0x0000000025090000,0x0000000025190000)]
  0x000000001eda7800 JavaThread "Direct Clip" daemon [_thread_blocked, id=1580, stack(0x0000000028900000,0x0000000028a00000)]
  0x00000000273cf000 JavaThread "Direct Clip" daemon [_thread_blocked, id=2736, stack(0x000000002ea20000,0x000000002eb20000)]
  0x000000001d69c000 JavaThread "Direct Clip" daemon [_thread_blocked, id=22932, stack(0x000000002e810000,0x000000002e910000)]
  0x000000002a65e000 JavaThread "Direct Clip" daemon [_thread_blocked, id=23528, stack(0x000000002e2f0000,0x000000002e3f0000)]
  0x000000002aceb000 JavaThread "Direct Clip" daemon [_thread_blocked, id=30484, stack(0x000000002de50000,0x000000002df50000)]
  0x0000000027952000 JavaThread "Java Sound Event Dispatcher" daemon [_thread_blocked, id=29512, stack(0x0000000024bf0000,0x0000000024cf0000)]
  0x000000001eda7000 JavaThread "LWJGL Timer" daemon [_thread_blocked, id=26988, stack(0x000000005dc70000,0x000000005dd70000)]
  0x000000001d8ef000 JavaThread "Java2D Disposer" daemon [_thread_blocked, id=31620, stack(0x000000001e250000,0x000000001e350000)]
  0x000000001d611800 JavaThread "Service Thread" daemon [_thread_blocked, id=20364, stack(0x000000001dda0000,0x000000001dea0000)]
  0x000000001d59e800 JavaThread "C1 CompilerThread2" daemon [_thread_blocked, id=26172, stack(0x000000001d1b0000,0x000000001d2b0000)]
  0x000000001d593000 JavaThread "C2 CompilerThread1" daemon [_thread_blocked, id=31380, stack(0x000000001dc20000,0x000000001dd20000)]
  0x000000001beb8000 JavaThread "C2 CompilerThread0" daemon [_thread_blocked, id=14548, stack(0x000000001da10000,0x000000001db10000)]
  0x000000001beb5800 JavaThread "Attach Listener" daemon [_thread_blocked, id=29880, stack(0x000000001d480000,0x000000001d580000)]
  0x000000001be9a000 JavaThread "Finalizer" daemon [_thread_blocked, id=27056, stack(0x000000001d090000,0x000000001d190000)]
  0x000000001be52800 JavaThread "Reference Handler" daemon [_thread_blocked, id=26152, stack(0x000000001cee0000,0x000000001cfe0000)]
  0x000000000222e800 JavaThread "main" [_thread_blocked, id=13592, stack(0x0000000002230000,0x0000000002330000)]

Other Threads:
=>0x000000001be4b000 VMThread [stack: 0x000000001cdb0000,0x000000001ceb0000] [id=22284]

VM state:at safepoint (shutting down)

VM Mutex/Monitor currently owned by a thread:  ([mutex/lock_event])
[0x000000000222cf80] Threads_lock - owner thread: 0x000000001be4b000

Heap:
 PSYoungGen      total 54272K, used 31848K [0x000000076b400000, 0x000000076f100000, 0x00000007c0000000)
  eden space 48128K, 64% used [0x000000076b400000,0x000000076d252030,0x000000076e300000)
  from space 6144K, 13% used [0x000000076eb00000,0x000000076ebc8000,0x000000076f100000)
  to   space 7168K, 0% used [0x000000076e300000,0x000000076e300000,0x000000076ea00000)
 ParOldGen       total 175104K, used 22697K [0x00000006c1c00000, 0x00000006cc700000, 0x000000076b400000)
  object space 175104K, 12% used [0x00000006c1c00000,0x00000006c322a5e0,0x00000006cc700000)
 Metaspace       used 9269K, capacity 9633K, committed 9856K, reserved 1058816K
  class space    used 972K, capacity 1051K, committed 1152K, reserved 1048576K

Card table byte_map: [0x00000000119c0000,0x00000000121c0000] byte_map_base: 0x000000000e3b2000

Marking Bits: (ParMarkBitMap*) 0x0000000070ee2d00
 Begin Bits: [0x0000000012da0000, 0x0000000016d30000)
 End Bits:   [0x0000000016d30000, 0x000000001acc0000)

Polling page: 0x0000000000130000

CodeCache: size=245760Kb used=5282Kb max_used=6801Kb free=240477Kb
 bounds [0x0000000002600000, 0x0000000002cc0000, 0x0000000011600000]
 total_blobs=1878 nmethods=1373 adapters=417
 compilation: enabled

Compilation events (10 events):
Event: 70.826 Thread 0x000000001d593000 1727       4       engine.rendering.Screen::render (194 bytes)
Event: 70.919 Thread 0x000000001d593000 nmethod 1727 0x00000000029bbad0 code [0x00000000029bbea0, 0x00000000029bf5c8]
Event: 71.258 Thread 0x000000001d59e800 1728       3       game.creature.monster.MonsterSlime::getZIndex (11 bytes)
Event: 71.258 Thread 0x000000001d59e800 nmethod 1728 0x0000000002991ad0 code [0x0000000002991c60, 0x0000000002991ed0]
Event: 73.558 Thread 0x000000001d59e800 1729       3       game.creature.monster.MonsterSlime::render (101 bytes)
Event: 73.558 Thread 0x000000001d59e800 nmethod 1729 0x0000000002993150 code [0x0000000002993360, 0x0000000002993d18]
Event: 73.558 Thread 0x000000001d59e800 1730       3       game.creature.monster.MonsterSlime::renderGUI (54 bytes)
Event: 73.559 Thread 0x000000001d59e800 nmethod 1730 0x00000000029474d0 code [0x0000000002947700, 0x0000000002948138]
Event: 73.559 Thread 0x000000001d59e800 1731       3       game.creature.monster.MonsterSlime::getClickHitbox (19 bytes)
Event: 73.559 Thread 0x000000001d59e800 nmethod 1731 0x000000000299bdd0 code [0x000000000299bf80, 0x000000000299c2e8]

GC Heap History (10 events):
Event: 58.712 GC heap before
{Heap before GC invocations=16 (full 0):
 PSYoungGen      total 54272K, used 54176K [0x000000076b400000, 0x000000076f800000, 0x00000007c0000000)
  eden space 53248K, 100% used [0x000000076b400000,0x000000076e800000,0x000000076e800000)
  from space 1024K, 90% used [0x000000076e900000,0x000000076e9e8000,0x000000076ea00000)
  to   space 8192K, 0% used [0x000000076f000000,0x000000076f000000,0x000000076f800000)
 ParOldGen       total 175104K, used 18837K [0x00000006c1c00000, 0x00000006cc700000, 0x000000076b400000)
  object space 175104K, 10% used [0x00000006c1c00000,0x00000006c2e65440,0x00000006cc700000)
 Metaspace       used 9234K, capacity 9563K, committed 9856K, reserved 1058816K
  class space    used 970K, capacity 1050K, committed 1152K, reserved 1048576K
Event: 58.720 GC heap after
Heap after GC invocations=16 (full 0):
 PSYoungGen      total 58368K, used 1214K [0x000000076b400000, 0x000000076f600000, 0x00000007c0000000)
  eden space 52224K, 0% used [0x000000076b400000,0x000000076b400000,0x000000076e700000)
  from space 6144K, 19% used [0x000000076f000000,0x000000076f12f8b0,0x000000076f600000)
  to   space 7680K, 0% used [0x000000076e700000,0x000000076e700000,0x000000076ee80000)
 ParOldGen       total 175104K, used 19741K [0x00000006c1c00000, 0x00000006cc700000, 0x000000076b400000)
  object space 175104K, 11% used [0x00000006c1c00000,0x00000006c2f47440,0x00000006cc700000)
 Metaspace       used 9234K, capacity 9563K, committed 9856K, reserved 1058816K
  class space    used 970K, capacity 1050K, committed 1152K, reserved 1048576K
}
Event: 60.111 GC heap before
{Heap before GC invocations=17 (full 0):
 PSYoungGen      total 58368K, used 53438K [0x000000076b400000, 0x000000076f600000, 0x00000007c0000000)
  eden space 52224K, 100% used [0x000000076b400000,0x000000076e700000,0x000000076e700000)
  from space 6144K, 19% used [0x000000076f000000,0x000000076f12f8b0,0x000000076f600000)
  to   space 7680K, 0% used [0x000000076e700000,0x000000076e700000,0x000000076ee80000)
 ParOldGen       total 175104K, used 19741K [0x00000006c1c00000, 0x00000006cc700000, 0x000000076b400000)
  object space 175104K, 11% used [0x00000006c1c00000,0x00000006c2f47440,0x00000006cc700000)
 Metaspace       used 9236K, capacity 9563K, committed 9856K, reserved 1058816K
  class space    used 970K, capacity 1050K, committed 1152K, reserved 1048576K
Event: 60.113 GC heap after
Heap after GC invocations=17 (full 0):
 PSYoungGen      total 51712K, used 480K [0x000000076b400000, 0x000000076f500000, 0x00000007c0000000)
  eden space 51200K, 0% used [0x000000076b400000,0x000000076b400000,0x000000076e600000)
  from space 512K, 93% used [0x000000076e700000,0x000000076e778000,0x000000076e780000)
  to   space 7680K, 0% used [0x000000076ed80000,0x000000076ed80000,0x000000076f500000)
 ParOldGen       total 175104K, used 20851K [0x00000006c1c00000, 0x00000006cc700000, 0x000000076b400000)
  object space 175104K, 11% used [0x00000006c1c00000,0x00000006c305cd10,0x00000006cc700000)
 Metaspace       used 9236K, capacity 9563K, committed 9856K, reserved 1058816K
  class space    used 970K, capacity 1050K, committed 1152K, reserved 1048576K
}
Event: 61.626 GC heap before
{Heap before GC invocations=18 (full 0):
 PSYoungGen      total 51712K, used 51680K [0x000000076b400000, 0x000000076f500000, 0x00000007c0000000)
  eden space 51200K, 100% used [0x000000076b400000,0x000000076e600000,0x000000076e600000)
  from space 512K, 93% used [0x000000076e700000,0x000000076e778000,0x000000076e780000)
  to   space 7680K, 0% used [0x000000076ed80000,0x000000076ed80000,0x000000076f500000)
 ParOldGen       total 175104K, used 20851K [0x00000006c1c00000, 0x00000006cc700000, 0x000000076b400000)
  object space 175104K, 11% used [0x00000006c1c00000,0x00000006c305cd10,0x00000006cc700000)
 Metaspace       used 9238K, capacity 9627K, committed 9856K, reserved 1058816K
  class space    used 970K, capacity 1050K, committed 1152K, reserved 1048576K
Event: 61.628 GC heap after
Heap after GC invocations=18 (full 0):
 PSYoungGen      total 56832K, used 448K [0x000000076b400000, 0x000000076f400000, 0x00000007c0000000)
  eden space 50176K, 0% used [0x000000076b400000,0x000000076b400000,0x000000076e500000)
  from space 6656K, 6% used [0x000000076ed80000,0x000000076edf0000,0x000000076f400000)
  to   space 7680K, 0% used [0x000000076e500000,0x000000076e500000,0x000000076ec80000)
 ParOldGen       total 175104K, used 21259K [0x00000006c1c00000, 0x00000006cc700000, 0x000000076b400000)
  object space 175104K, 12% used [0x00000006c1c00000,0x00000006c30c2d10,0x00000006cc700000)
 Metaspace       used 9238K, capacity 9627K, committed 9856K, reserved 1058816K
  class space    used 970K, capacity 1050K, committed 1152K, reserved 1048576K
}
Event: 64.108 GC heap before
{Heap before GC invocations=19 (full 0):
 PSYoungGen      total 56832K, used 50624K [0x000000076b400000, 0x000000076f400000, 0x00000007c0000000)
  eden space 50176K, 100% used [0x000000076b400000,0x000000076e500000,0x000000076e500000)
  from space 6656K, 6% used [0x000000076ed80000,0x000000076edf0000,0x000000076f400000)
  to   space 7680K, 0% used [0x000000076e500000,0x000000076e500000,0x000000076ec80000)
 ParOldGen       total 175104K, used 21259K [0x00000006c1c00000, 0x00000006cc700000, 0x000000076b400000)
  object space 175104K, 12% used [0x00000006c1c00000,0x00000006c30c2d10,0x00000006cc700000)
 Metaspace       used 9238K, capacity 9627K, committed 9856K, reserved 1058816K
  class space    used 970K, capacity 1050K, committed 1152K, reserved 1048576K
Event: 64.111 GC heap after
Heap after GC invocations=19 (full 0):
 PSYoungGen      total 50688K, used 1054K [0x000000076b400000, 0x000000076f200000, 0x00000007c0000000)
  eden space 49152K, 0% used [0x000000076b400000,0x000000076b400000,0x000000076e400000)
  from space 1536K, 68% used [0x000000076e500000,0x000000076e6078b0,0x000000076e680000)
  to   space 7168K, 0% used [0x000000076eb00000,0x000000076eb00000,0x000000076f200000)
 ParOldGen       total 175104K, used 21699K [0x00000006c1c00000, 0x00000006cc700000, 0x000000076b400000)
  object space 175104K, 12% used [0x00000006c1c00000,0x00000006c3130d10,0x00000006cc700000)
 Metaspace       used 9238K, capacity 9627K, committed 9856K, reserved 1058816K
  class space    used 970K, capacity 1050K, committed 1152K, reserved 1048576K
}
Event: 69.408 GC heap before
{Heap before GC invocations=20 (full 0):
 PSYoungGen      total 50688K, used 50206K [0x000000076b400000, 0x000000076f200000, 0x00000007c0000000)
  eden space 49152K, 100% used [0x000000076b400000,0x000000076e400000,0x000000076e400000)
  from space 1536K, 68% used [0x000000076e500000,0x000000076e6078b0,0x000000076e680000)
  to   space 7168K, 0% used [0x000000076eb00000,0x000000076eb00000,0x000000076f200000)
 ParOldGen       total 175104K, used 21699K [0x00000006c1c00000, 0x00000006cc700000, 0x000000076b400000)
  object space 175104K, 12% used [0x00000006c1c00000,0x00000006c3130d10,0x00000006cc700000)
 Metaspace       used 9257K, capacity 9633K, committed 9856K, reserved 1058816K
  class space    used 971K, capacity 1051K, committed 1152K, reserved 1048576K
Event: 69.410 GC heap after
Heap after GC invocations=20 (full 0):
 PSYoungGen      total 54272K, used 800K [0x000000076b400000, 0x000000076f100000, 0x00000007c0000000)
  eden space 48128K, 0% used [0x000000076b400000,0x000000076b400000,0x000000076e300000)
  from space 6144K, 13% used [0x000000076eb00000,0x000000076ebc8000,0x000000076f100000)
  to   space 7168K, 0% used [0x000000076e300000,0x000000076e300000,0x000000076ea00000)
 ParOldGen       total 175104K, used 22697K [0x00000006c1c00000, 0x00000006cc700000, 0x000000076b400000)
  object space 175104K, 12% used [0x00000006c1c00000,0x00000006c322a5e0,0x00000006cc700000)
 Metaspace       used 9257K, capacity 9633K, committed 9856K, reserved 1058816K
  class space    used 971K, capacity 1051K, committed 1152K, reserved 1048576K
}

Deoptimization events (10 events):
Event: 64.293 Thread 0x000000000222e800 Uncommon trap: reason=unstable_if action=reinterpret pc=0x0000000002bb0330 method=java.util.TimSort.mergeCollapse()V @ 89
Event: 64.310 Thread 0x000000000222e800 Uncommon trap: reason=unstable_if action=reinterpret pc=0x0000000002be0038 method=game.GameObject.move(FF)V @ 17
Event: 64.310 Thread 0x000000000222e800 Uncommon trap: reason=unstable_if action=reinterpret pc=0x0000000002999248 method=sun.misc.FloatingDecimal$BinaryToASCIIBuffer.dtoa(IJIZ)V @ 116
Event: 64.310 Thread 0x000000000222e800 Uncommon trap: reason=unstable_if action=reinterpret pc=0x0000000002a163d0 method=sun.misc.FloatingDecimal$BinaryToASCIIBuffer.getChars([C)I @ 150
Event: 64.310 Thread 0x000000000222e800 Uncommon trap: reason=unstable_if action=reinterpret pc=0x000000000299590c method=java.lang.Long.numberOfTrailingZeros(J)I @ 17
Event: 64.826 Thread 0x000000000222e800 Uncommon trap: reason=unstable_if action=reinterpret pc=0x0000000002a88fec method=game.environment.GrassBlock.getHitbox()Lutils/Hitbox; @ 280
Event: 64.826 Thread 0x000000000222e800 Uncommon trap: reason=unstable_if action=reinterpret pc=0x0000000002838ac0 method=sun.awt.geom.AreaOp.resolveLinks(Ljava/util/Vector;Ljava/util/Vector;Ljava/util/Vector;)V @ 268
Event: 65.326 Thread 0x000000000222e800 Uncommon trap: reason=unstable_if action=reinterpret pc=0x0000000002887004 method=sun.misc.FloatingDecimal$BinaryToASCIIBuffer.dtoa(IJIZ)V @ 714
Event: 68.127 Thread 0x000000000222e800 Uncommon trap: reason=unstable_if action=reinterpret pc=0x0000000002981f0c method=engine.shaders.uniforms.UniformColor.load(FFFF)V @ 41
Event: 68.142 Thread 0x000000000222e800 Uncommon trap: reason=unstable_if action=reinterpret pc=0x000000000296c628 method=engine.shaders.uniforms.UniformColor.load(FFFF)V @ 41

Classes redefined (0 events):
No events

Internal exceptions (10 events):
Event: 0.032 Thread 0x000000000222e800 Exception <a 'java/lang/NoSuchMethodError': Method sun.misc.Unsafe.prefetchRead(Ljava/lang/Object;J)V name or signature does not match> (0x000000076b407f98) thrown at [C:\re\workspace\8-2-build-windows-amd64-cygwin\jdk8u181\11358\hotspot\src\share\vm\prim
Event: 0.121 Thread 0x000000000222e800 Exception <a 'java/security/PrivilegedActionException'> (0x000000076b4a9260) thrown at [C:\re\workspace\8-2-build-windows-amd64-cygwin\jdk8u181\11358\hotspot\src\share\vm\prims\jvm.cpp, line 1435]
Event: 0.121 Thread 0x000000000222e800 Exception <a 'java/security/PrivilegedActionException'> (0x000000076b4a9470) thrown at [C:\re\workspace\8-2-build-windows-amd64-cygwin\jdk8u181\11358\hotspot\src\share\vm\prims\jvm.cpp, line 1435]
Event: 0.121 Thread 0x000000000222e800 Exception <a 'java/security/PrivilegedActionException'> (0x000000076b4ad0e0) thrown at [C:\re\workspace\8-2-build-windows-amd64-cygwin\jdk8u181\11358\hotspot\src\share\vm\prims\jvm.cpp, line 1435]
Event: 0.121 Thread 0x000000000222e800 Exception <a 'java/security/PrivilegedActionException'> (0x000000076b4ad2f0) thrown at [C:\re\workspace\8-2-build-windows-amd64-cygwin\jdk8u181\11358\hotspot\src\share\vm\prims\jvm.cpp, line 1435]
Event: 0.130 Thread 0x000000000222e800 Exception <a 'java/io/FileNotFoundException'> (0x000000076b4bbab8) thrown at [C:\re\workspace\8-2-build-windows-amd64-cygwin\jdk8u181\11358\hotspot\src\share\vm\prims\jni.cpp, line 709]
Event: 0.166 Thread 0x000000000222e800 Exception <a 'java/lang/NoSuchFieldError': method resolution failed> (0x000000076b6d4820) thrown at [C:\re\workspace\8-2-build-windows-amd64-cygwin\jdk8u181\11358\hotspot\src\share\vm\prims\methodHandles.cpp, line 1167]
Event: 0.168 Thread 0x000000000222e800 Exception <a 'java/lang/NoSuchFieldError': method resolution failed> (0x000000076b6e1bf0) thrown at [C:\re\workspace\8-2-build-windows-amd64-cygwin\jdk8u181\11358\hotspot\src\share\vm\prims\methodHandles.cpp, line 1167]
Event: 0.754 Thread 0x000000000222e800 Implicit null exception at 0x000000000284f7e7 to 0x000000000284f911
Event: 4.564 Thread 0x000000000222e800 Implicit null exception at 0x0000000002987243 to 0x000000000298737d

Events (10 events):
Event: 73.608 loading class java/util/IdentityHashMap$KeyIterator
Event: 73.608 loading class java/util/IdentityHashMap$KeyIterator done
Event: 73.608 Thread 0x000000001e99c800 Thread added: 0x000000001e99c800
Event: 73.608 Thread 0x000000001e99d800 Thread added: 0x000000001e99d800
Event: 73.609 Thread 0x000000001e99c800 Thread exited: 0x000000001e99c800
Event: 73.609 Thread 0x000000001e99c800 Thread added: 0x000000001e99c800
Event: 73.611 Thread 0x000000001d944800 Thread exited: 0x000000001d944800
Event: 73.709 Thread 0x000000001e99d800 Thread exited: 0x000000001e99d800
Event: 73.709 Thread 0x000000001beb1000 Thread exited: 0x000000001beb1000
Event: 73.709 Executing VM operation: Exit


Dynamic libraries:
0x000000013fe20000 - 0x000000013fe57000 	C:\Program Files\Java\jre1.8.0_181\bin\javaw.exe
0x0000000076d80000 - 0x0000000076f2a000 	C:\windows\SYSTEM32\ntdll.dll
0x0000000076c60000 - 0x0000000076d7f000 	C:\windows\system32\kernel32.dll
0x000007fefcbd0000 - 0x000007fefcc3a000 	C:\windows\system32\KERNELBASE.dll
0x000007fefd060000 - 0x000007fefd13b000 	C:\windows\system32\ADVAPI32.dll
0x000007fefe290000 - 0x000007fefe32f000 	C:\windows\system32\msvcrt.dll
0x000007fefeb50000 - 0x000007fefeb6f000 	C:\windows\SYSTEM32\sechost.dll
0x000007fefee60000 - 0x000007fefef8d000 	C:\windows\system32\RPCRT4.dll
0x0000000076b60000 - 0x0000000076c5a000 	C:\windows\system32\USER32.dll
0x000007fefe6c0000 - 0x000007fefe727000 	C:\windows\system32\GDI32.dll
0x000007fefec60000 - 0x000007fefec6e000 	C:\windows\system32\LPK.dll
0x000007fefef90000 - 0x000007feff05a000 	C:\windows\system32\USP10.dll
0x000007fefae80000 - 0x000007fefb074000 	C:\windows\WinSxS\amd64_microsoft.windows.common-controls_6595b64144ccf1df_6.0.7601.18837_none_fa3b1e3d17594757\COMCTL32.dll
0x000007fefcfe0000 - 0x000007fefd051000 	C:\windows\system32\SHLWAPI.dll
0x000007fefe730000 - 0x000007fefe75e000 	C:\windows\system32\IMM32.DLL
0x000007fefce50000 - 0x000007fefcf59000 	C:\windows\system32\MSCTF.dll
0x0000000078d40000 - 0x0000000078e12000 	C:\Program Files\Java\jre1.8.0_181\bin\msvcr100.dll
0x00000000706c0000 - 0x0000000070f62000 	C:\Program Files\Java\jre1.8.0_181\bin\server\jvm.dll
0x000007fef6f20000 - 0x000007fef6f29000 	C:\windows\system32\WSOCK32.dll
0x000007fefec10000 - 0x000007fefec5d000 	C:\windows\system32\WS2_32.dll
0x000007fefce40000 - 0x000007fefce48000 	C:\windows\system32\NSI.dll
0x000007fefa960000 - 0x000007fefa99b000 	C:\windows\system32\WINMM.dll
0x000007fefbad0000 - 0x000007fefbadc000 	C:\windows\system32\VERSION.dll
0x0000000076f50000 - 0x0000000076f57000 	C:\windows\system32\PSAPI.DLL
0x000000006d570000 - 0x000000006d57f000 	C:\Program Files\Java\jre1.8.0_181\bin\verify.dll
0x0000000067130000 - 0x0000000067159000 	C:\Program Files\Java\jre1.8.0_181\bin\java.dll
0x000000006cc10000 - 0x000000006cc26000 	C:\Program Files\Java\jre1.8.0_181\bin\zip.dll
0x000007fefd500000 - 0x000007fefe28a000 	C:\windows\system32\SHELL32.dll
0x000007fefe940000 - 0x000007fefeb43000 	C:\windows\system32\ole32.dll
0x000007fefca80000 - 0x000007fefca8f000 	C:\windows\system32\profapi.dll
0x000000006c2e0000 - 0x000000006c479000 	C:\Program Files\Java\jre1.8.0_181\bin\awt.dll
0x000007fefd420000 - 0x000007fefd4fa000 	C:\windows\system32\OLEAUT32.dll
0x000007fefb4c0000 - 0x000007fefb516000 	C:\windows\system32\uxtheme.dll
0x000007fefbab0000 - 0x000007fefbac8000 	C:\windows\system32\dwmapi.dll
0x000007fefc920000 - 0x000007fefc92f000 	C:\windows\system32\CRYPTBASE.dll
0x0000000180000000 - 0x0000000180051000 	C:\Users\Admin\Documents\Java Libraries\LWJGL 2\natives\lwjgl64.dll
0x000007fec37d0000 - 0x000007fec38ed000 	C:\windows\system32\OPENGL32.dll
0x000007fec3c20000 - 0x000007fec3c4d000 	C:\windows\system32\GLU32.dll
0x000007fec36d0000 - 0x000007fec37c1000 	C:\windows\system32\DDRAW.dll
0x000007fec3c10000 - 0x000007fec3c18000 	C:\windows\system32\DCIMAN32.dll
0x000007fefe760000 - 0x000007fefe937000 	C:\windows\system32\SETUPAPI.dll
0x000007fefcc50000 - 0x000007fefcc86000 	C:\windows\system32\CFGMGR32.dll
0x000007fefcaa0000 - 0x000007fefcaba000 	C:\windows\system32\DEVOBJ.dll
0x000007fef2790000 - 0x000007fef27a8000 	C:\windows\system32\atig6pxx.dll
0x000007febbc50000 - 0x000007febbd91000 	C:\windows\system32\atiadlxx.dll
0x000007fefb6e0000 - 0x000007fefb80c000 	C:\windows\system32\PROPSYS.dll
0x000007fefccb0000 - 0x000007fefccce000 	C:\windows\system32\USERENV.dll
0x000007fefbb10000 - 0x000007fefbb21000 	C:\windows\system32\WTSAPI32.dll
0x000007fef95d0000 - 0x000007fef95f7000 	C:\windows\system32\IPHLPAPI.DLL
0x000007fef95c0000 - 0x000007fef95cb000 	C:\windows\system32\WINNSI.DLL
0x000007fefcae0000 - 0x000007fefcb1b000 	C:\windows\system32\WINTRUST.dll
0x000007fefccd0000 - 0x000007fefce3d000 	C:\windows\system32\CRYPT32.dll
0x000007fefca90000 - 0x000007fefca9f000 	C:\windows\system32\MSASN1.dll
0x000007feaf280000 - 0x000007feaffc9000 	C:\windows\system32\ig9icd64.dll
0x000007fee4df0000 - 0x000007fee4e1c000 	C:\windows\system32\atig6txx.dll
0x000007fef9900000 - 0x000007fef999c000 	C:\windows\system32\mscms.dll
0x000007fef9a50000 - 0x000007fef9a92000 	C:\windows\system32\icm32.dll
0x000007feed6e0000 - 0x000007feee83c000 	C:\windows\system32\igc64.dll
0x000007fee4cc0000 - 0x000007fee4d15000 	C:\Program Files (x86)\obs-studio\data\obs-plugins\win-capture\graphics-hook64.dll
0x000000006d500000 - 0x000000006d50c000 	C:\Program Files\Java\jre1.8.0_181\bin\jsound.dll
0x0000000066c70000 - 0x0000000066c7b000 	C:\Program Files\Java\jre1.8.0_181\bin\jsoundds.dll
0x000007fee2020000 - 0x000007fee20a8000 	C:\windows\system32\DSOUND.dll
0x000007fefbae0000 - 0x000007fefbb0c000 	C:\windows\system32\POWRPROF.dll
0x000007fefb810000 - 0x000007fefb85b000 	C:\windows\system32\MMDevAPI.DLL
0x000007fefa8e0000 - 0x000007fefa91b000 	C:\windows\system32\wdmaud.drv
0x0000000074820000 - 0x0000000074826000 	C:\windows\system32\ksuser.dll
0x000007fefb650000 - 0x000007fefb659000 	C:\windows\system32\AVRT.dll
0x000007fefa660000 - 0x000007fefa6af000 	C:\windows\system32\AUDIOSES.DLL
0x000007fefa4b0000 - 0x000007fefa4ba000 	C:\windows\system32\msacm32.drv
0x000007fefa490000 - 0x000007fefa4a8000 	C:\windows\system32\MSACM32.dll
0x000007fefa480000 - 0x000007fefa489000 	C:\windows\system32\midimap.dll
0x000007fefe600000 - 0x000007fefe699000 	C:\windows\system32\CLBCatQ.DLL
0x000007fee6960000 - 0x000007fee6a85000 	C:\windows\system32\dbghelp.dll

VM Arguments:
jvm_args: -Djava.library.path=C:\Users\Admin\Documents\Java Libraries\LWJGL 2\natives;C:\Users\Admin\Documents\Java Libraries\LWJGL 2\natives -Dfile.encoding=Cp1252 
java_command: game.Game
java_class_path (initial): C:\Users\Magmi\workspace\DimensionsLWJGL\bin;C:\Users\Admin\Documents\Java Libraries\LWJGL 2\jars\lwjgl.jar;C:\Users\Admin\Documents\Java Libraries\LWJGL 2\jars\lwjgl_util.jar;C:\Users\Admin\Documents\Java Libraries\LWJGL 2\jars\slick-util.jar
Launcher Type: SUN_STANDARD

Environment Variables:
PATH=C:/Program Files/Java/jre1.8.0_181/bin/server;C:/Program Files/Java/jre1.8.0_181/bin;C:/Program Files/Java/jre1.8.0_181/lib/amd64;C:\Program Files (x86)\Common Files\Oracle\Java\javapath;C:\ProgramData\Oracle\Java\javapath;C:\Program Files\Common Files\Microsoft Shared\Windows Live;C:\Program Files (x86)\Common Files\Microsoft Shared\Windows Live;C:\Program Files (x86)\Intel\iCLS Client\;C:\Program Files\Intel\iCLS Client\;C:\windows\system32;C:\windows;C:\windows\System32\Wbem;C:\windows\System32\WindowsPowerShell\v1.0\;C:\Program Files (x86)\Intel\Intel(R) Management Engine Components\DAL;C:\Program Files\Intel\Intel(R) Management Engine Components\DAL;C:\Program Files (x86)\Intel\Intel(R) Management Engine Components\IPT;C:\Program Files\Intel\Intel(R) Management Engine Components\IPT;C:\Program Files (x86)\ATI Technologies\ATI.ACE\Core-Static;C:\Program Files (x86)\Common Files\Lenovo;C:\ProgramData\Lenovo\ReadyApps;C:\Program Files (x86)\Common Files\lenovo\easyplussdk\bin;C:\Program Files (x86)\Windows Live\Shared;C:\Program Files\Git\cmd;C:\Program Files\Intel\WiFi\bin\;C:\Program Files\Common Files\Intel\WirelessCommon\;C:\Program Files (x86)\Lenovo\Access Connections\;C:\Users\Admin\AppData\Local\Programs\Python\Launcher\;C:\Program Files\Intel\WiFi\bin\;C:\Program Files\Common Files\Intel\WirelessCommon\;C:\Program Files\Eclipse;
USERNAME=Admin
OS=Windows_NT
PROCESSOR_IDENTIFIER=Intel64 Family 6 Model 78 Stepping 3, GenuineIntel



---------------  S Y S T E M  ---------------

OS: Windows 7 , 64 bit Build 7601 (6.1.7601.23572)

CPU:total 4 (initial active 4) (2 cores per cpu, 2 threads per core) family 6 model 78 stepping 3, cmov, cx8, fxsr, mmx, sse, sse2, sse3, ssse3, sse4.1, sse4.2, popcnt, avx, avx2, aes, clmul, erms, 3dnowpref, lzcnt, ht, tsc, tscinvbit, bmi1, bmi2, adx

Memory: 4k page, physical 16657452k(6706936k free), swap 33232920k(16883916k free)

vm_info: Java HotSpot(TM) 64-Bit Server VM (25.181-b13) for windows-amd64 JRE (1.8.0_181-b13), built on Jul  7 2018 04:01:33 by "java_re" with MS VC++ 10.0 (VS2010)

time: Tue Dec 04 19:44:59 2018
elapsed time: 73 seconds (0d 0h 1m 13s)

