#
# A fatal error has been detected by the Java Runtime Environment:
#
#  EXCEPTION_ACCESS_VIOLATION (0xc0000005) at pc=0x000007feafb3a5ce, pid=21864, tid=0x0000000000000518
#
# JRE version: Java(TM) SE Runtime Environment (8.0_181-b13) (build 1.8.0_181-b13)
# Java VM: Java HotSpot(TM) 64-Bit Server VM (25.181-b13 mixed mode windows-amd64 compressed oops)
# Problematic frame:
# C  [ig9icd64.dll+0x8ba5ce]
#
# Failed to write core dump. Minidumps are not enabled by default on client versions of Windows
#
# If you would like to submit a bug report, please visit:
#   http://bugreport.java.com/bugreport/crash.jsp
#

---------------  T H R E A D  ---------------

Current thread (0x000000001bfbb000):  VMThread [stack: 0x000000001cfd0000,0x000000001d0d0000] [id=1304]

siginfo: ExceptionCode=0xc0000005, reading address 0x0000000000001158

Registers:
RAX=0x00000000002949d0, RBX=0x000007fecb4880b4, RCX=0x0000000000000001, RDX=0x000007fecb4880a8
RSP=0x000000001d0cf558, RBP=0x000007fecb488070, RSI=0x0000000000020000, RDI=0x0000000000000000
R8 =0x0000000000000000, R9 =0x0000000000000018, R10=0x00000000c0000008, R11=0x0000000000000246
R12=0x000007fffffd7000, R13=0x000007fffffae000, R14=0x0000000076eb2bc0, R15=0x0000000076ead670
RIP=0x000007feafb3a5ce, EFLAGS=0x0000000000010246

Top of Stack: (sp=0x000000001d0cf558)
0x000000001d0cf558:   000007fecb444670 000007fffffd7000
0x000000001d0cf568:   000007fefb6e937b 0000000076ead670
0x000000001d0cf578:   0000000000000000 000000001bea5400
0x000000001d0cf588:   000007fecb445bf4 0000000000000000
0x000000001d0cf598:   0000000000020000 0000000000000000
0x000000001d0cf5a8:   0000000000000001 000007fec37d0000
0x000000001d0cf5b8:   000007fec37f752d 0000000000000000
0x000000001d0cf5c8:   0000000000000000 000007fee4c41310
0x000000001d0cf5d8:   0000000076c81a0a 0000000000000001
0x000000001d0cf5e8:   000007fec37dc1ef 0000000000000001
0x000000001d0cf5f8:   0000000000000000 0000000000000000
0x000000001d0cf608:   000000001f054e70 0000000000000000
0x000000001d0cf618:   000007fec37dc586 000000018001c560
0x000000001d0cf628:   000000001f054e70 000000018001c558
0x000000001d0cf638:   0000000076c81a0a 0000000000000000
0x000000001d0cf648:   000007fec38aa1c3 0000000000000001 

Instructions: (pc=0x000007feafb3a5ce)
0x000007feafb3a5ae:   cc cc 44 8b 05 95 a6 3d 00 65 48 8b 04 25 58 00
0x000007feafb3a5be:   00 00 41 b9 18 00 00 00 4a 8b 04 c0 4e 8b 04 08
0x000007feafb3a5ce:   49 ff a0 58 11 00 00 cc cc cc cc cc cc cc cc cc
0x000007feafb3a5de:   cc cc 44 8b 05 65 a6 3d 00 65 48 8b 04 25 58 00 


Register to memory mapping:

RAX=0x00000000002949d0 is an unknown value
RBX=0x000007fecb4880b4 is an unknown value
RCX=0x0000000000000001 is an unknown value
RDX=0x000007fecb4880a8 is an unknown value
RSP=0x000000001d0cf558 is an unknown value
RBP=0x000007fecb488070 is an unknown value
RSI=0x0000000000020000 is an unknown value
RDI=0x0000000000000000 is an unknown value
R8 =0x0000000000000000 is an unknown value
R9 =0x0000000000000018 is an unknown value
R10=0x00000000c0000008 is an unknown value
R11=0x0000000000000246 is an unknown value
R12=0x000007fffffd7000 is an unknown value
R13=0x000007fffffae000 is an unknown value
R14=0x0000000076eb2bc0 is an unknown value
R15=0x0000000076ead670 is an unknown value


Stack: [0x000000001cfd0000,0x000000001d0d0000],  sp=0x000000001d0cf558,  free space=1021k
Native frames: (J=compiled Java code, j=interpreted, Vv=VM code, C=native code)
C  [ig9icd64.dll+0x8ba5ce]

VM_Operation (0x000000000250f340): Exit, mode: safepoint, requested by thread 0x00000000021ae800


---------------  P R O C E S S  ---------------

Java Threads: ( => current thread )
  0x000000005e351800 JavaThread "AWT-Shutdown" [_thread_blocked, id=26848, stack(0x000000002e5f0000,0x000000002e6f0000)]
  0x000000005e34f000 JavaThread "Direct Clip" daemon [_thread_blocked, id=31228, stack(0x000000002df60000,0x000000002e060000)]
  0x000000005e34e800 JavaThread "Direct Clip" daemon [_thread_blocked, id=28884, stack(0x000000002e0a0000,0x000000002e1a0000)]
  0x000000005e34d800 JavaThread "Direct Clip" daemon [_thread_blocked, id=29888, stack(0x000000002de20000,0x000000002df20000)]
  0x000000005e34d000 JavaThread "Direct Clip" daemon [_thread_blocked, id=16336, stack(0x000000002c3f0000,0x000000002c4f0000)]
  0x000000005e5be800 JavaThread "Direct Clip" daemon [_thread_blocked, id=26524, stack(0x000000002bda0000,0x000000002bea0000)]
  0x000000005e5bc800 JavaThread "Direct Clip" daemon [_thread_blocked, id=30940, stack(0x000000002bb00000,0x000000002bc00000)]
  0x000000005e5bd800 JavaThread "Direct Clip" daemon [_thread_blocked, id=31536, stack(0x000000002bc40000,0x000000002bd40000)]
  0x000000001e44a800 JavaThread "Direct Clip" daemon [_thread_blocked, id=29968, stack(0x000000002b140000,0x000000002b240000)]
  0x000000001e602800 JavaThread "Direct Clip" daemon [_thread_blocked, id=31364, stack(0x000000002b980000,0x000000002ba80000)]
  0x000000005e772800 JavaThread "Direct Clip" daemon [_thread_blocked, id=29596, stack(0x000000002b650000,0x000000002b750000)]
  0x000000005e73d800 JavaThread "Direct Clip" daemon [_thread_blocked, id=23044, stack(0x000000002b020000,0x000000002b120000)]
  0x000000005e805000 JavaThread "Java Sound Event Dispatcher" daemon [_thread_blocked, id=22308, stack(0x000000002aa10000,0x000000002ab10000)]
  0x000000001e400000 JavaThread "LWJGL Timer" daemon [_thread_blocked, id=31248, stack(0x000000001f700000,0x000000001f800000)]
  0x000000001dc1b000 JavaThread "Java2D Disposer" daemon [_thread_blocked, id=28976, stack(0x000000001ea40000,0x000000001eb40000)]
  0x000000001d8a6000 JavaThread "Service Thread" daemon [_thread_blocked, id=4812, stack(0x000000001dec0000,0x000000001dfc0000)]
  0x000000001d833000 JavaThread "C1 CompilerThread2" daemon [_thread_blocked, id=28364, stack(0x000000001d5a0000,0x000000001d6a0000)]
  0x000000001c02f000 JavaThread "C2 CompilerThread1" daemon [_thread_blocked, id=14836, stack(0x000000001dc30000,0x000000001dd30000)]
  0x000000001c025000 JavaThread "C2 CompilerThread0" daemon [_thread_blocked, id=2200, stack(0x000000001dd30000,0x000000001de30000)]
  0x000000001c023800 JavaThread "Attach Listener" daemon [_thread_blocked, id=12240, stack(0x000000001d720000,0x000000001d820000)]
  0x000000001c00a000 JavaThread "Finalizer" daemon [_thread_blocked, id=31264, stack(0x000000001d100000,0x000000001d200000)]
  0x000000001bfc3000 JavaThread "Reference Handler" daemon [_thread_blocked, id=29300, stack(0x000000001d270000,0x000000001d370000)]
  0x00000000021ae800 JavaThread "main" [_thread_blocked, id=30100, stack(0x0000000002410000,0x0000000002510000)]

Other Threads:
=>0x000000001bfbb000 VMThread [stack: 0x000000001cfd0000,0x000000001d0d0000] [id=1304]

VM state:at safepoint (shutting down)

VM Mutex/Monitor currently owned by a thread:  ([mutex/lock_event])
[0x00000000021acf80] Threads_lock - owner thread: 0x000000001bfbb000

Heap:
 PSYoungGen      total 64000K, used 33051K [0x000000076b400000, 0x000000076fc00000, 0x00000007c0000000)
  eden space 56320K, 56% used [0x000000076b400000,0x000000076d31ddc0,0x000000076eb00000)
  from space 7680K, 15% used [0x000000076f480000,0x000000076f5a9010,0x000000076fc00000)
  to   space 8704K, 0% used [0x000000076eb00000,0x000000076eb00000,0x000000076f380000)
 ParOldGen       total 175104K, used 12698K [0x00000006c1c00000, 0x00000006cc700000, 0x000000076b400000)
  object space 175104K, 7% used [0x00000006c1c00000,0x00000006c2866b70,0x00000006cc700000)
 Metaspace       used 9259K, capacity 9633K, committed 9856K, reserved 1058816K
  class space    used 972K, capacity 1051K, committed 1152K, reserved 1048576K

Card table byte_map: [0x0000000011ba0000,0x00000000123a0000] byte_map_base: 0x000000000e592000

Marking Bits: (ParMarkBitMap*) 0x0000000070ee2d00
 Begin Bits: [0x0000000012f10000, 0x0000000016ea0000)
 End Bits:   [0x0000000016ea0000, 0x000000001ae30000)

Polling page: 0x0000000000320000

CodeCache: size=245760Kb used=7096Kb max_used=7096Kb free=238663Kb
 bounds [0x00000000027e0000, 0x0000000002ee0000, 0x00000000117e0000]
 total_blobs=2163 nmethods=1658 adapters=417
 compilation: enabled

Compilation events (10 events):
Event: 42.462 Thread 0x000000001d833000 1676       1       java.lang.Boolean::booleanValue (5 bytes)
Event: 42.462 Thread 0x000000001d833000 nmethod 1676 0x0000000002ec7290 code [0x0000000002ec73e0, 0x0000000002ec74f0]
Event: 42.591 Thread 0x000000001c025000 1678       4       game.environment.BlueStone::render (167 bytes)
Event: 42.595 Thread 0x000000001c025000 nmethod 1678 0x0000000002ed24d0 code [0x0000000002ed2680, 0x0000000002ed28a8]
Event: 42.637 Thread 0x000000001d833000 1679       1       game.environment.BlueStone::doBlock (2 bytes)
Event: 42.637 Thread 0x000000001d833000 nmethod 1679 0x0000000002ec6fd0 code [0x0000000002ec7120, 0x0000000002ec7230]
Event: 42.890 Thread 0x000000001d833000 1680       3       java.util.Arrays::copyOf (46 bytes)
Event: 42.890 Thread 0x000000001d833000 nmethod 1680 0x0000000002ed2c10 code [0x0000000002ed2dc0, 0x0000000002ed3468]
Event: 42.956 Thread 0x000000001d833000 1681       3       java.util.Objects::requireNonNull (15 bytes)
Event: 42.956 Thread 0x000000001d833000 nmethod 1681 0x0000000002ed2050 code [0x0000000002ed21c0, 0x0000000002ed23e8]

GC Heap History (10 events):
Event: 24.189 GC heap before
{Heap before GC invocations=8 (full 0):
 PSYoungGen      total 65024K, used 64638K [0x000000076b400000, 0x000000076fc00000, 0x00000007c0000000)
  eden space 61440K, 100% used [0x000000076b400000,0x000000076f000000,0x000000076f000000)
  from space 3584K, 89% used [0x000000076f280000,0x000000076f59f8c0,0x000000076f600000)
  to   space 6144K, 0% used [0x000000076f600000,0x000000076f600000,0x000000076fc00000)
 ParOldGen       total 175104K, used 3218K [0x00000006c1c00000, 0x00000006cc700000, 0x000000076b400000)
  object space 175104K, 1% used [0x00000006c1c00000,0x00000006c1f24880,0x00000006cc700000)
 Metaspace       used 9182K, capacity 9551K, committed 9856K, reserved 1058816K
  class space    used 968K, capacity 1048K, committed 1152K, reserved 1048576K
Event: 24.195 GC heap after
Heap after GC invocations=8 (full 0):
 PSYoungGen      total 66048K, used 5332K [0x000000076b400000, 0x000000076fb80000, 0x00000007c0000000)
  eden space 60416K, 0% used [0x000000076b400000,0x000000076b400000,0x000000076ef00000)
  from space 5632K, 94% used [0x000000076f600000,0x000000076fb35140,0x000000076fb80000)
  to   space 6144K, 0% used [0x000000076ef80000,0x000000076ef80000,0x000000076f580000)
 ParOldGen       total 175104K, used 4346K [0x00000006c1c00000, 0x00000006cc700000, 0x000000076b400000)
  object space 175104K, 2% used [0x00000006c1c00000,0x00000006c203e880,0x00000006cc700000)
 Metaspace       used 9182K, capacity 9551K, committed 9856K, reserved 1058816K
  class space    used 968K, capacity 1048K, committed 1152K, reserved 1048576K
}
Event: 29.540 GC heap before
{Heap before GC invocations=9 (full 0):
 PSYoungGen      total 66048K, used 65748K [0x000000076b400000, 0x000000076fb80000, 0x00000007c0000000)
  eden space 60416K, 100% used [0x000000076b400000,0x000000076ef00000,0x000000076ef00000)
  from space 5632K, 94% used [0x000000076f600000,0x000000076fb35140,0x000000076fb80000)
  to   space 6144K, 0% used [0x000000076ef80000,0x000000076ef80000,0x000000076f580000)
 ParOldGen       total 175104K, used 4346K [0x00000006c1c00000, 0x00000006cc700000, 0x000000076b400000)
  object space 175104K, 2% used [0x00000006c1c00000,0x00000006c203e880,0x00000006cc700000)
 Metaspace       used 9191K, capacity 9557K, committed 9856K, reserved 1058816K
  class space    used 969K, capacity 1049K, committed 1152K, reserved 1048576K
Event: 29.544 GC heap after
Heap after GC invocations=9 (full 0):
 PSYoungGen      total 65536K, used 6120K [0x000000076b400000, 0x000000076fe00000, 0x00000007c0000000)
  eden space 59392K, 0% used [0x000000076b400000,0x000000076b400000,0x000000076ee00000)
  from space 6144K, 99% used [0x000000076ef80000,0x000000076f57a270,0x000000076f580000)
  to   space 8192K, 0% used [0x000000076f600000,0x000000076f600000,0x000000076fe00000)
 ParOldGen       total 175104K, used 7290K [0x00000006c1c00000, 0x00000006cc700000, 0x000000076b400000)
  object space 175104K, 4% used [0x00000006c1c00000,0x00000006c231e880,0x00000006cc700000)
 Metaspace       used 9191K, capacity 9557K, committed 9856K, reserved 1058816K
  class space    used 969K, capacity 1049K, committed 1152K, reserved 1048576K
}
Event: 31.356 GC heap before
{Heap before GC invocations=10 (full 0):
 PSYoungGen      total 65536K, used 65512K [0x000000076b400000, 0x000000076fe00000, 0x00000007c0000000)
  eden space 59392K, 100% used [0x000000076b400000,0x000000076ee00000,0x000000076ee00000)
  from space 6144K, 99% used [0x000000076ef80000,0x000000076f57a270,0x000000076f580000)
  to   space 8192K, 0% used [0x000000076f600000,0x000000076f600000,0x000000076fe00000)
 ParOldGen       total 175104K, used 7290K [0x00000006c1c00000, 0x00000006cc700000, 0x000000076b400000)
  object space 175104K, 4% used [0x00000006c1c00000,0x00000006c231e880,0x00000006cc700000)
 Metaspace       used 9192K, capacity 9557K, committed 9856K, reserved 1058816K
  class space    used 969K, capacity 1049K, committed 1152K, reserved 1048576K
Event: 31.360 GC heap after
Heap after GC invocations=10 (full 0):
 PSYoungGen      total 65536K, used 1406K [0x000000076b400000, 0x000000076fd00000, 0x00000007c0000000)
  eden space 58368K, 0% used [0x000000076b400000,0x000000076b400000,0x000000076ed00000)
  from space 7168K, 19% used [0x000000076f600000,0x000000076f75f8c0,0x000000076fd00000)
  to   space 8192K, 0% used [0x000000076ed00000,0x000000076ed00000,0x000000076f500000)
 ParOldGen       total 175104K, used 10374K [0x00000006c1c00000, 0x00000006cc700000, 0x000000076b400000)
  object space 175104K, 5% used [0x00000006c1c00000,0x00000006c26219d0,0x00000006cc700000)
 Metaspace       used 9192K, capacity 9557K, committed 9856K, reserved 1058816K
  class space    used 969K, capacity 1049K, committed 1152K, reserved 1048576K
}
Event: 33.739 GC heap before
{Heap before GC invocations=11 (full 0):
 PSYoungGen      total 65536K, used 59774K [0x000000076b400000, 0x000000076fd00000, 0x00000007c0000000)
  eden space 58368K, 100% used [0x000000076b400000,0x000000076ed00000,0x000000076ed00000)
  from space 7168K, 19% used [0x000000076f600000,0x000000076f75f8c0,0x000000076fd00000)
  to   space 8192K, 0% used [0x000000076ed00000,0x000000076ed00000,0x000000076f500000)
 ParOldGen       total 175104K, used 10374K [0x00000006c1c00000, 0x00000006cc700000, 0x000000076b400000)
  object space 175104K, 5% used [0x00000006c1c00000,0x00000006c26219d0,0x00000006cc700000)
 Metaspace       used 9196K, capacity 9557K, committed 9856K, reserved 1058816K
  class space    used 969K, capacity 1049K, committed 1152K, reserved 1048576K
Event: 33.742 GC heap after
Heap after GC invocations=11 (full 0):
 PSYoungGen      total 58880K, used 1054K [0x000000076b400000, 0x000000076fd00000, 0x00000007c0000000)
  eden space 57344K, 0% used [0x000000076b400000,0x000000076b400000,0x000000076ec00000)
  from space 1536K, 68% used [0x000000076ed00000,0x000000076ee078b0,0x000000076ee80000)
  to   space 8704K, 0% used [0x000000076f480000,0x000000076f480000,0x000000076fd00000)
 ParOldGen       total 175104K, used 11684K [0x00000006c1c00000, 0x00000006cc700000, 0x000000076b400000)
  object space 175104K, 6% used [0x00000006c1c00000,0x00000006c27692a0,0x00000006cc700000)
 Metaspace       used 9196K, capacity 9557K, committed 9856K, reserved 1058816K
  class space    used 969K, capacity 1049K, committed 1152K, reserved 1048576K
}
Event: 40.221 GC heap before
{Heap before GC invocations=12 (full 0):
 PSYoungGen      total 58880K, used 58398K [0x000000076b400000, 0x000000076fd00000, 0x00000007c0000000)
  eden space 57344K, 100% used [0x000000076b400000,0x000000076ec00000,0x000000076ec00000)
  from space 1536K, 68% used [0x000000076ed00000,0x000000076ee078b0,0x000000076ee80000)
  to   space 8704K, 0% used [0x000000076f480000,0x000000076f480000,0x000000076fd00000)
 ParOldGen       total 175104K, used 11684K [0x00000006c1c00000, 0x00000006cc700000, 0x000000076b400000)
  object space 175104K, 6% used [0x00000006c1c00000,0x00000006c27692a0,0x00000006cc700000)
 Metaspace       used 9228K, capacity 9569K, committed 9856K, reserved 1058816K
  class space    used 971K, capacity 1051K, committed 1152K, reserved 1048576K
Event: 40.224 GC heap after
Heap after GC invocations=12 (full 0):
 PSYoungGen      total 64000K, used 1188K [0x000000076b400000, 0x000000076fc00000, 0x00000007c0000000)
  eden space 56320K, 0% used [0x000000076b400000,0x000000076b400000,0x000000076eb00000)
  from space 7680K, 15% used [0x000000076f480000,0x000000076f5a9010,0x000000076fc00000)
  to   space 8704K, 0% used [0x000000076eb00000,0x000000076eb00000,0x000000076f380000)
 ParOldGen       total 175104K, used 12698K [0x00000006c1c00000, 0x00000006cc700000, 0x000000076b400000)
  object space 175104K, 7% used [0x00000006c1c00000,0x00000006c2866b70,0x00000006cc700000)
 Metaspace       used 9228K, capacity 9569K, committed 9856K, reserved 1058816K
  class space    used 971K, capacity 1051K, committed 1152K, reserved 1048576K
}

Deoptimization events (10 events):
Event: 32.221 Thread 0x00000000021ae800 Uncommon trap: reason=unstable_if action=reinterpret pc=0x0000000002dc3d30 method=game.environment.GrassBlock.getHitbox()Lutils/Hitbox; @ 429
Event: 32.221 Thread 0x00000000021ae800 Uncommon trap: reason=unstable_if action=reinterpret pc=0x0000000002dc8b00 method=sun.awt.geom.AreaOp.resolveLinks(Ljava/util/Vector;Ljava/util/Vector;Ljava/util/Vector;)V @ 175
Event: 32.221 Thread 0x00000000021ae800 Uncommon trap: reason=unstable_if action=reinterpret pc=0x0000000002db38cc method=sun.awt.geom.CurveLink.absorb(Lsun/awt/geom/Curve;DDI)Z @ 5
Event: 32.221 Thread 0x00000000021ae800 Uncommon trap: reason=array_check action=maybe_recompile pc=0x0000000002e43de8 method=java.util.TimSort.binarySort([Ljava/lang/Object;IIILjava/util/Comparator;)V @ 193
Event: 32.222 Thread 0x00000000021ae800 Uncommon trap: reason=array_check action=maybe_recompile pc=0x0000000002e43c7c method=java.util.TimSort.reverseRange([Ljava/lang/Object;II)V @ 27
Event: 32.222 Thread 0x00000000021ae800 Uncommon trap: reason=array_check action=maybe_recompile pc=0x0000000002e43c7c method=java.util.TimSort.reverseRange([Ljava/lang/Object;II)V @ 27
Event: 32.222 Thread 0x00000000021ae800 Uncommon trap: reason=unstable_if action=reinterpret pc=0x0000000002d00878 method=sun.awt.geom.CurveLink.absorb(Lsun/awt/geom/Curve;DDI)Z @ 5
Event: 32.371 Thread 0x00000000021ae800 Uncommon trap: reason=array_check action=maybe_recompile pc=0x0000000002e96b88 method=java.util.TimSort.binarySort([Ljava/lang/Object;IIILjava/util/Comparator;)V @ 215
Event: 32.371 Thread 0x00000000021ae800 Uncommon trap: reason=array_check action=maybe_recompile pc=0x0000000002e96b88 method=java.util.TimSort.binarySort([Ljava/lang/Object;IIILjava/util/Comparator;)V @ 215
Event: 33.322 Thread 0x00000000021ae800 Uncommon trap: reason=unstable_if action=reinterpret pc=0x0000000002e67980 method=java.awt.geom.Rectangle2D.contains(DD)Z @ 47

Classes redefined (0 events):
No events

Internal exceptions (10 events):
Event: 0.047 Thread 0x00000000021ae800 Exception <a 'java/lang/NoSuchMethodError': Method sun.misc.Unsafe.defineClass(Ljava/lang/String;[BII)Ljava/lang/Class; name or signature does not match> (0x000000076b407cb0) thrown at [C:\re\workspace\8-2-build-windows-amd64-cygwin\jdk8u181\11358\hotspot
Event: 0.047 Thread 0x00000000021ae800 Exception <a 'java/lang/NoSuchMethodError': Method sun.misc.Unsafe.prefetchRead(Ljava/lang/Object;J)V name or signature does not match> (0x000000076b407f98) thrown at [C:\re\workspace\8-2-build-windows-amd64-cygwin\jdk8u181\11358\hotspot\src\share\vm\prim
Event: 0.117 Thread 0x00000000021ae800 Exception <a 'java/security/PrivilegedActionException'> (0x000000076b4a9350) thrown at [C:\re\workspace\8-2-build-windows-amd64-cygwin\jdk8u181\11358\hotspot\src\share\vm\prims\jvm.cpp, line 1435]
Event: 0.117 Thread 0x00000000021ae800 Exception <a 'java/security/PrivilegedActionException'> (0x000000076b4a9560) thrown at [C:\re\workspace\8-2-build-windows-amd64-cygwin\jdk8u181\11358\hotspot\src\share\vm\prims\jvm.cpp, line 1435]
Event: 0.117 Thread 0x00000000021ae800 Exception <a 'java/security/PrivilegedActionException'> (0x000000076b4ad1d0) thrown at [C:\re\workspace\8-2-build-windows-amd64-cygwin\jdk8u181\11358\hotspot\src\share\vm\prims\jvm.cpp, line 1435]
Event: 0.117 Thread 0x00000000021ae800 Exception <a 'java/security/PrivilegedActionException'> (0x000000076b4ad3e0) thrown at [C:\re\workspace\8-2-build-windows-amd64-cygwin\jdk8u181\11358\hotspot\src\share\vm\prims\jvm.cpp, line 1435]
Event: 0.126 Thread 0x00000000021ae800 Exception <a 'java/io/FileNotFoundException'> (0x000000076b4bbba8) thrown at [C:\re\workspace\8-2-build-windows-amd64-cygwin\jdk8u181\11358\hotspot\src\share\vm\prims\jni.cpp, line 709]
Event: 0.164 Thread 0x00000000021ae800 Exception <a 'java/lang/NoSuchFieldError': method resolution failed> (0x000000076b6d4548) thrown at [C:\re\workspace\8-2-build-windows-amd64-cygwin\jdk8u181\11358\hotspot\src\share\vm\prims\methodHandles.cpp, line 1167]
Event: 0.167 Thread 0x00000000021ae800 Exception <a 'java/lang/NoSuchFieldError': method resolution failed> (0x000000076b6e1918) thrown at [C:\re\workspace\8-2-build-windows-amd64-cygwin\jdk8u181\11358\hotspot\src\share\vm\prims\methodHandles.cpp, line 1167]
Event: 0.715 Thread 0x00000000021ae800 Implicit null exception at 0x0000000002a33ae7 to 0x0000000002a33c11

Events (10 events):
Event: 43.105 loading class java/util/IdentityHashMap$KeyIterator
Event: 43.105 loading class java/util/IdentityHashMap$KeyIterator done
Event: 43.105 Thread 0x000000005e350000 Thread added: 0x000000005e350000
Event: 43.105 Thread 0x000000005e350800 Thread added: 0x000000005e350800
Event: 43.106 Thread 0x000000005e351800 Thread added: 0x000000005e351800
Event: 43.110 Thread 0x000000005e350800 Thread exited: 0x000000005e350800
Event: 43.111 Thread 0x000000001dbf4000 Thread exited: 0x000000001dbf4000
Event: 43.207 Thread 0x000000005e350000 Thread exited: 0x000000005e350000
Event: 43.208 Thread 0x000000001c01f000 Thread exited: 0x000000001c01f000
Event: 43.208 Executing VM operation: Exit


Dynamic libraries:
0x000000013f5a0000 - 0x000000013f5d7000 	C:\Program Files\Java\jre1.8.0_181\bin\javaw.exe
0x0000000076d80000 - 0x0000000076f2a000 	C:\windows\SYSTEM32\ntdll.dll
0x0000000076c60000 - 0x0000000076d7f000 	C:\windows\system32\kernel32.dll
0x000007fefcbd0000 - 0x000007fefcc3a000 	C:\windows\system32\KERNELBASE.dll
0x000007fefd060000 - 0x000007fefd13b000 	C:\windows\system32\ADVAPI32.dll
0x000007fefe290000 - 0x000007fefe32f000 	C:\windows\system32\msvcrt.dll
0x000007fefeb50000 - 0x000007fefeb6f000 	C:\windows\SYSTEM32\sechost.dll
0x000007fefee60000 - 0x000007fefef8d000 	C:\windows\system32\RPCRT4.dll
0x0000000076b60000 - 0x0000000076c5a000 	C:\windows\system32\USER32.dll
0x000007fefe6c0000 - 0x000007fefe727000 	C:\windows\system32\GDI32.dll
0x000007fefec60000 - 0x000007fefec6e000 	C:\windows\system32\LPK.dll
0x000007fefef90000 - 0x000007feff05a000 	C:\windows\system32\USP10.dll
0x000007fefae80000 - 0x000007fefb074000 	C:\windows\WinSxS\amd64_microsoft.windows.common-controls_6595b64144ccf1df_6.0.7601.18837_none_fa3b1e3d17594757\COMCTL32.dll
0x000007fefcfe0000 - 0x000007fefd051000 	C:\windows\system32\SHLWAPI.dll
0x000007fefe730000 - 0x000007fefe75e000 	C:\windows\system32\IMM32.DLL
0x000007fefce50000 - 0x000007fefcf59000 	C:\windows\system32\MSCTF.dll
0x00000000790e0000 - 0x00000000791b2000 	C:\Program Files\Java\jre1.8.0_181\bin\msvcr100.dll
0x00000000706c0000 - 0x0000000070f62000 	C:\Program Files\Java\jre1.8.0_181\bin\server\jvm.dll
0x000007fef6f20000 - 0x000007fef6f29000 	C:\windows\system32\WSOCK32.dll
0x000007fefec10000 - 0x000007fefec5d000 	C:\windows\system32\WS2_32.dll
0x000007fefce40000 - 0x000007fefce48000 	C:\windows\system32\NSI.dll
0x000007fefa960000 - 0x000007fefa99b000 	C:\windows\system32\WINMM.dll
0x000007fefbad0000 - 0x000007fefbadc000 	C:\windows\system32\VERSION.dll
0x0000000076f50000 - 0x0000000076f57000 	C:\windows\system32\PSAPI.DLL
0x000000006d570000 - 0x000000006d57f000 	C:\Program Files\Java\jre1.8.0_181\bin\verify.dll
0x0000000067130000 - 0x0000000067159000 	C:\Program Files\Java\jre1.8.0_181\bin\java.dll
0x000000006cc10000 - 0x000000006cc26000 	C:\Program Files\Java\jre1.8.0_181\bin\zip.dll
0x000007fefd500000 - 0x000007fefe28a000 	C:\windows\system32\SHELL32.dll
0x000007fefe940000 - 0x000007fefeb43000 	C:\windows\system32\ole32.dll
0x000007fefca80000 - 0x000007fefca8f000 	C:\windows\system32\profapi.dll
0x000000006ce60000 - 0x000000006cff9000 	C:\Program Files\Java\jre1.8.0_181\bin\awt.dll
0x000007fefd420000 - 0x000007fefd4fa000 	C:\windows\system32\OLEAUT32.dll
0x000007fefb4c0000 - 0x000007fefb516000 	C:\windows\system32\uxtheme.dll
0x000007fefbab0000 - 0x000007fefbac8000 	C:\windows\system32\dwmapi.dll
0x000007fefc920000 - 0x000007fefc92f000 	C:\windows\system32\CRYPTBASE.dll
0x0000000180000000 - 0x0000000180051000 	C:\Users\Admin\Documents\Java Libraries\LWJGL 2\natives\lwjgl64.dll
0x000007fec37d0000 - 0x000007fec38ed000 	C:\windows\system32\OPENGL32.dll
0x000007fec3c20000 - 0x000007fec3c4d000 	C:\windows\system32\GLU32.dll
0x000007fec36d0000 - 0x000007fec37c1000 	C:\windows\system32\DDRAW.dll
0x000007fec3c10000 - 0x000007fec3c18000 	C:\windows\system32\DCIMAN32.dll
0x000007fefe760000 - 0x000007fefe937000 	C:\windows\system32\SETUPAPI.dll
0x000007fefcc50000 - 0x000007fefcc86000 	C:\windows\system32\CFGMGR32.dll
0x000007fefcaa0000 - 0x000007fefcaba000 	C:\windows\system32\DEVOBJ.dll
0x000007fee4c40000 - 0x000007fee4c58000 	C:\windows\system32\atig6pxx.dll
0x000007febb6f0000 - 0x000007febb831000 	C:\windows\system32\atiadlxx.dll
0x000007fefb6e0000 - 0x000007fefb80c000 	C:\windows\system32\PROPSYS.dll
0x000007fefccb0000 - 0x000007fefccce000 	C:\windows\system32\USERENV.dll
0x000007fefbb10000 - 0x000007fefbb21000 	C:\windows\system32\WTSAPI32.dll
0x000007fef95d0000 - 0x000007fef95f7000 	C:\windows\system32\IPHLPAPI.DLL
0x000007fef95c0000 - 0x000007fef95cb000 	C:\windows\system32\WINNSI.DLL
0x000007fefcae0000 - 0x000007fefcb1b000 	C:\windows\system32\WINTRUST.dll
0x000007fefccd0000 - 0x000007fefce3d000 	C:\windows\system32\CRYPT32.dll
0x000007fefca90000 - 0x000007fefca9f000 	C:\windows\system32\MSASN1.dll
0x000007feaf280000 - 0x000007feaffc9000 	C:\windows\system32\ig9icd64.dll
0x000007fed6f10000 - 0x000007fed6f3c000 	C:\windows\system32\atig6txx.dll
0x000007fef9900000 - 0x000007fef999c000 	C:\windows\system32\mscms.dll
0x000007fef9a50000 - 0x000007fef9a92000 	C:\windows\system32\icm32.dll
0x000007feed6e0000 - 0x000007feee83c000 	C:\windows\system32\igc64.dll
0x000007fecb440000 - 0x000007fecb495000 	C:\Program Files (x86)\obs-studio\data\obs-plugins\win-capture\graphics-hook64.dll
0x000000006d500000 - 0x000000006d50c000 	C:\Program Files\Java\jre1.8.0_181\bin\jsound.dll
0x0000000066c70000 - 0x0000000066c7b000 	C:\Program Files\Java\jre1.8.0_181\bin\jsoundds.dll
0x000007fee2020000 - 0x000007fee20a8000 	C:\windows\system32\DSOUND.dll
0x000007fefbae0000 - 0x000007fefbb0c000 	C:\windows\system32\POWRPROF.dll
0x000007fefb810000 - 0x000007fefb85b000 	C:\windows\system32\MMDevAPI.DLL
0x000007fefa8e0000 - 0x000007fefa91b000 	C:\windows\system32\wdmaud.drv
0x0000000074820000 - 0x0000000074826000 	C:\windows\system32\ksuser.dll
0x000007fefb650000 - 0x000007fefb659000 	C:\windows\system32\AVRT.dll
0x000007fefa660000 - 0x000007fefa6af000 	C:\windows\system32\AUDIOSES.DLL
0x000007fefa4b0000 - 0x000007fefa4ba000 	C:\windows\system32\msacm32.drv
0x000007fefa490000 - 0x000007fefa4a8000 	C:\windows\system32\MSACM32.dll
0x000007fefa480000 - 0x000007fefa489000 	C:\windows\system32\midimap.dll
0x000007fefe600000 - 0x000007fefe699000 	C:\windows\system32\CLBCatQ.DLL
0x000007fee6960000 - 0x000007fee6a85000 	C:\windows\system32\dbghelp.dll

VM Arguments:
jvm_args: -Djava.library.path=C:\Users\Admin\Documents\Java Libraries\LWJGL 2\natives;C:\Users\Admin\Documents\Java Libraries\LWJGL 2\natives -Dfile.encoding=Cp1252 
java_command: game.Game
java_class_path (initial): C:\Users\Magmi\workspace\DimensionsLWJGL\bin;C:\Users\Admin\Documents\Java Libraries\LWJGL 2\jars\lwjgl.jar;C:\Users\Admin\Documents\Java Libraries\LWJGL 2\jars\lwjgl_util.jar;C:\Users\Admin\Documents\Java Libraries\LWJGL 2\jars\slick-util.jar
Launcher Type: SUN_STANDARD

Environment Variables:
PATH=C:/Program Files/Java/jre1.8.0_181/bin/server;C:/Program Files/Java/jre1.8.0_181/bin;C:/Program Files/Java/jre1.8.0_181/lib/amd64;C:\Program Files (x86)\Common Files\Oracle\Java\javapath;C:\ProgramData\Oracle\Java\javapath;C:\Program Files\Common Files\Microsoft Shared\Windows Live;C:\Program Files (x86)\Common Files\Microsoft Shared\Windows Live;C:\Program Files (x86)\Intel\iCLS Client\;C:\Program Files\Intel\iCLS Client\;C:\windows\system32;C:\windows;C:\windows\System32\Wbem;C:\windows\System32\WindowsPowerShell\v1.0\;C:\Program Files (x86)\Intel\Intel(R) Management Engine Components\DAL;C:\Program Files\Intel\Intel(R) Management Engine Components\DAL;C:\Program Files (x86)\Intel\Intel(R) Management Engine Components\IPT;C:\Program Files\Intel\Intel(R) Management Engine Components\IPT;C:\Program Files (x86)\ATI Technologies\ATI.ACE\Core-Static;C:\Program Files (x86)\Common Files\Lenovo;C:\ProgramData\Lenovo\ReadyApps;C:\Program Files (x86)\Common Files\lenovo\easyplussdk\bin;C:\Program Files (x86)\Windows Live\Shared;C:\Program Files\Git\cmd;C:\Program Files\Intel\WiFi\bin\;C:\Program Files\Common Files\Intel\WirelessCommon\;C:\Program Files (x86)\Lenovo\Access Connections\;C:\Users\Admin\AppData\Local\Programs\Python\Launcher\;C:\Program Files\Intel\WiFi\bin\;C:\Program Files\Common Files\Intel\WirelessCommon\;C:\Program Files\Eclipse;
USERNAME=Admin
OS=Windows_NT
PROCESSOR_IDENTIFIER=Intel64 Family 6 Model 78 Stepping 3, GenuineIntel



---------------  S Y S T E M  ---------------

OS: Windows 7 , 64 bit Build 7601 (6.1.7601.23572)

CPU:total 4 (initial active 4) (2 cores per cpu, 2 threads per core) family 6 model 78 stepping 3, cmov, cx8, fxsr, mmx, sse, sse2, sse3, ssse3, sse4.1, sse4.2, popcnt, avx, avx2, aes, clmul, erms, 3dnowpref, lzcnt, ht, tsc, tscinvbit, bmi1, bmi2, adx

Memory: 4k page, physical 16657452k(5770020k free), swap 33232920k(16850676k free)

vm_info: Java HotSpot(TM) 64-Bit Server VM (25.181-b13) for windows-amd64 JRE (1.8.0_181-b13), built on Jul  7 2018 04:01:33 by "java_re" with MS VC++ 10.0 (VS2010)

time: Tue Dec 04 19:03:47 2018
elapsed time: 43 seconds (0d 0h 0m 43s)

