#
# A fatal error has been detected by the Java Runtime Environment:
#
#  EXCEPTION_ACCESS_VIOLATION (0xc0000005) at pc=0x000007feb088a5ce, pid=15168, tid=0x0000000000004a18
#
# JRE version: Java(TM) SE Runtime Environment (8.0_181-b13) (build 1.8.0_181-b13)
# Java VM: Java HotSpot(TM) 64-Bit Server VM (25.181-b13 mixed mode windows-amd64 compressed oops)
# Problematic frame:
# C  [ig9icd64.dll+0x8ba5ce]
#
# Failed to write core dump. Minidumps are not enabled by default on client versions of Windows
#
# If you would like to submit a bug report, please visit:
#   http://bugreport.java.com/bugreport/crash.jsp
#

---------------  T H R E A D  ---------------

Current thread (0x000000001bf4b000):  VMThread [stack: 0x000000001d010000,0x000000001d110000] [id=18968]

siginfo: ExceptionCode=0xc0000005, reading address 0x0000000000001158

Registers:
RAX=0x00000000002949d0, RBX=0x000007fee4c880b4, RCX=0x0000000000000001, RDX=0x000007fee4c880a8
RSP=0x000000001d10f3c8, RBP=0x000007fee4c88070, RSI=0x0000000000020000, RDI=0x0000000000000000
R8 =0x0000000000000000, R9 =0x0000000000000018, R10=0x00000000c0000008, R11=0x0000000000000246
R12=0x000007fffffd3000, R13=0x000007fffffae000, R14=0x0000000076eb2bc0, R15=0x0000000076ead670
RIP=0x000007feb088a5ce, EFLAGS=0x0000000000010246

Top of Stack: (sp=0x000000001d10f3c8)
0x000000001d10f3c8:   000007fee4c44670 000007fffffd3000
0x000000001d10f3d8:   000007fefb6e937b 0000000076ead670
0x000000001d10f3e8:   0000000000000000 000000001be35500
0x000000001d10f3f8:   000007fee4c45bf4 0000000000000000
0x000000001d10f408:   0000000000020000 0000000000000000
0x000000001d10f418:   0000000000000001 000007fec37d0000
0x000000001d10f428:   000007fec37f752d 0000000000000000
0x000000001d10f438:   0000000000000000 000007fef2791310
0x000000001d10f448:   0000000076c81a0a 0000000000000001
0x000000001d10f458:   000007fec37dc1ef 0000000000000001
0x000000001d10f468:   0000000000000000 0000000000000000
0x000000001d10f478:   0000000002204e70 0000000000000000
0x000000001d10f488:   000007fec37dc586 000000018001c560
0x000000001d10f498:   0000000002204e70 000000018001c558
0x000000001d10f4a8:   0000000076c81a0a 0000000000000000
0x000000001d10f4b8:   000007fec38aa1c3 0000000000000001 

Instructions: (pc=0x000007feb088a5ce)
0x000007feb088a5ae:   cc cc 44 8b 05 95 a6 3d 00 65 48 8b 04 25 58 00
0x000007feb088a5be:   00 00 41 b9 18 00 00 00 4a 8b 04 c0 4e 8b 04 08
0x000007feb088a5ce:   49 ff a0 58 11 00 00 cc cc cc cc cc cc cc cc cc
0x000007feb088a5de:   cc cc 44 8b 05 65 a6 3d 00 65 48 8b 04 25 58 00 


Register to memory mapping:

RAX=0x00000000002949d0 is an unknown value
RBX=0x000007fee4c880b4 is an unknown value
RCX=0x0000000000000001 is an unknown value
RDX=0x000007fee4c880a8 is an unknown value
RSP=0x000000001d10f3c8 is an unknown value
RBP=0x000007fee4c88070 is an unknown value
RSI=0x0000000000020000 is an unknown value
RDI=0x0000000000000000 is an unknown value
R8 =0x0000000000000000 is an unknown value
R9 =0x0000000000000018 is an unknown value
R10=0x00000000c0000008 is an unknown value
R11=0x0000000000000246 is an unknown value
R12=0x000007fffffd3000 is an unknown value
R13=0x000007fffffae000 is an unknown value
R14=0x0000000076eb2bc0 is an unknown value
R15=0x0000000076ead670 is an unknown value


Stack: [0x000000001d010000,0x000000001d110000],  sp=0x000000001d10f3c8,  free space=1020k
Native frames: (J=compiled Java code, j=interpreted, Vv=VM code, C=native code)
C  [ig9icd64.dll+0x8ba5ce]

VM_Operation (0x00000000024fed30): Exit, mode: safepoint, requested by thread 0x000000000043e800


---------------  P R O C E S S  ---------------

Java Threads: ( => current thread )
  0x000000001e69b800 JavaThread "AWT-Shutdown" [_thread_blocked, id=28692, stack(0x0000000025640000,0x0000000025740000)]
  0x000000001e600000 JavaThread "LWJGL Timer" daemon [_thread_blocked, id=29884, stack(0x000000005e4f0000,0x000000005e5f0000)]
  0x000000001dbb1000 JavaThread "Java2D Disposer" daemon [_thread_blocked, id=31452, stack(0x000000001ebf0000,0x000000001ecf0000)]
  0x000000001d876000 JavaThread "Service Thread" daemon [_thread_blocked, id=3532, stack(0x000000001e0e0000,0x000000001e1e0000)]
  0x000000001d82f800 JavaThread "C1 CompilerThread2" daemon [_thread_blocked, id=31640, stack(0x000000001dfd0000,0x000000001e0d0000)]
  0x000000001bfbe000 JavaThread "C2 CompilerThread1" daemon [_thread_blocked, id=3664, stack(0x000000001dea0000,0x000000001dfa0000)]
  0x000000001bfb8000 JavaThread "C2 CompilerThread0" daemon [_thread_blocked, id=31224, stack(0x000000001dd00000,0x000000001de00000)]
  0x000000001bfb6800 JavaThread "Attach Listener" daemon [_thread_blocked, id=17848, stack(0x000000001d700000,0x000000001d800000)]
  0x000000001bfb2000 JavaThread "Signal Dispatcher" daemon [_thread_blocked, id=27056, stack(0x000000001d5a0000,0x000000001d6a0000)]
  0x000000001bf9a000 JavaThread "Finalizer" daemon [_thread_blocked, id=31740, stack(0x000000001d320000,0x000000001d420000)]
  0x000000001bf52800 JavaThread "Reference Handler" daemon [_thread_blocked, id=5368, stack(0x000000001d1a0000,0x000000001d2a0000)]
  0x000000000043e800 JavaThread "main" [_thread_blocked, id=19752, stack(0x0000000002400000,0x0000000002500000)]

Other Threads:
=>0x000000001bf4b000 VMThread [stack: 0x000000001d010000,0x000000001d110000] [id=18968]

VM state:at safepoint (shutting down)

VM Mutex/Monitor currently owned by a thread:  ([mutex/lock_event])
[0x000000000043cf80] Threads_lock - owner thread: 0x000000001bf4b000

Heap:
 PSYoungGen      total 76288K, used 35758K [0x000000076b400000, 0x0000000770900000, 0x00000007c0000000)
  eden space 65536K, 48% used [0x000000076b400000,0x000000076d33a6d8,0x000000076f400000)
  from space 10752K, 35% used [0x000000076f400000,0x000000076f7b13b0,0x000000076fe80000)
  to   space 10752K, 0% used [0x000000076fe80000,0x000000076fe80000,0x0000000770900000)
 ParOldGen       total 175104K, used 24K [0x00000006c1c00000, 0x00000006cc700000, 0x000000076b400000)
  object space 175104K, 0% used [0x00000006c1c00000,0x00000006c1c06000,0x00000006cc700000)
 Metaspace       used 8792K, capacity 9117K, committed 9216K, reserved 1056768K
  class space    used 915K, capacity 1011K, committed 1024K, reserved 1048576K

Card table byte_map: [0x0000000011b90000,0x0000000012390000] byte_map_base: 0x000000000e582000

Marking Bits: (ParMarkBitMap*) 0x0000000070ee2d00
 Begin Bits: [0x0000000012ea0000, 0x0000000016e30000)
 End Bits:   [0x0000000016e30000, 0x000000001adc0000)

Polling page: 0x0000000000420000

CodeCache: size=245760Kb used=4921Kb max_used=4933Kb free=240838Kb
 bounds [0x00000000027d0000, 0x0000000002cb0000, 0x00000000117d0000]
 total_blobs=1857 nmethods=1367 adapters=403
 compilation: enabled

Compilation events (10 events):
Event: 10.636 Thread 0x000000001d82f800 1363       3       game.creature.monster.MonsterLobire::render (110 bytes)
Event: 10.637 Thread 0x000000001d82f800 nmethod 1363 0x0000000002c9bcd0 code [0x0000000002c9bf20, 0x0000000002c9c8b8]
Event: 10.637 Thread 0x000000001d82f800 1364       3       game.creature.monster.MonsterLobire::renderGUI (49 bytes)
Event: 10.637 Thread 0x000000001d82f800 nmethod 1364 0x0000000002c9ac90 code [0x0000000002c9aec0, 0x0000000002c9b8d8]
Event: 10.667 Thread 0x000000001bfbe000 1365       4       sun.awt.geom.AreaOp$CAGOp::newRow (16 bytes)
Event: 10.668 Thread 0x000000001bfbe000 nmethod 1365 0x0000000002c3e3d0 code [0x0000000002c3e500, 0x0000000002c3e578]
Event: 10.700 Thread 0x000000001bfb8000 1366       4       game.environment.GrassBlock::getHitbox (666 bytes)
Event: 10.769 Thread 0x000000001bfb8000 nmethod 1366 0x0000000002ca2590 code [0x0000000002ca28e0, 0x0000000002ca4ea0]
Event: 10.884 Thread 0x000000001bfbe000 1367       4       game.environment.Stone::getHitbox (19 bytes)
Event: 10.885 Thread 0x000000001bfbe000 nmethod 1367 0x0000000002c69a90 code [0x0000000002c69c00, 0x0000000002c69ca8]

GC Heap History (6 events):
Event: 0.774 GC heap before
{Heap before GC invocations=1 (full 0):
 PSYoungGen      total 76288K, used 65536K [0x000000076b400000, 0x0000000770900000, 0x00000007c0000000)
  eden space 65536K, 100% used [0x000000076b400000,0x000000076f400000,0x000000076f400000)
  from space 10752K, 0% used [0x000000076fe80000,0x000000076fe80000,0x0000000770900000)
  to   space 10752K, 0% used [0x000000076f400000,0x000000076f400000,0x000000076fe80000)
 ParOldGen       total 175104K, used 0K [0x00000006c1c00000, 0x00000006cc700000, 0x000000076b400000)
  object space 175104K, 0% used [0x00000006c1c00000,0x00000006c1c00000,0x00000006cc700000)
 Metaspace       used 7278K, capacity 7467K, committed 7552K, reserved 1056768K
  class space    used 772K, capacity 840K, committed 896K, reserved 1048576K
Event: 0.778 GC heap after
Heap after GC invocations=1 (full 0):
 PSYoungGen      total 76288K, used 2718K [0x000000076b400000, 0x0000000770900000, 0x00000007c0000000)
  eden space 65536K, 0% used [0x000000076b400000,0x000000076b400000,0x000000076f400000)
  from space 10752K, 25% used [0x000000076f400000,0x000000076f6a79a0,0x000000076fe80000)
  to   space 10752K, 0% used [0x000000076fe80000,0x000000076fe80000,0x0000000770900000)
 ParOldGen       total 175104K, used 8K [0x00000006c1c00000, 0x00000006cc700000, 0x000000076b400000)
  object space 175104K, 0% used [0x00000006c1c00000,0x00000006c1c02000,0x00000006cc700000)
 Metaspace       used 7278K, capacity 7467K, committed 7552K, reserved 1056768K
  class space    used 772K, capacity 840K, committed 896K, reserved 1048576K
}
Event: 4.654 GC heap before
{Heap before GC invocations=2 (full 0):
 PSYoungGen      total 76288K, used 68254K [0x000000076b400000, 0x0000000770900000, 0x00000007c0000000)
  eden space 65536K, 100% used [0x000000076b400000,0x000000076f400000,0x000000076f400000)
  from space 10752K, 25% used [0x000000076f400000,0x000000076f6a79a0,0x000000076fe80000)
  to   space 10752K, 0% used [0x000000076fe80000,0x000000076fe80000,0x0000000770900000)
 ParOldGen       total 175104K, used 8K [0x00000006c1c00000, 0x00000006cc700000, 0x000000076b400000)
  object space 175104K, 0% used [0x00000006c1c00000,0x00000006c1c02000,0x00000006cc700000)
 Metaspace       used 8571K, capacity 8911K, committed 8960K, reserved 1056768K
  class space    used 910K, capacity 1010K, committed 1024K, reserved 1048576K
Event: 4.660 GC heap after
Heap after GC invocations=2 (full 0):
 PSYoungGen      total 76288K, used 3508K [0x000000076b400000, 0x0000000770900000, 0x00000007c0000000)
  eden space 65536K, 0% used [0x000000076b400000,0x000000076b400000,0x000000076f400000)
  from space 10752K, 32% used [0x000000076fe80000,0x00000007701ed3a0,0x0000000770900000)
  to   space 10752K, 0% used [0x000000076f400000,0x000000076f400000,0x000000076fe80000)
 ParOldGen       total 175104K, used 16K [0x00000006c1c00000, 0x00000006cc700000, 0x000000076b400000)
  object space 175104K, 0% used [0x00000006c1c00000,0x00000006c1c04000,0x00000006cc700000)
 Metaspace       used 8571K, capacity 8911K, committed 8960K, reserved 1056768K
  class space    used 910K, capacity 1010K, committed 1024K, reserved 1048576K
}
Event: 9.056 GC heap before
{Heap before GC invocations=3 (full 0):
 PSYoungGen      total 76288K, used 69044K [0x000000076b400000, 0x0000000770900000, 0x00000007c0000000)
  eden space 65536K, 100% used [0x000000076b400000,0x000000076f400000,0x000000076f400000)
  from space 10752K, 32% used [0x000000076fe80000,0x00000007701ed3a0,0x0000000770900000)
  to   space 10752K, 0% used [0x000000076f400000,0x000000076f400000,0x000000076fe80000)
 ParOldGen       total 175104K, used 16K [0x00000006c1c00000, 0x00000006cc700000, 0x000000076b400000)
  object space 175104K, 0% used [0x00000006c1c00000,0x00000006c1c04000,0x00000006cc700000)
 Metaspace       used 8763K, capacity 9117K, committed 9216K, reserved 1056768K
  class space    used 914K, capacity 1011K, committed 1024K, reserved 1048576K
Event: 9.062 GC heap after
Heap after GC invocations=3 (full 0):
 PSYoungGen      total 76288K, used 3780K [0x000000076b400000, 0x0000000770900000, 0x00000007c0000000)
  eden space 65536K, 0% used [0x000000076b400000,0x000000076b400000,0x000000076f400000)
  from space 10752K, 35% used [0x000000076f400000,0x000000076f7b13b0,0x000000076fe80000)
  to   space 10752K, 0% used [0x000000076fe80000,0x000000076fe80000,0x0000000770900000)
 ParOldGen       total 175104K, used 24K [0x00000006c1c00000, 0x00000006cc700000, 0x000000076b400000)
  object space 175104K, 0% used [0x00000006c1c00000,0x00000006c1c06000,0x00000006cc700000)
 Metaspace       used 8763K, capacity 9117K, committed 9216K, reserved 1056768K
  class space    used 914K, capacity 1011K, committed 1024K, reserved 1048576K
}

Deoptimization events (10 events):
Event: 4.420 Thread 0x000000000043e800 Uncommon trap: reason=class_check action=maybe_recompile pc=0x0000000002b6d5ec method=java.util.TimSort.countRunAndMakeAscending([Ljava/lang/Object;IILjava/util/Comparator;)I @ 43
Event: 4.420 Thread 0x000000000043e800 Uncommon trap: reason=class_check action=maybe_recompile pc=0x0000000002b6d5ec method=java.util.TimSort.countRunAndMakeAscending([Ljava/lang/Object;IILjava/util/Comparator;)I @ 43
Event: 4.421 Thread 0x000000000043e800 Uncommon trap: reason=class_check action=maybe_recompile pc=0x0000000002b6d5ec method=java.util.TimSort.countRunAndMakeAscending([Ljava/lang/Object;IILjava/util/Comparator;)I @ 43
Event: 4.421 Thread 0x000000000043e800 Uncommon trap: reason=class_check action=maybe_recompile pc=0x0000000002b6d5ec method=java.util.TimSort.countRunAndMakeAscending([Ljava/lang/Object;IILjava/util/Comparator;)I @ 43
Event: 4.552 Thread 0x000000000043e800 Uncommon trap: reason=unstable_if action=reinterpret pc=0x0000000002b41418 method=org.lwjgl.input.Keyboard.isKeyDown(I)Z @ 29
Event: 5.118 Thread 0x000000000043e800 Uncommon trap: reason=unstable_if action=reinterpret pc=0x0000000002b9fb58 method=game.GameObject.step(FF)V @ 84
Event: 5.153 Thread 0x000000000043e800 Uncommon trap: reason=unstable_if action=reinterpret pc=0x0000000002b569cc method=game.environment.Tree.render(Lengine/rendering/Screen;)V @ 39
Event: 5.153 Thread 0x000000000043e800 Uncommon trap: reason=unstable_if action=reinterpret pc=0x0000000002bc8f1c method=game.environment.Stone.render(Lengine/rendering/Screen;)V @ 39
Event: 6.503 Thread 0x000000000043e800 Uncommon trap: reason=unstable_if action=reinterpret pc=0x0000000002b89f98 method=sun.misc.FloatingDecimal.getBinaryToASCIIConverter(F)Lsun/misc/FloatingDecimal$BinaryToASCIIConverter; @ 67
Event: 6.504 Thread 0x000000000043e800 Uncommon trap: reason=unstable_if action=reinterpret pc=0x0000000002b6e098 method=sun.misc.FloatingDecimal$BinaryToASCIIBuffer.getChars([C)I @ 47

Classes redefined (0 events):
No events

Internal exceptions (10 events):
Event: 0.106 Thread 0x000000000043e800 Exception <a 'java/security/PrivilegedActionException'> (0x000000076b4a9350) thrown at [C:\re\workspace\8-2-build-windows-amd64-cygwin\jdk8u181\11358\hotspot\src\share\vm\prims\jvm.cpp, line 1435]
Event: 0.106 Thread 0x000000000043e800 Exception <a 'java/security/PrivilegedActionException'> (0x000000076b4a9560) thrown at [C:\re\workspace\8-2-build-windows-amd64-cygwin\jdk8u181\11358\hotspot\src\share\vm\prims\jvm.cpp, line 1435]
Event: 0.107 Thread 0x000000000043e800 Exception <a 'java/security/PrivilegedActionException'> (0x000000076b4ad1d0) thrown at [C:\re\workspace\8-2-build-windows-amd64-cygwin\jdk8u181\11358\hotspot\src\share\vm\prims\jvm.cpp, line 1435]
Event: 0.107 Thread 0x000000000043e800 Exception <a 'java/security/PrivilegedActionException'> (0x000000076b4ad3e0) thrown at [C:\re\workspace\8-2-build-windows-amd64-cygwin\jdk8u181\11358\hotspot\src\share\vm\prims\jvm.cpp, line 1435]
Event: 0.116 Thread 0x000000000043e800 Exception <a 'java/io/FileNotFoundException'> (0x000000076b4bbba8) thrown at [C:\re\workspace\8-2-build-windows-amd64-cygwin\jdk8u181\11358\hotspot\src\share\vm\prims\jni.cpp, line 709]
Event: 0.164 Thread 0x000000000043e800 Exception <a 'java/lang/NoSuchFieldError': method resolution failed> (0x000000076b6d4548) thrown at [C:\re\workspace\8-2-build-windows-amd64-cygwin\jdk8u181\11358\hotspot\src\share\vm\prims\methodHandles.cpp, line 1167]
Event: 0.167 Thread 0x000000000043e800 Exception <a 'java/lang/NoSuchFieldError': method resolution failed> (0x000000076b6e1918) thrown at [C:\re\workspace\8-2-build-windows-amd64-cygwin\jdk8u181\11358\hotspot\src\share\vm\prims\methodHandles.cpp, line 1167]
Event: 0.703 Thread 0x000000000043e800 Implicit null exception at 0x0000000002a2bc27 to 0x0000000002a2bd51
Event: 5.153 Thread 0x000000000043e800 Implicit null exception at 0x0000000002b56883 to 0x0000000002b569bd
Event: 5.153 Thread 0x000000000043e800 Implicit null exception at 0x0000000002bc8dcf to 0x0000000002bc8f0d

Events (10 events):
Event: 11.034 loading class java/util/IdentityHashMap$KeySet done
Event: 11.034 loading class java/util/IdentityHashMap$KeyIterator
Event: 11.034 loading class java/util/IdentityHashMap$KeyIterator done
Event: 11.034 Thread 0x000000001e69a000 Thread added: 0x000000001e69a000
Event: 11.035 Thread 0x000000001e69b000 Thread added: 0x000000001e69b000
Event: 11.035 Thread 0x000000001e69b800 Thread added: 0x000000001e69b800
Event: 11.035 Thread 0x000000001e69b000 Thread exited: 0x000000001e69b000
Event: 11.037 Thread 0x000000001dbbb800 Thread exited: 0x000000001dbbb800
Event: 11.136 Thread 0x000000001e69a000 Thread exited: 0x000000001e69a000
Event: 11.136 Executing VM operation: Exit


Dynamic libraries:
0x000000013f300000 - 0x000000013f337000 	C:\Program Files\Java\jre1.8.0_181\bin\javaw.exe
0x0000000076d80000 - 0x0000000076f2a000 	C:\windows\SYSTEM32\ntdll.dll
0x0000000076c60000 - 0x0000000076d7f000 	C:\windows\system32\kernel32.dll
0x000007fefcbd0000 - 0x000007fefcc3a000 	C:\windows\system32\KERNELBASE.dll
0x000007fefd060000 - 0x000007fefd13b000 	C:\windows\system32\ADVAPI32.dll
0x000007fefe290000 - 0x000007fefe32f000 	C:\windows\system32\msvcrt.dll
0x000007fefeb50000 - 0x000007fefeb6f000 	C:\windows\SYSTEM32\sechost.dll
0x000007fefee60000 - 0x000007fefef8d000 	C:\windows\system32\RPCRT4.dll
0x0000000076b60000 - 0x0000000076c5a000 	C:\windows\system32\USER32.dll
0x000007fefe6c0000 - 0x000007fefe727000 	C:\windows\system32\GDI32.dll
0x000007fefec60000 - 0x000007fefec6e000 	C:\windows\system32\LPK.dll
0x000007fefef90000 - 0x000007feff05a000 	C:\windows\system32\USP10.dll
0x000007fefae80000 - 0x000007fefb074000 	C:\windows\WinSxS\amd64_microsoft.windows.common-controls_6595b64144ccf1df_6.0.7601.18837_none_fa3b1e3d17594757\COMCTL32.dll
0x000007fefcfe0000 - 0x000007fefd051000 	C:\windows\system32\SHLWAPI.dll
0x000007fefe730000 - 0x000007fefe75e000 	C:\windows\system32\IMM32.DLL
0x000007fefce50000 - 0x000007fefcf59000 	C:\windows\system32\MSCTF.dll
0x00000000794e0000 - 0x00000000795b2000 	C:\Program Files\Java\jre1.8.0_181\bin\msvcr100.dll
0x00000000706c0000 - 0x0000000070f62000 	C:\Program Files\Java\jre1.8.0_181\bin\server\jvm.dll
0x000007fef6f20000 - 0x000007fef6f29000 	C:\windows\system32\WSOCK32.dll
0x000007fefec10000 - 0x000007fefec5d000 	C:\windows\system32\WS2_32.dll
0x000007fefce40000 - 0x000007fefce48000 	C:\windows\system32\NSI.dll
0x000007fefa960000 - 0x000007fefa99b000 	C:\windows\system32\WINMM.dll
0x000007fefbad0000 - 0x000007fefbadc000 	C:\windows\system32\VERSION.dll
0x0000000076f50000 - 0x0000000076f57000 	C:\windows\system32\PSAPI.DLL
0x000000006d570000 - 0x000000006d57f000 	C:\Program Files\Java\jre1.8.0_181\bin\verify.dll
0x0000000067130000 - 0x0000000067159000 	C:\Program Files\Java\jre1.8.0_181\bin\java.dll
0x000000006cc10000 - 0x000000006cc26000 	C:\Program Files\Java\jre1.8.0_181\bin\zip.dll
0x000007fefd500000 - 0x000007fefe28a000 	C:\windows\system32\SHELL32.dll
0x000007fefe940000 - 0x000007fefeb43000 	C:\windows\system32\ole32.dll
0x000007fefca80000 - 0x000007fefca8f000 	C:\windows\system32\profapi.dll
0x000000006c0c0000 - 0x000000006c259000 	C:\Program Files\Java\jre1.8.0_181\bin\awt.dll
0x000007fefd420000 - 0x000007fefd4fa000 	C:\windows\system32\OLEAUT32.dll
0x000007fefb4c0000 - 0x000007fefb516000 	C:\windows\system32\uxtheme.dll
0x000007fefbab0000 - 0x000007fefbac8000 	C:\windows\system32\dwmapi.dll
0x000007fefc920000 - 0x000007fefc92f000 	C:\windows\system32\CRYPTBASE.dll
0x0000000180000000 - 0x0000000180051000 	C:\Users\Admin\Documents\Java Libraries\LWJGL 2\natives\lwjgl64.dll
0x000007fec37d0000 - 0x000007fec38ed000 	C:\windows\system32\OPENGL32.dll
0x000007fec3c20000 - 0x000007fec3c4d000 	C:\windows\system32\GLU32.dll
0x000007fec36d0000 - 0x000007fec37c1000 	C:\windows\system32\DDRAW.dll
0x000007fec3c10000 - 0x000007fec3c18000 	C:\windows\system32\DCIMAN32.dll
0x000007fefe760000 - 0x000007fefe937000 	C:\windows\system32\SETUPAPI.dll
0x000007fefcc50000 - 0x000007fefcc86000 	C:\windows\system32\CFGMGR32.dll
0x000007fefcaa0000 - 0x000007fefcaba000 	C:\windows\system32\DEVOBJ.dll
0x000007fef2790000 - 0x000007fef27a8000 	C:\windows\system32\atig6pxx.dll
0x000007febdcb0000 - 0x000007febddf1000 	C:\windows\system32\atiadlxx.dll
0x000007fefb6e0000 - 0x000007fefb80c000 	C:\windows\system32\PROPSYS.dll
0x000007fefccb0000 - 0x000007fefccce000 	C:\windows\system32\USERENV.dll
0x000007fefbb10000 - 0x000007fefbb21000 	C:\windows\system32\WTSAPI32.dll
0x000007fef95d0000 - 0x000007fef95f7000 	C:\windows\system32\IPHLPAPI.DLL
0x000007fef95c0000 - 0x000007fef95cb000 	C:\windows\system32\WINNSI.DLL
0x000007fefcae0000 - 0x000007fefcb1b000 	C:\windows\system32\WINTRUST.dll
0x000007fefccd0000 - 0x000007fefce3d000 	C:\windows\system32\CRYPT32.dll
0x000007fefca90000 - 0x000007fefca9f000 	C:\windows\system32\MSASN1.dll
0x000007feaffd0000 - 0x000007feb0d19000 	C:\windows\system32\ig9icd64.dll
0x000007fef2740000 - 0x000007fef276c000 	C:\windows\system32\atig6txx.dll
0x000007fef9900000 - 0x000007fef999c000 	C:\windows\system32\mscms.dll
0x000007fef9a50000 - 0x000007fef9a92000 	C:\windows\system32\icm32.dll
0x000007feed6e0000 - 0x000007feee83c000 	C:\windows\system32\igc64.dll
0x000007fee4c40000 - 0x000007fee4c95000 	C:\Program Files (x86)\obs-studio\data\obs-plugins\win-capture\graphics-hook64.dll
0x000007fee6960000 - 0x000007fee6a85000 	C:\windows\system32\dbghelp.dll

VM Arguments:
jvm_args: -Djava.library.path=C:\Users\Admin\Documents\Java Libraries\LWJGL 2\natives;C:\Users\Admin\Documents\Java Libraries\LWJGL 2\natives -Dfile.encoding=Cp1252 
java_command: game.Game
java_class_path (initial): C:\Users\Magmi\workspace\DimensionsLWJGL\bin;C:\Users\Admin\Documents\Java Libraries\LWJGL 2\jars\lwjgl.jar;C:\Users\Admin\Documents\Java Libraries\LWJGL 2\jars\lwjgl_util.jar;C:\Users\Admin\Documents\Java Libraries\LWJGL 2\jars\slick-util.jar
Launcher Type: SUN_STANDARD

Environment Variables:
PATH=C:/Program Files/Java/jre1.8.0_181/bin/server;C:/Program Files/Java/jre1.8.0_181/bin;C:/Program Files/Java/jre1.8.0_181/lib/amd64;C:\Program Files (x86)\Common Files\Oracle\Java\javapath;C:\ProgramData\Oracle\Java\javapath;C:\Program Files\Common Files\Microsoft Shared\Windows Live;C:\Program Files (x86)\Common Files\Microsoft Shared\Windows Live;C:\Program Files (x86)\Intel\iCLS Client\;C:\Program Files\Intel\iCLS Client\;C:\windows\system32;C:\windows;C:\windows\System32\Wbem;C:\windows\System32\WindowsPowerShell\v1.0\;C:\Program Files (x86)\Intel\Intel(R) Management Engine Components\DAL;C:\Program Files\Intel\Intel(R) Management Engine Components\DAL;C:\Program Files (x86)\Intel\Intel(R) Management Engine Components\IPT;C:\Program Files\Intel\Intel(R) Management Engine Components\IPT;C:\Program Files (x86)\ATI Technologies\ATI.ACE\Core-Static;C:\Program Files (x86)\Common Files\Lenovo;C:\ProgramData\Lenovo\ReadyApps;C:\Program Files (x86)\Common Files\lenovo\easyplussdk\bin;C:\Program Files (x86)\Windows Live\Shared;C:\Program Files\Git\cmd;C:\Program Files\Intel\WiFi\bin\;C:\Program Files\Common Files\Intel\WirelessCommon\;C:\Program Files (x86)\Lenovo\Access Connections\;C:\Users\Admin\AppData\Local\Programs\Python\Launcher\;C:\Program Files\Intel\WiFi\bin\;C:\Program Files\Common Files\Intel\WirelessCommon\;C:\Program Files\Eclipse;
USERNAME=Admin
OS=Windows_NT
PROCESSOR_IDENTIFIER=Intel64 Family 6 Model 78 Stepping 3, GenuineIntel



---------------  S Y S T E M  ---------------

OS: Windows 7 , 64 bit Build 7601 (6.1.7601.23572)

CPU:total 4 (initial active 4) (2 cores per cpu, 2 threads per core) family 6 model 78 stepping 3, cmov, cx8, fxsr, mmx, sse, sse2, sse3, ssse3, sse4.1, sse4.2, popcnt, avx, avx2, aes, clmul, erms, 3dnowpref, lzcnt, ht, tsc, tscinvbit, bmi1, bmi2, adx

Memory: 4k page, physical 16657452k(5931872k free), swap 33232920k(16966220k free)

vm_info: Java HotSpot(TM) 64-Bit Server VM (25.181-b13) for windows-amd64 JRE (1.8.0_181-b13), built on Jul  7 2018 04:01:33 by "java_re" with MS VC++ 10.0 (VS2010)

time: Tue Dec 04 19:04:33 2018
elapsed time: 11 seconds (0d 0h 0m 11s)

