#
# A fatal error has been detected by the Java Runtime Environment:
#
#  EXCEPTION_ACCESS_VIOLATION (0xc0000005) at pc=0x000007feb088a5ce, pid=22784, tid=0x0000000000007600
#
# JRE version: Java(TM) SE Runtime Environment (8.0_181-b13) (build 1.8.0_181-b13)
# Java VM: Java HotSpot(TM) 64-Bit Server VM (25.181-b13 mixed mode windows-amd64 compressed oops)
# Problematic frame:
# C  [ig9icd64.dll+0x8ba5ce]
#
# Failed to write core dump. Minidumps are not enabled by default on client versions of Windows
#
# If you would like to submit a bug report, please visit:
#   http://bugreport.java.com/bugreport/crash.jsp
#

---------------  T H R E A D  ---------------

Current thread (0x000000001bedb000):  VMThread [stack: 0x000000001d0d0000,0x000000001d1d0000] [id=30208]

siginfo: ExceptionCode=0xc0000005, reading address 0x0000000000001158

Registers:
RAX=0x00000000003674b0, RBX=0x000007feccb580b4, RCX=0x0000000000000001, RDX=0x000007feccb580a8
RSP=0x000000001d1cf418, RBP=0x000007feccb58070, RSI=0x0000000000020000, RDI=0x0000000000000000
R8 =0x0000000000000000, R9 =0x0000000000000018, R10=0x00000000c0000008, R11=0x0000000000000246
R12=0x000007fffffd7000, R13=0x000007fffffae000, R14=0x0000000076eb2bc0, R15=0x0000000076ead670
RIP=0x000007feb088a5ce, EFLAGS=0x0000000000010246

Top of Stack: (sp=0x000000001d1cf418)
0x000000001d1cf418:   000007feccb14670 000007fffffd7000
0x000000001d1cf428:   000007fefb6e937b 0000000076ead670
0x000000001d1cf438:   0000000000000000 000000001bdc5500
0x000000001d1cf448:   000007feccb15bf4 0000000000000000
0x000000001d1cf458:   0000000000020000 0000000000000000
0x000000001d1cf468:   0000000000000001 000007fec37d0000
0x000000001d1cf478:   000007fec37f752d 0000000000000000
0x000000001d1cf488:   0000000000000000 000007fed6f21310
0x000000001d1cf498:   0000000076c81a0a 0000000000000001
0x000000001d1cf4a8:   000007fec37dc1ef 0000000000000001
0x000000001d1cf4b8:   0000000000000000 0000000000000000
0x000000001d1cf4c8:   00000000023f4e70 0000000000000000
0x000000001d1cf4d8:   000007fec37dc586 000000018001c560
0x000000001d1cf4e8:   00000000023f4e70 000000018001c558
0x000000001d1cf4f8:   0000000076c81a0a 0000000000000000
0x000000001d1cf508:   000007fec38aa1c3 0000000000000001 

Instructions: (pc=0x000007feb088a5ce)
0x000007feb088a5ae:   cc cc 44 8b 05 95 a6 3d 00 65 48 8b 04 25 58 00
0x000007feb088a5be:   00 00 41 b9 18 00 00 00 4a 8b 04 c0 4e 8b 04 08
0x000007feb088a5ce:   49 ff a0 58 11 00 00 cc cc cc cc cc cc cc cc cc
0x000007feb088a5de:   cc cc 44 8b 05 65 a6 3d 00 65 48 8b 04 25 58 00 


Register to memory mapping:

RAX=0x00000000003674b0 is an unknown value
RBX=0x000007feccb580b4 is an unknown value
RCX=0x0000000000000001 is an unknown value
RDX=0x000007feccb580a8 is an unknown value
RSP=0x000000001d1cf418 is an unknown value
RBP=0x000007feccb58070 is an unknown value
RSI=0x0000000000020000 is an unknown value
RDI=0x0000000000000000 is an unknown value
R8 =0x0000000000000000 is an unknown value
R9 =0x0000000000000018 is an unknown value
R10=0x00000000c0000008 is an unknown value
R11=0x0000000000000246 is an unknown value
R12=0x000007fffffd7000 is an unknown value
R13=0x000007fffffae000 is an unknown value
R14=0x0000000076eb2bc0 is an unknown value
R15=0x0000000076ead670 is an unknown value


Stack: [0x000000001d0d0000,0x000000001d1d0000],  sp=0x000000001d1cf418,  free space=1021k
Native frames: (J=compiled Java code, j=interpreted, Vv=VM code, C=native code)
C  [ig9icd64.dll+0x8ba5ce]

VM_Operation (0x000000000250f210): Exit, mode: safepoint, requested by thread 0x000000000047e800


---------------  P R O C E S S  ---------------

Java Threads: ( => current thread )
  0x000000001dabd800 JavaThread "AWT-EventQueue-0" [_thread_blocked, id=15452, stack(0x0000000023a20000,0x0000000023b20000)]
  0x000000001dabc800 JavaThread "AWT-Shutdown" [_thread_blocked, id=8548, stack(0x0000000028270000,0x0000000028370000)]
  0x0000000023055000 JavaThread "LWJGL Timer" daemon [_thread_blocked, id=28160, stack(0x000000005f670000,0x000000005f770000)]
  0x000000001dd18800 JavaThread "Java2D Disposer" daemon [_thread_blocked, id=28216, stack(0x000000001e420000,0x000000001e520000)]
  0x000000001da1f000 JavaThread "Service Thread" daemon [_thread_blocked, id=6856, stack(0x000000001e0b0000,0x000000001e1b0000)]
  0x000000001da18800 JavaThread "C1 CompilerThread2" daemon [_thread_blocked, id=31508, stack(0x000000001df40000,0x000000001e040000)]
  0x000000001da16000 JavaThread "C2 CompilerThread1" daemon [_thread_blocked, id=30780, stack(0x000000001d760000,0x000000001d860000)]
  0x000000001bf45000 JavaThread "C2 CompilerThread0" daemon [_thread_blocked, id=4252, stack(0x000000001d8c0000,0x000000001d9c0000)]
  0x000000001bf43800 JavaThread "Attach Listener" daemon [_thread_blocked, id=5736, stack(0x000000001d620000,0x000000001d720000)]
  0x000000001bf24000 JavaThread "Finalizer" daemon [_thread_blocked, id=25680, stack(0x000000001d2a0000,0x000000001d3a0000)]
  0x000000001bee2800 JavaThread "Reference Handler" daemon [_thread_blocked, id=31660, stack(0x000000001cfd0000,0x000000001d0d0000)]
  0x000000000047e800 JavaThread "main" [_thread_blocked, id=28832, stack(0x0000000002410000,0x0000000002510000)]

Other Threads:
=>0x000000001bedb000 VMThread [stack: 0x000000001d0d0000,0x000000001d1d0000] [id=30208]

VM state:at safepoint (shutting down)

VM Mutex/Monitor currently owned by a thread:  ([mutex/lock_event])
[0x000000000047cf80] Threads_lock - owner thread: 0x000000001bedb000

Heap:
 PSYoungGen      total 67072K, used 56178K [0x000000076b400000, 0x000000076fe00000, 0x00000007c0000000)
  eden space 60416K, 88% used [0x000000076b400000,0x000000076e7ecb50,0x000000076ef00000)
  from space 6656K, 45% used [0x000000076f780000,0x000000076fa70010,0x000000076fe00000)
  to   space 7680K, 0% used [0x000000076ef00000,0x000000076ef00000,0x000000076f680000)
 ParOldGen       total 175104K, used 5418K [0x00000006c1c00000, 0x00000006cc700000, 0x000000076b400000)
  object space 175104K, 3% used [0x00000006c1c00000,0x00000006c214a8a0,0x00000006cc700000)
 Metaspace       used 9064K, capacity 9359K, committed 9600K, reserved 1058816K
  class space    used 954K, capacity 1044K, committed 1152K, reserved 1048576K

Card table byte_map: [0x0000000011ba0000,0x00000000123a0000] byte_map_base: 0x000000000e592000

Marking Bits: (ParMarkBitMap*) 0x0000000070ee2d00
 Begin Bits: [0x0000000012e30000, 0x0000000016dc0000)
 End Bits:   [0x0000000016dc0000, 0x000000001ad50000)

Polling page: 0x0000000000420000

CodeCache: size=245760Kb used=6059Kb max_used=6070Kb free=239700Kb
 bounds [0x00000000027e0000, 0x0000000002de0000, 0x00000000117e0000]
 total_blobs=1998 nmethods=1503 adapters=407
 compilation: enabled

Compilation events (10 events):
Event: 25.427 Thread 0x000000001da18800 1499       3       java.nio.Bits::putInt (20 bytes)
Event: 25.427 Thread 0x000000001da18800 nmethod 1499 0x0000000002dcb9d0 code [0x0000000002dcbb40, 0x0000000002dcbd38]
Event: 25.509 Thread 0x000000001bf45000 1500       4       engine.gfx.Font::render (153 bytes)
Event: 25.520 Thread 0x000000001bf45000 nmethod 1500 0x0000000002dc8fd0 code [0x0000000002dc91a0, 0x0000000002dc9a38]
Event: 25.544 Thread 0x000000001da18800 1502       3       org.lwjgl.opengl.WindowsDisplay::getHwnd (5 bytes)
Event: 25.546 Thread 0x000000001da18800 nmethod 1502 0x0000000002dcb2d0 code [0x0000000002dcb420, 0x0000000002dcb570]
Event: 25.628 Thread 0x000000001da18800 1503       3       game.levels.LevelOverworld::lambda$0 (153 bytes)
Event: 25.633 Thread 0x000000001da18800 nmethod 1503 0x0000000002dcc4d0 code [0x0000000002dcc8e0, 0x0000000002dcf168]
Event: 26.415 Thread 0x000000001da16000 1504       4       java.nio.DirectIntBufferU::put (18 bytes)
Event: 26.415 Thread 0x000000001da16000 nmethod 1504 0x0000000002dcb010 code [0x0000000002dcb140, 0x0000000002dcb1f8]

GC Heap History (10 events):
Event: 15.929 GC heap before
{Heap before GC invocations=4 (full 0):
 PSYoungGen      total 76288K, used 69620K [0x000000076b400000, 0x0000000770900000, 0x00000007c0000000)
  eden space 65536K, 100% used [0x000000076b400000,0x000000076f400000,0x000000076f400000)
  from space 10752K, 37% used [0x000000076f400000,0x000000076f7fd3a0,0x000000076fe80000)
  to   space 10752K, 0% used [0x000000076fe80000,0x000000076fe80000,0x0000000770900000)
 ParOldGen       total 175104K, used 32K [0x00000006c1c00000, 0x00000006cc700000, 0x000000076b400000)
  object space 175104K, 0% used [0x00000006c1c00000,0x00000006c1c08000,0x00000006cc700000)
 Metaspace       used 8987K, capacity 9351K, committed 9600K, reserved 1058816K
  class space    used 953K, capacity 1044K, committed 1152K, reserved 1048576K
Event: 15.935 GC heap after
Heap after GC invocations=4 (full 0):
 PSYoungGen      total 76288K, used 5108K [0x000000076b400000, 0x0000000770900000, 0x00000007c0000000)
  eden space 65536K, 0% used [0x000000076b400000,0x000000076b400000,0x000000076f400000)
  from space 10752K, 47% used [0x000000076fe80000,0x000000077037d3b0,0x0000000770900000)
  to   space 10752K, 0% used [0x000000076f400000,0x000000076f400000,0x000000076fe80000)
 ParOldGen       total 175104K, used 40K [0x00000006c1c00000, 0x00000006cc700000, 0x000000076b400000)
  object space 175104K, 0% used [0x00000006c1c00000,0x00000006c1c0a000,0x00000006cc700000)
 Metaspace       used 8987K, capacity 9351K, committed 9600K, reserved 1058816K
  class space    used 953K, capacity 1044K, committed 1152K, reserved 1048576K
}
Event: 19.038 GC heap before
{Heap before GC invocations=5 (full 0):
 PSYoungGen      total 76288K, used 70644K [0x000000076b400000, 0x0000000770900000, 0x00000007c0000000)
  eden space 65536K, 100% used [0x000000076b400000,0x000000076f400000,0x000000076f400000)
  from space 10752K, 47% used [0x000000076fe80000,0x000000077037d3b0,0x0000000770900000)
  to   space 10752K, 0% used [0x000000076f400000,0x000000076f400000,0x000000076fe80000)
 ParOldGen       total 175104K, used 40K [0x00000006c1c00000, 0x00000006cc700000, 0x000000076b400000)
  object space 175104K, 0% used [0x00000006c1c00000,0x00000006c1c0a000,0x00000006cc700000)
 Metaspace       used 9028K, capacity 9351K, committed 9600K, reserved 1058816K
  class space    used 953K, capacity 1044K, committed 1152K, reserved 1048576K
Event: 19.054 GC heap after
Heap after GC invocations=5 (full 0):
 PSYoungGen      total 70656K, used 6276K [0x000000076b400000, 0x0000000770080000, 0x00000007c0000000)
  eden space 64000K, 0% used [0x000000076b400000,0x000000076b400000,0x000000076f280000)
  from space 6656K, 94% used [0x000000076f400000,0x000000076fa213a0,0x000000076fa80000)
  to   space 6144K, 0% used [0x000000076fa80000,0x000000076fa80000,0x0000000770080000)
 ParOldGen       total 175104K, used 48K [0x00000006c1c00000, 0x00000006cc700000, 0x000000076b400000)
  object space 175104K, 0% used [0x00000006c1c00000,0x00000006c1c0c000,0x00000006cc700000)
 Metaspace       used 9028K, capacity 9351K, committed 9600K, reserved 1058816K
  class space    used 953K, capacity 1044K, committed 1152K, reserved 1048576K
}
Event: 21.583 GC heap before
{Heap before GC invocations=6 (full 0):
 PSYoungGen      total 70656K, used 70276K [0x000000076b400000, 0x0000000770080000, 0x00000007c0000000)
  eden space 64000K, 100% used [0x000000076b400000,0x000000076f280000,0x000000076f280000)
  from space 6656K, 94% used [0x000000076f400000,0x000000076fa213a0,0x000000076fa80000)
  to   space 6144K, 0% used [0x000000076fa80000,0x000000076fa80000,0x0000000770080000)
 ParOldGen       total 175104K, used 48K [0x00000006c1c00000, 0x00000006cc700000, 0x000000076b400000)
  object space 175104K, 0% used [0x00000006c1c00000,0x00000006c1c0c000,0x00000006cc700000)
 Metaspace       used 9049K, capacity 9359K, committed 9600K, reserved 1058816K
  class space    used 953K, capacity 1044K, committed 1152K, reserved 1048576K
Event: 21.591 GC heap after
Heap after GC invocations=6 (full 0):
 PSYoungGen      total 68608K, used 6116K [0x000000076b400000, 0x0000000770100000, 0x00000007c0000000)
  eden space 62464K, 0% used [0x000000076b400000,0x000000076b400000,0x000000076f100000)
  from space 6144K, 99% used [0x000000076fa80000,0x00000007700793a0,0x0000000770080000)
  to   space 8192K, 0% used [0x000000076f100000,0x000000076f100000,0x000000076f900000)
 ParOldGen       total 175104K, used 736K [0x00000006c1c00000, 0x00000006cc700000, 0x000000076b400000)
  object space 175104K, 0% used [0x00000006c1c00000,0x00000006c1cb8000,0x00000006cc700000)
 Metaspace       used 9049K, capacity 9359K, committed 9600K, reserved 1058816K
  class space    used 953K, capacity 1044K, committed 1152K, reserved 1048576K
}
Event: 23.210 GC heap before
{Heap before GC invocations=7 (full 0):
 PSYoungGen      total 68608K, used 68580K [0x000000076b400000, 0x0000000770100000, 0x00000007c0000000)
  eden space 62464K, 100% used [0x000000076b400000,0x000000076f100000,0x000000076f100000)
  from space 6144K, 99% used [0x000000076fa80000,0x00000007700793a0,0x0000000770080000)
  to   space 8192K, 0% used [0x000000076f100000,0x000000076f100000,0x000000076f900000)
 ParOldGen       total 175104K, used 736K [0x00000006c1c00000, 0x00000006cc700000, 0x000000076b400000)
  object space 175104K, 0% used [0x00000006c1c00000,0x00000006c1cb8000,0x00000006cc700000)
 Metaspace       used 9053K, capacity 9359K, committed 9600K, reserved 1058816K
  class space    used 953K, capacity 1044K, committed 1152K, reserved 1048576K
Event: 23.222 GC heap after
Heap after GC invocations=7 (full 0):
 PSYoungGen      total 65536K, used 3648K [0x000000076b400000, 0x000000076ff00000, 0x00000007c0000000)
  eden space 61440K, 0% used [0x000000076b400000,0x000000076b400000,0x000000076f000000)
  from space 4096K, 89% used [0x000000076f100000,0x000000076f490010,0x000000076f500000)
  to   space 7680K, 0% used [0x000000076f780000,0x000000076f780000,0x000000076ff00000)
 ParOldGen       total 175104K, used 3866K [0x00000006c1c00000, 0x00000006cc700000, 0x000000076b400000)
  object space 175104K, 2% used [0x00000006c1c00000,0x00000006c1fc68a0,0x00000006cc700000)
 Metaspace       used 9053K, capacity 9359K, committed 9600K, reserved 1058816K
  class space    used 953K, capacity 1044K, committed 1152K, reserved 1048576K
}
Event: 25.840 GC heap before
{Heap before GC invocations=8 (full 0):
 PSYoungGen      total 65536K, used 65088K [0x000000076b400000, 0x000000076ff00000, 0x00000007c0000000)
  eden space 61440K, 100% used [0x000000076b400000,0x000000076f000000,0x000000076f000000)
  from space 4096K, 89% used [0x000000076f100000,0x000000076f490010,0x000000076f500000)
  to   space 7680K, 0% used [0x000000076f780000,0x000000076f780000,0x000000076ff00000)
 ParOldGen       total 175104K, used 3866K [0x00000006c1c00000, 0x00000006cc700000, 0x000000076b400000)
  object space 175104K, 2% used [0x00000006c1c00000,0x00000006c1fc68a0,0x00000006cc700000)
 Metaspace       used 9056K, capacity 9359K, committed 9600K, reserved 1058816K
  class space    used 953K, capacity 1044K, committed 1152K, reserved 1048576K
Event: 25.844 GC heap after
Heap after GC invocations=8 (full 0):
 PSYoungGen      total 67072K, used 3008K [0x000000076b400000, 0x000000076fe00000, 0x00000007c0000000)
  eden space 60416K, 0% used [0x000000076b400000,0x000000076b400000,0x000000076ef00000)
  from space 6656K, 45% used [0x000000076f780000,0x000000076fa70010,0x000000076fe00000)
  to   space 7680K, 0% used [0x000000076ef00000,0x000000076ef00000,0x000000076f680000)
 ParOldGen       total 175104K, used 5418K [0x00000006c1c00000, 0x00000006cc700000, 0x000000076b400000)
  object space 175104K, 3% used [0x00000006c1c00000,0x00000006c214a8a0,0x00000006cc700000)
 Metaspace       used 9056K, capacity 9359K, committed 9600K, reserved 1058816K
  class space    used 953K, capacity 1044K, committed 1152K, reserved 1048576K
}

Deoptimization events (10 events):
Event: 16.075 Thread 0x000000000047e800 Uncommon trap: reason=unstable_if action=reinterpret pc=0x0000000002d2dd64 method=game.GameObject.step(FF)V @ 100
Event: 16.143 Thread 0x000000000047e800 Uncommon trap: reason=unstable_if action=reinterpret pc=0x0000000002d006c8 method=sun.misc.FloatingDecimal$BinaryToASCIIBuffer.dtoa(IJIZ)V @ 522
Event: 21.135 Thread 0x000000000047e800 Uncommon trap: reason=unstable_if action=reinterpret pc=0x0000000002d09bd0 method=game.environment.GrassBlock.getHitbox()Lutils/Hitbox; @ 271
Event: 21.135 Thread 0x000000000047e800 Uncommon trap: reason=unstable_if action=reinterpret pc=0x0000000002cf7aa4 method=sun.awt.geom.AreaOp$1.compare(Ljava/lang/Object;Ljava/lang/Object;)I @ 52
Event: 21.135 Thread 0x000000000047e800 Uncommon trap: reason=unstable_if action=reinterpret pc=0x0000000002beeabc method=sun.awt.geom.AreaOp$1.compare(Ljava/lang/Object;Ljava/lang/Object;)I @ 52
Event: 21.843 Thread 0x000000000047e800 Uncommon trap: reason=unstable_if action=reinterpret pc=0x0000000002db280c method=game.environment.GrassBlock.getHitbox()Lutils/Hitbox; @ 582
Event: 23.426 Thread 0x000000000047e800 Uncommon trap: reason=bimorphic action=maybe_recompile pc=0x0000000002d3d740 method=game.GameObject.collidesSides(Lgame/GameObject;)Lgame/GameObject$CollisionResult; @ 10
Event: 23.426 Thread 0x000000000047e800 Uncommon trap: reason=bimorphic action=maybe_recompile pc=0x0000000002d3d740 method=game.GameObject.collidesSides(Lgame/GameObject;)Lgame/GameObject$CollisionResult; @ 10
Event: 23.427 Thread 0x000000000047e800 Uncommon trap: reason=bimorphic action=maybe_recompile pc=0x0000000002d3d740 method=game.GameObject.collidesSides(Lgame/GameObject;)Lgame/GameObject$CollisionResult; @ 10
Event: 23.427 Thread 0x000000000047e800 Uncommon trap: reason=bimorphic action=maybe_recompile pc=0x0000000002d3d740 method=game.GameObject.collidesSides(Lgame/GameObject;)Lgame/GameObject$CollisionResult; @ 10

Classes redefined (0 events):
No events

Internal exceptions (10 events):
Event: 0.058 Thread 0x000000000047e800 Exception <a 'java/lang/NoSuchMethodError': Method sun.misc.Unsafe.prefetchRead(Ljava/lang/Object;J)V name or signature does not match> (0x000000076b407f98) thrown at [C:\re\workspace\8-2-build-windows-amd64-cygwin\jdk8u181\11358\hotspot\src\share\vm\prim
Event: 0.177 Thread 0x000000000047e800 Exception <a 'java/security/PrivilegedActionException'> (0x000000076b4ad108) thrown at [C:\re\workspace\8-2-build-windows-amd64-cygwin\jdk8u181\11358\hotspot\src\share\vm\prims\jvm.cpp, line 1435]
Event: 0.177 Thread 0x000000000047e800 Exception <a 'java/security/PrivilegedActionException'> (0x000000076b4ad318) thrown at [C:\re\workspace\8-2-build-windows-amd64-cygwin\jdk8u181\11358\hotspot\src\share\vm\prims\jvm.cpp, line 1435]
Event: 0.180 Thread 0x000000000047e800 Exception <a 'java/security/PrivilegedActionException'> (0x000000076b4b0f88) thrown at [C:\re\workspace\8-2-build-windows-amd64-cygwin\jdk8u181\11358\hotspot\src\share\vm\prims\jvm.cpp, line 1435]
Event: 0.180 Thread 0x000000000047e800 Exception <a 'java/security/PrivilegedActionException'> (0x000000076b4b1198) thrown at [C:\re\workspace\8-2-build-windows-amd64-cygwin\jdk8u181\11358\hotspot\src\share\vm\prims\jvm.cpp, line 1435]
Event: 0.205 Thread 0x000000000047e800 Exception <a 'java/io/FileNotFoundException'> (0x000000076b4bf960) thrown at [C:\re\workspace\8-2-build-windows-amd64-cygwin\jdk8u181\11358\hotspot\src\share\vm\prims\jni.cpp, line 709]
Event: 0.310 Thread 0x000000000047e800 Exception <a 'java/lang/NoSuchFieldError': method resolution failed> (0x000000076b6d84b8) thrown at [C:\re\workspace\8-2-build-windows-amd64-cygwin\jdk8u181\11358\hotspot\src\share\vm\prims\methodHandles.cpp, line 1167]
Event: 0.312 Thread 0x000000000047e800 Exception <a 'java/lang/NoSuchFieldError': method resolution failed> (0x000000076b6e5888) thrown at [C:\re\workspace\8-2-build-windows-amd64-cygwin\jdk8u181\11358\hotspot\src\share\vm\prims\methodHandles.cpp, line 1167]
Event: 0.912 Thread 0x000000001dd76800 Exception <a 'java/io/FileNotFoundException'> (0x000000076ba6dd78) thrown at [C:\re\workspace\8-2-build-windows-amd64-cygwin\jdk8u181\11358\hotspot\src\share\vm\prims\jni.cpp, line 709]
Event: 2.480 Thread 0x000000000047e800 Implicit null exception at 0x0000000002a468e7 to 0x0000000002a46a11

Events (10 events):
Event: 27.437 loading class java/util/IdentityHashMap$KeyIterator done
Event: 27.438 Thread 0x00000000233e6000 Thread added: 0x00000000233e6000
Event: 27.438 Thread 0x00000000233e7000 Thread added: 0x00000000233e7000
Event: 27.860 Thread 0x000000001dabc800 Thread added: 0x000000001dabc800
Event: 27.860 Thread 0x00000000233e6000 Thread exited: 0x00000000233e6000
Event: 27.871 Thread 0x000000001dabd800 Thread added: 0x000000001dabd800
Event: 27.914 Thread 0x000000001dd03800 Thread exited: 0x000000001dd03800
Event: 27.985 Thread 0x00000000233e7000 Thread exited: 0x00000000233e7000
Event: 27.985 Thread 0x000000001bf3f000 Thread exited: 0x000000001bf3f000
Event: 27.985 Executing VM operation: Exit


Dynamic libraries:
0x000000013ff90000 - 0x000000013ffc7000 	C:\Program Files\Java\jre1.8.0_181\bin\javaw.exe
0x0000000076d80000 - 0x0000000076f2a000 	C:\windows\SYSTEM32\ntdll.dll
0x0000000076c60000 - 0x0000000076d7f000 	C:\windows\system32\kernel32.dll
0x000007fefcbd0000 - 0x000007fefcc3a000 	C:\windows\system32\KERNELBASE.dll
0x000007fefd060000 - 0x000007fefd13b000 	C:\windows\system32\ADVAPI32.dll
0x000007fefe290000 - 0x000007fefe32f000 	C:\windows\system32\msvcrt.dll
0x000007fefeb50000 - 0x000007fefeb6f000 	C:\windows\SYSTEM32\sechost.dll
0x000007fefee60000 - 0x000007fefef8d000 	C:\windows\system32\RPCRT4.dll
0x0000000076b60000 - 0x0000000076c5a000 	C:\windows\system32\USER32.dll
0x000007fefe6c0000 - 0x000007fefe727000 	C:\windows\system32\GDI32.dll
0x000007fefec60000 - 0x000007fefec6e000 	C:\windows\system32\LPK.dll
0x000007fefef90000 - 0x000007feff05a000 	C:\windows\system32\USP10.dll
0x000007fefae80000 - 0x000007fefb074000 	C:\windows\WinSxS\amd64_microsoft.windows.common-controls_6595b64144ccf1df_6.0.7601.18837_none_fa3b1e3d17594757\COMCTL32.dll
0x000007fefcfe0000 - 0x000007fefd051000 	C:\windows\system32\SHLWAPI.dll
0x000007fefe730000 - 0x000007fefe75e000 	C:\windows\system32\IMM32.DLL
0x000007fefce50000 - 0x000007fefcf59000 	C:\windows\system32\MSCTF.dll
0x00000000790c0000 - 0x0000000079192000 	C:\Program Files\Java\jre1.8.0_181\bin\msvcr100.dll
0x00000000706c0000 - 0x0000000070f62000 	C:\Program Files\Java\jre1.8.0_181\bin\server\jvm.dll
0x000007fef6f20000 - 0x000007fef6f29000 	C:\windows\system32\WSOCK32.dll
0x000007fefec10000 - 0x000007fefec5d000 	C:\windows\system32\WS2_32.dll
0x000007fefce40000 - 0x000007fefce48000 	C:\windows\system32\NSI.dll
0x000007fefa960000 - 0x000007fefa99b000 	C:\windows\system32\WINMM.dll
0x000007fefbad0000 - 0x000007fefbadc000 	C:\windows\system32\VERSION.dll
0x0000000076f50000 - 0x0000000076f57000 	C:\windows\system32\PSAPI.DLL
0x000000006d570000 - 0x000000006d57f000 	C:\Program Files\Java\jre1.8.0_181\bin\verify.dll
0x0000000067130000 - 0x0000000067159000 	C:\Program Files\Java\jre1.8.0_181\bin\java.dll
0x000000006cc10000 - 0x000000006cc26000 	C:\Program Files\Java\jre1.8.0_181\bin\zip.dll
0x000007fefd500000 - 0x000007fefe28a000 	C:\windows\system32\SHELL32.dll
0x000007fefe940000 - 0x000007fefeb43000 	C:\windows\system32\ole32.dll
0x000007fefca80000 - 0x000007fefca8f000 	C:\windows\system32\profapi.dll
0x000000006cd30000 - 0x000000006cec9000 	C:\Program Files\Java\jre1.8.0_181\bin\awt.dll
0x000007fefd420000 - 0x000007fefd4fa000 	C:\windows\system32\OLEAUT32.dll
0x000007fefb4c0000 - 0x000007fefb516000 	C:\windows\system32\uxtheme.dll
0x000007fefbab0000 - 0x000007fefbac8000 	C:\windows\system32\dwmapi.dll
0x000007fefc920000 - 0x000007fefc92f000 	C:\windows\system32\CRYPTBASE.dll
0x0000000180000000 - 0x0000000180051000 	C:\Users\Admin\Documents\Java Libraries\LWJGL 2\natives\lwjgl64.dll
0x000007fec37d0000 - 0x000007fec38ed000 	C:\windows\system32\OPENGL32.dll
0x000007fec3c20000 - 0x000007fec3c4d000 	C:\windows\system32\GLU32.dll
0x000007fec36d0000 - 0x000007fec37c1000 	C:\windows\system32\DDRAW.dll
0x000007fec3c10000 - 0x000007fec3c18000 	C:\windows\system32\DCIMAN32.dll
0x000007fefe760000 - 0x000007fefe937000 	C:\windows\system32\SETUPAPI.dll
0x000007fefcc50000 - 0x000007fefcc86000 	C:\windows\system32\CFGMGR32.dll
0x000007fefcaa0000 - 0x000007fefcaba000 	C:\windows\system32\DEVOBJ.dll
0x000007fed6f20000 - 0x000007fed6f38000 	C:\windows\system32\atig6pxx.dll
0x000007feccb70000 - 0x000007fecccb1000 	C:\windows\system32\atiadlxx.dll
0x000007fefb6e0000 - 0x000007fefb80c000 	C:\windows\system32\PROPSYS.dll
0x000007fefccb0000 - 0x000007fefccce000 	C:\windows\system32\USERENV.dll
0x000007fefbb10000 - 0x000007fefbb21000 	C:\windows\system32\WTSAPI32.dll
0x000007fef95d0000 - 0x000007fef95f7000 	C:\windows\system32\IPHLPAPI.DLL
0x000007fef95c0000 - 0x000007fef95cb000 	C:\windows\system32\WINNSI.DLL
0x000007fefcae0000 - 0x000007fefcb1b000 	C:\windows\system32\WINTRUST.dll
0x000007fefccd0000 - 0x000007fefce3d000 	C:\windows\system32\CRYPT32.dll
0x000007fefca90000 - 0x000007fefca9f000 	C:\windows\system32\MSASN1.dll
0x000007feaffd0000 - 0x000007feb0d19000 	C:\windows\system32\ig9icd64.dll
0x000007fed6ef0000 - 0x000007fed6f1c000 	C:\windows\system32\atig6txx.dll
0x000007fef9900000 - 0x000007fef999c000 	C:\windows\system32\mscms.dll
0x000007fef9a50000 - 0x000007fef9a92000 	C:\windows\system32\icm32.dll
0x000007feed6e0000 - 0x000007feee83c000 	C:\windows\system32\igc64.dll
0x000007feccb10000 - 0x000007feccb65000 	C:\Program Files (x86)\obs-studio\data\obs-plugins\win-capture\graphics-hook64.dll
0x000007fee6960000 - 0x000007fee6a85000 	C:\windows\system32\dbghelp.dll

VM Arguments:
jvm_args: -Djava.library.path=C:\Users\Admin\Documents\Java Libraries\LWJGL 2\natives;C:\Users\Admin\Documents\Java Libraries\LWJGL 2\natives -Dfile.encoding=Cp1252 
java_command: game.Game
java_class_path (initial): C:\Users\Magmi\workspace\DimensionsLWJGL\bin;C:\Users\Admin\Documents\Java Libraries\LWJGL 2\jars\lwjgl.jar;C:\Users\Admin\Documents\Java Libraries\LWJGL 2\jars\lwjgl_util.jar;C:\Users\Admin\Documents\Java Libraries\LWJGL 2\jars\slick-util.jar
Launcher Type: SUN_STANDARD

Environment Variables:
PATH=C:/Program Files/Java/jre1.8.0_181/bin/server;C:/Program Files/Java/jre1.8.0_181/bin;C:/Program Files/Java/jre1.8.0_181/lib/amd64;C:\Program Files (x86)\Common Files\Oracle\Java\javapath;C:\ProgramData\Oracle\Java\javapath;C:\Program Files\Common Files\Microsoft Shared\Windows Live;C:\Program Files (x86)\Common Files\Microsoft Shared\Windows Live;C:\Program Files (x86)\Intel\iCLS Client\;C:\Program Files\Intel\iCLS Client\;C:\windows\system32;C:\windows;C:\windows\System32\Wbem;C:\windows\System32\WindowsPowerShell\v1.0\;C:\Program Files (x86)\Intel\Intel(R) Management Engine Components\DAL;C:\Program Files\Intel\Intel(R) Management Engine Components\DAL;C:\Program Files (x86)\Intel\Intel(R) Management Engine Components\IPT;C:\Program Files\Intel\Intel(R) Management Engine Components\IPT;C:\Program Files (x86)\ATI Technologies\ATI.ACE\Core-Static;C:\Program Files (x86)\Common Files\Lenovo;C:\ProgramData\Lenovo\ReadyApps;C:\Program Files (x86)\Common Files\lenovo\easyplussdk\bin;C:\Program Files (x86)\Windows Live\Shared;C:\Program Files\Git\cmd;C:\Program Files\Intel\WiFi\bin\;C:\Program Files\Common Files\Intel\WirelessCommon\;C:\Program Files (x86)\Lenovo\Access Connections\;C:\Users\Admin\AppData\Local\Programs\Python\Launcher\;C:\Program Files\Intel\WiFi\bin\;C:\Program Files\Common Files\Intel\WirelessCommon\;C:\Program Files\Eclipse;
USERNAME=Admin
OS=Windows_NT
PROCESSOR_IDENTIFIER=Intel64 Family 6 Model 78 Stepping 3, GenuineIntel



---------------  S Y S T E M  ---------------

OS: Windows 7 , 64 bit Build 7601 (6.1.7601.23572)

CPU:total 4 (initial active 4) (2 cores per cpu, 2 threads per core) family 6 model 78 stepping 3, cmov, cx8, fxsr, mmx, sse, sse2, sse3, ssse3, sse4.1, sse4.2, popcnt, avx, avx2, aes, clmul, erms, 3dnowpref, lzcnt, ht, tsc, tscinvbit, bmi1, bmi2, adx

Memory: 4k page, physical 16657452k(5558560k free), swap 33232920k(16593736k free)

vm_info: Java HotSpot(TM) 64-Bit Server VM (25.181-b13) for windows-amd64 JRE (1.8.0_181-b13), built on Jul  7 2018 04:01:33 by "java_re" with MS VC++ 10.0 (VS2010)

time: Tue Dec 04 18:52:19 2018
elapsed time: 28 seconds (0d 0h 0m 28s)

