#
# A fatal error has been detected by the Java Runtime Environment:
#
#  EXCEPTION_ACCESS_VIOLATION (0xc0000005) at pc=0x000007feafb3a5ce, pid=28160, tid=0x0000000000004c1c
#
# JRE version: Java(TM) SE Runtime Environment (8.0_181-b13) (build 1.8.0_181-b13)
# Java VM: Java HotSpot(TM) 64-Bit Server VM (25.181-b13 mixed mode windows-amd64 compressed oops)
# Problematic frame:
# C  [ig9icd64.dll+0x8ba5ce]
#
# Failed to write core dump. Minidumps are not enabled by default on client versions of Windows
#
# If you would like to submit a bug report, please visit:
#   http://bugreport.java.com/bugreport/crash.jsp
#

---------------  T H R E A D  ---------------

Current thread (0x000000001c08b000):  VMThread [stack: 0x000000001d070000,0x000000001d170000] [id=19484]

siginfo: ExceptionCode=0xc0000005, reading address 0x0000000000001158

Registers:
RAX=0x00000000002d49d0, RBX=0x000007feccbe80b4, RCX=0x0000000000000001, RDX=0x000007feccbe80a8
RSP=0x000000001d16f0b8, RBP=0x000007feccbe8070, RSI=0x0000000000020000, RDI=0x0000000000000000
R8 =0x0000000000000000, R9 =0x0000000000000018, R10=0x00000000c0000008, R11=0x0000000000000246
R12=0x000007fffffdd000, R13=0x000007fffffae000, R14=0x0000000076eb2bc0, R15=0x0000000076ead670
RIP=0x000007feafb3a5ce, EFLAGS=0x0000000000010246

Top of Stack: (sp=0x000000001d16f0b8)
0x000000001d16f0b8:   000007feccba4670 000007fffffdd000
0x000000001d16f0c8:   000007fefb6e937b 0000000076ead670
0x000000001d16f0d8:   0000000000000000 000000001bf75500
0x000000001d16f0e8:   000007feccba5bf4 0000000000000000
0x000000001d16f0f8:   0000000000020000 0000000000000000
0x000000001d16f108:   0000000000000001 000007fec37d0000
0x000000001d16f118:   000007fec37f752d 0000000000000000
0x000000001d16f128:   0000000000000000 000007fef27b1310
0x000000001d16f138:   0000000076c81a0a 0000000000000001
0x000000001d16f148:   000007fec37dc1ef 0000000000000001
0x000000001d16f158:   0000000000000000 0000000000000000
0x000000001d16f168:   000000001f194e70 0000000000000000
0x000000001d16f178:   000007fec37dc586 000000018001c560
0x000000001d16f188:   000000001f194e70 000000018001c558
0x000000001d16f198:   0000000076c81a0a 0000000000000000
0x000000001d16f1a8:   000007fec38aa1c3 0000000000000001 

Instructions: (pc=0x000007feafb3a5ce)
0x000007feafb3a5ae:   cc cc 44 8b 05 95 a6 3d 00 65 48 8b 04 25 58 00
0x000007feafb3a5be:   00 00 41 b9 18 00 00 00 4a 8b 04 c0 4e 8b 04 08
0x000007feafb3a5ce:   49 ff a0 58 11 00 00 cc cc cc cc cc cc cc cc cc
0x000007feafb3a5de:   cc cc 44 8b 05 65 a6 3d 00 65 48 8b 04 25 58 00 


Register to memory mapping:

RAX=0x00000000002d49d0 is an unknown value
RBX=0x000007feccbe80b4 is an unknown value
RCX=0x0000000000000001 is an unknown value
RDX=0x000007feccbe80a8 is an unknown value
RSP=0x000000001d16f0b8 is an unknown value
RBP=0x000007feccbe8070 is an unknown value
RSI=0x0000000000020000 is an unknown value
RDI=0x0000000000000000 is an unknown value
R8 =0x0000000000000000 is an unknown value
R9 =0x0000000000000018 is an unknown value
R10=0x00000000c0000008 is an unknown value
R11=0x0000000000000246 is an unknown value
R12=0x000007fffffdd000 is an unknown value
R13=0x000007fffffae000 is an unknown value
R14=0x0000000076eb2bc0 is an unknown value
R15=0x0000000076ead670 is an unknown value


Stack: [0x000000001d070000,0x000000001d170000],  sp=0x000000001d16f0b8,  free space=1020k
Native frames: (J=compiled Java code, j=interpreted, Vv=VM code, C=native code)
C  [ig9icd64.dll+0x8ba5ce]

VM_Operation (0x000000000254eef0): Exit, mode: safepoint, requested by thread 0x000000000216e800


---------------  P R O C E S S  ---------------

Java Threads: ( => current thread )
  0x000000001db0a800 JavaThread "AWT-Shutdown" [_thread_blocked, id=3988, stack(0x0000000028540000,0x0000000028640000)]
  0x000000002a2f0800 JavaThread "Direct Clip" daemon [_thread_blocked, id=27472, stack(0x0000000027b60000,0x0000000027c60000)]
  0x000000005e0bc800 JavaThread "Direct Clip" daemon [_thread_blocked, id=25764, stack(0x00000000280a0000,0x00000000281a0000)]
  0x000000001e3b7000 JavaThread "Direct Clip" daemon [_thread_blocked, id=24636, stack(0x0000000027ee0000,0x0000000027fe0000)]
  0x000000001dd20000 JavaThread "Direct Clip" daemon [_thread_blocked, id=30352, stack(0x0000000027c80000,0x0000000027d80000)]
  0x000000001db45000 JavaThread "Direct Clip" daemon [_thread_blocked, id=29456, stack(0x00000000273f0000,0x00000000274f0000)]
  0x000000001e5f8000 JavaThread "Direct Clip" daemon [_thread_blocked, id=21152, stack(0x0000000027530000,0x0000000027630000)]
  0x000000001e3bc800 JavaThread "Java Sound Event Dispatcher" daemon [_thread_blocked, id=28724, stack(0x000000001f880000,0x000000001f980000)]
  0x000000005dca8000 JavaThread "LWJGL Timer" daemon [_thread_blocked, id=31140, stack(0x000000005ec90000,0x000000005ed90000)]
  0x000000001dd7b800 JavaThread "Java2D Disposer" daemon [_thread_blocked, id=19292, stack(0x000000001ddc0000,0x000000001dec0000)]
  0x000000001da3e800 JavaThread "Service Thread" daemon [_thread_blocked, id=29076, stack(0x000000001e080000,0x000000001e180000)]
  0x000000001d9c3000 JavaThread "C1 CompilerThread2" daemon [_thread_blocked, id=22596, stack(0x000000001dee0000,0x000000001dfe0000)]
  0x000000001c0ff000 JavaThread "C2 CompilerThread1" daemon [_thread_blocked, id=23504, stack(0x000000001d3a0000,0x000000001d4a0000)]
  0x000000001c0f7000 JavaThread "C2 CompilerThread0" daemon [_thread_blocked, id=3712, stack(0x000000001d8c0000,0x000000001d9c0000)]
  0x000000001c0f5800 JavaThread "Attach Listener" daemon [_thread_blocked, id=15080, stack(0x000000001d700000,0x000000001d800000)]
  0x000000001c0f1000 JavaThread "Signal Dispatcher" daemon [_thread_blocked, id=31304, stack(0x000000001d4f0000,0x000000001d5f0000)]
  0x000000001c0da000 JavaThread "Finalizer" daemon [_thread_blocked, id=30984, stack(0x000000001d280000,0x000000001d380000)]
  0x000000001c092800 JavaThread "Reference Handler" daemon [_thread_blocked, id=30760, stack(0x000000001cef0000,0x000000001cff0000)]
  0x000000000216e800 JavaThread "main" [_thread_blocked, id=23028, stack(0x0000000002450000,0x0000000002550000)]

Other Threads:
=>0x000000001c08b000 VMThread [stack: 0x000000001d070000,0x000000001d170000] [id=19484]

VM state:at safepoint (shutting down)

VM Mutex/Monitor currently owned by a thread:  ([mutex/lock_event])
[0x000000000216cf80] Threads_lock - owner thread: 0x000000001c08b000

Heap:
 PSYoungGen      total 56320K, used 2491K [0x000000076b400000, 0x000000076fa00000, 0x00000007c0000000)
  eden space 55296K, 3% used [0x000000076b400000,0x000000076b59edc8,0x000000076ea00000)
  from space 1024K, 81% used [0x000000076eb00000,0x000000076ebd0000,0x000000076ec00000)
  to   space 8192K, 0% used [0x000000076f200000,0x000000076f200000,0x000000076fa00000)
 ParOldGen       total 175104K, used 9900K [0x00000006c1c00000, 0x00000006cc700000, 0x000000076b400000)
  object space 175104K, 5% used [0x00000006c1c00000,0x00000006c25ab2b0,0x00000006cc700000)
 Metaspace       used 9252K, capacity 9615K, committed 9856K, reserved 1058816K
  class space    used 972K, capacity 1048K, committed 1152K, reserved 1048576K

Card table byte_map: [0x0000000011be0000,0x00000000123e0000] byte_map_base: 0x000000000e5d2000

Marking Bits: (ParMarkBitMap*) 0x0000000070ee2d00
 Begin Bits: [0x0000000012fe0000, 0x0000000016f70000)
 End Bits:   [0x0000000016f70000, 0x000000001af00000)

Polling page: 0x0000000000230000

CodeCache: size=245760Kb used=5598Kb max_used=5602Kb free=240161Kb
 bounds [0x0000000002820000, 0x0000000002db0000, 0x0000000011820000]
 total_blobs=2061 nmethods=1556 adapters=417
 compilation: enabled

Compilation events (10 events):
Event: 33.155 Thread 0x000000001d9c3000 1574       3       game.creature.ai.MonsterAI::update (40 bytes)
Event: 33.156 Thread 0x000000001d9c3000 nmethod 1574 0x00000000029e4510 code [0x00000000029e46c0, 0x00000000029e4f48]
Event: 33.156 Thread 0x000000001d9c3000 1575       3       game.creature.ai.AI::move (16 bytes)
Event: 33.156 Thread 0x000000001d9c3000 nmethod 1575 0x00000000029de2d0 code [0x00000000029de420, 0x00000000029de590]
Event: 33.918 Thread 0x000000001d9c3000 1576       3       java.nio.Bits::putIntB (43 bytes)
Event: 33.918 Thread 0x000000001d9c3000 nmethod 1576 0x0000000002932ed0 code [0x0000000002933080, 0x0000000002933698]
Event: 33.918 Thread 0x000000001d9c3000 1577       3       java.nio.Bits::int3 (6 bytes)
Event: 33.918 Thread 0x000000001d9c3000 nmethod 1577 0x0000000002934590 code [0x00000000029346e0, 0x0000000002934830]
Event: 33.919 Thread 0x000000001d9c3000 1578       3       java.nio.Bits::int2 (6 bytes)
Event: 33.919 Thread 0x000000001d9c3000 nmethod 1578 0x00000000029e4210 code [0x00000000029e4360, 0x00000000029e44b0]

GC Heap History (10 events):
Event: 30.108 GC heap before
{Heap before GC invocations=9 (full 0):
 PSYoungGen      total 67072K, used 63565K [0x000000076b400000, 0x000000076fe00000, 0x00000007c0000000)
  eden space 60416K, 100% used [0x000000076b400000,0x000000076ef00000,0x000000076ef00000)
  from space 6656K, 47% used [0x000000076f780000,0x000000076fa93650,0x000000076fe00000)
  to   space 7680K, 0% used [0x000000076ef00000,0x000000076ef00000,0x000000076f680000)
 ParOldGen       total 175104K, used 5650K [0x00000006c1c00000, 0x00000006cc700000, 0x000000076b400000)
  object space 175104K, 3% used [0x00000006c1c00000,0x00000006c21848a0,0x00000006cc700000)
 Metaspace       used 9236K, capacity 9551K, committed 9856K, reserved 1058816K
  class space    used 971K, capacity 1048K, committed 1152K, reserved 1048576K
Event: 30.111 GC heap after
Heap after GC invocations=9 (full 0):
 PSYoungGen      total 61952K, used 2193K [0x000000076b400000, 0x000000076fd00000, 0x00000007c0000000)
  eden space 59392K, 0% used [0x000000076b400000,0x000000076b400000,0x000000076ee00000)
  from space 2560K, 85% used [0x000000076ef00000,0x000000076f124450,0x000000076f180000)
  to   space 7680K, 0% used [0x000000076f580000,0x000000076f580000,0x000000076fd00000)
 ParOldGen       total 175104K, used 6726K [0x00000006c1c00000, 0x00000006cc700000, 0x000000076b400000)
  object space 175104K, 3% used [0x00000006c1c00000,0x00000006c2291aa0,0x00000006cc700000)
 Metaspace       used 9236K, capacity 9551K, committed 9856K, reserved 1058816K
  class space    used 971K, capacity 1048K, committed 1152K, reserved 1048576K
}
Event: 30.873 GC heap before
{Heap before GC invocations=10 (full 0):
 PSYoungGen      total 61952K, used 61585K [0x000000076b400000, 0x000000076fd00000, 0x00000007c0000000)
  eden space 59392K, 100% used [0x000000076b400000,0x000000076ee00000,0x000000076ee00000)
  from space 2560K, 85% used [0x000000076ef00000,0x000000076f124450,0x000000076f180000)
  to   space 7680K, 0% used [0x000000076f580000,0x000000076f580000,0x000000076fd00000)
 ParOldGen       total 175104K, used 6726K [0x00000006c1c00000, 0x00000006cc700000, 0x000000076b400000)
  object space 175104K, 3% used [0x00000006c1c00000,0x00000006c2291aa0,0x00000006cc700000)
 Metaspace       used 9236K, capacity 9551K, committed 9856K, reserved 1058816K
  class space    used 971K, capacity 1048K, committed 1152K, reserved 1048576K
Event: 30.876 GC heap after
Heap after GC invocations=10 (full 0):
 PSYoungGen      total 66048K, used 288K [0x000000076b400000, 0x000000076fd00000, 0x00000007c0000000)
  eden space 58368K, 0% used [0x000000076b400000,0x000000076b400000,0x000000076ed00000)
  from space 7680K, 3% used [0x000000076f580000,0x000000076f5c8000,0x000000076fd00000)
  to   space 8192K, 0% used [0x000000076ed00000,0x000000076ed00000,0x000000076f500000)
 ParOldGen       total 175104K, used 8727K [0x00000006c1c00000, 0x00000006cc700000, 0x000000076b400000)
  object space 175104K, 4% used [0x00000006c1c00000,0x00000006c2485f50,0x00000006cc700000)
 Metaspace       used 9236K, capacity 9551K, committed 9856K, reserved 1058816K
  class space    used 971K, capacity 1048K, committed 1152K, reserved 1048576K
}
Event: 31.806 GC heap before
{Heap before GC invocations=11 (full 0):
 PSYoungGen      total 66048K, used 58656K [0x000000076b400000, 0x000000076fd00000, 0x00000007c0000000)
  eden space 58368K, 100% used [0x000000076b400000,0x000000076ed00000,0x000000076ed00000)
  from space 7680K, 3% used [0x000000076f580000,0x000000076f5c8000,0x000000076fd00000)
  to   space 8192K, 0% used [0x000000076ed00000,0x000000076ed00000,0x000000076f500000)
 ParOldGen       total 175104K, used 8727K [0x00000006c1c00000, 0x00000006cc700000, 0x000000076b400000)
  object space 175104K, 4% used [0x00000006c1c00000,0x00000006c2485f50,0x00000006cc700000)
 Metaspace       used 9238K, capacity 9615K, committed 9856K, reserved 1058816K
  class space    used 971K, capacity 1048K, committed 1152K, reserved 1048576K
Event: 31.807 GC heap after
Heap after GC invocations=11 (full 0):
 PSYoungGen      total 58368K, used 540K [0x000000076b400000, 0x000000076fc00000, 0x00000007c0000000)
  eden space 57344K, 0% used [0x000000076b400000,0x000000076b400000,0x000000076ec00000)
  from space 1024K, 52% used [0x000000076ed00000,0x000000076ed87200,0x000000076ee00000)
  to   space 8192K, 0% used [0x000000076f400000,0x000000076f400000,0x000000076fc00000)
 ParOldGen       total 175104K, used 8975K [0x00000006c1c00000, 0x00000006cc700000, 0x000000076b400000)
  object space 175104K, 5% used [0x00000006c1c00000,0x00000006c24c3f50,0x00000006cc700000)
 Metaspace       used 9238K, capacity 9615K, committed 9856K, reserved 1058816K
  class space    used 971K, capacity 1048K, committed 1152K, reserved 1048576K
}
Event: 33.137 GC heap before
{Heap before GC invocations=12 (full 0):
 PSYoungGen      total 58368K, used 57884K [0x000000076b400000, 0x000000076fc00000, 0x00000007c0000000)
  eden space 57344K, 100% used [0x000000076b400000,0x000000076ec00000,0x000000076ec00000)
  from space 1024K, 52% used [0x000000076ed00000,0x000000076ed87200,0x000000076ee00000)
  to   space 8192K, 0% used [0x000000076f400000,0x000000076f400000,0x000000076fc00000)
 ParOldGen       total 175104K, used 8975K [0x00000006c1c00000, 0x00000006cc700000, 0x000000076b400000)
  object space 175104K, 5% used [0x00000006c1c00000,0x00000006c24c3f50,0x00000006cc700000)
 Metaspace       used 9240K, capacity 9615K, committed 9856K, reserved 1058816K
  class space    used 971K, capacity 1048K, committed 1152K, reserved 1048576K
Event: 33.139 GC heap after
Heap after GC invocations=12 (full 0):
 PSYoungGen      total 64512K, used 528K [0x000000076b400000, 0x000000076fc00000, 0x00000007c0000000)
  eden space 56320K, 0% used [0x000000076b400000,0x000000076b400000,0x000000076eb00000)
  from space 8192K, 6% used [0x000000076f400000,0x000000076f484120,0x000000076fc00000)
  to   space 8704K, 0% used [0x000000076eb00000,0x000000076eb00000,0x000000076f380000)
 ParOldGen       total 175104K, used 9436K [0x00000006c1c00000, 0x00000006cc700000, 0x000000076b400000)
  object space 175104K, 5% used [0x00000006c1c00000,0x00000006c2537170,0x00000006cc700000)
 Metaspace       used 9240K, capacity 9615K, committed 9856K, reserved 1058816K
  class space    used 971K, capacity 1048K, committed 1152K, reserved 1048576K
}
Event: 34.507 GC heap before
{Heap before GC invocations=13 (full 0):
 PSYoungGen      total 64512K, used 56848K [0x000000076b400000, 0x000000076fc00000, 0x00000007c0000000)
  eden space 56320K, 100% used [0x000000076b400000,0x000000076eb00000,0x000000076eb00000)
  from space 8192K, 6% used [0x000000076f400000,0x000000076f484120,0x000000076fc00000)
  to   space 8704K, 0% used [0x000000076eb00000,0x000000076eb00000,0x000000076f380000)
 ParOldGen       total 175104K, used 9436K [0x00000006c1c00000, 0x00000006cc700000, 0x000000076b400000)
  object space 175104K, 5% used [0x00000006c1c00000,0x00000006c2537170,0x00000006cc700000)
 Metaspace       used 9251K, capacity 9615K, committed 9856K, reserved 1058816K
  class space    used 972K, capacity 1048K, committed 1152K, reserved 1048576K
Event: 34.511 GC heap after
Heap after GC invocations=13 (full 0):
 PSYoungGen      total 56320K, used 832K [0x000000076b400000, 0x000000076fa00000, 0x00000007c0000000)
  eden space 55296K, 0% used [0x000000076b400000,0x000000076b400000,0x000000076ea00000)
  from space 1024K, 81% used [0x000000076eb00000,0x000000076ebd0000,0x000000076ec00000)
  to   space 8192K, 0% used [0x000000076f200000,0x000000076f200000,0x000000076fa00000)
 ParOldGen       total 175104K, used 9900K [0x00000006c1c00000, 0x00000006cc700000, 0x000000076b400000)
  object space 175104K, 5% used [0x00000006c1c00000,0x00000006c25ab2b0,0x00000006cc700000)
 Metaspace       used 9251K, capacity 9615K, committed 9856K, reserved 1058816K
  class space    used 972K, capacity 1048K, committed 1152K, reserved 1048576K
}

Deoptimization events (10 events):
Event: 22.867 Thread 0x000000000216e800 Uncommon trap: reason=unstable_if action=reinterpret pc=0x0000000002a6b684 method=java.io.BufferedReader.readLine(Z)Ljava/lang/String; @ 153
Event: 22.867 Thread 0x000000000216e800 Uncommon trap: reason=unstable_if action=reinterpret pc=0x0000000002a8d9e0 method=java.lang.String.trim()Ljava/lang/String; @ 15
Event: 22.942 Thread 0x000000000216e800 Uncommon trap: reason=unstable_if action=reinterpret pc=0x0000000002a6a200 method=java.util.Arrays.copyOf([Ljava/lang/Object;ILjava/lang/Class;)[Ljava/lang/Object; @ 3
Event: 24.702 Thread 0x000000000216e800 Uncommon trap: reason=unstable_if action=reinterpret pc=0x0000000002b807e8 method=java.util.HashMap.computeIfAbsent(Ljava/lang/Object;Ljava/util/function/Function;)Ljava/lang/Object; @ 89
Event: 28.844 Thread 0x000000000216e800 Uncommon trap: reason=unstable_if action=reinterpret pc=0x0000000002c4dc0c method=game.environment.GrassBlock.getHitbox()Lutils/Hitbox; @ 429
Event: 28.846 Thread 0x000000000216e800 Uncommon trap: reason=bimorphic action=maybe_recompile pc=0x0000000002ca4320 method=java.util.TimSort.countRunAndMakeAscending([Ljava/lang/Object;IILjava/util/Comparator;)I @ 43
Event: 28.847 Thread 0x000000000216e800 Uncommon trap: reason=bimorphic action=maybe_recompile pc=0x0000000002ca4320 method=java.util.TimSort.countRunAndMakeAscending([Ljava/lang/Object;IILjava/util/Comparator;)I @ 43
Event: 28.847 Thread 0x000000000216e800 Uncommon trap: reason=bimorphic action=maybe_recompile pc=0x0000000002ca4320 method=java.util.TimSort.countRunAndMakeAscending([Ljava/lang/Object;IILjava/util/Comparator;)I @ 43
Event: 28.847 Thread 0x000000000216e800 Uncommon trap: reason=bimorphic action=maybe_recompile pc=0x0000000002ca4320 method=java.util.TimSort.countRunAndMakeAscending([Ljava/lang/Object;IILjava/util/Comparator;)I @ 43
Event: 28.862 Thread 0x000000000216e800 Uncommon trap: reason=unstable_if action=reinterpret pc=0x0000000002b780bc method=java.util.TimSort.countRunAndMakeAscending([Ljava/lang/Object;IILjava/util/Comparator;)I @ 114

Classes redefined (0 events):
No events

Internal exceptions (10 events):
Event: 0.057 Thread 0x000000000216e800 Exception <a 'java/lang/NoSuchMethodError': Method sun.misc.Unsafe.defineClass(Ljava/lang/String;[BII)Ljava/lang/Class; name or signature does not match> (0x000000076b407cb0) thrown at [C:\re\workspace\8-2-build-windows-amd64-cygwin\jdk8u181\11358\hotspot
Event: 0.057 Thread 0x000000000216e800 Exception <a 'java/lang/NoSuchMethodError': Method sun.misc.Unsafe.prefetchRead(Ljava/lang/Object;J)V name or signature does not match> (0x000000076b407f98) thrown at [C:\re\workspace\8-2-build-windows-amd64-cygwin\jdk8u181\11358\hotspot\src\share\vm\prim
Event: 0.179 Thread 0x000000000216e800 Exception <a 'java/security/PrivilegedActionException'> (0x000000076b4a9350) thrown at [C:\re\workspace\8-2-build-windows-amd64-cygwin\jdk8u181\11358\hotspot\src\share\vm\prims\jvm.cpp, line 1435]
Event: 0.179 Thread 0x000000000216e800 Exception <a 'java/security/PrivilegedActionException'> (0x000000076b4a9560) thrown at [C:\re\workspace\8-2-build-windows-amd64-cygwin\jdk8u181\11358\hotspot\src\share\vm\prims\jvm.cpp, line 1435]
Event: 0.181 Thread 0x000000000216e800 Exception <a 'java/security/PrivilegedActionException'> (0x000000076b4ad1d0) thrown at [C:\re\workspace\8-2-build-windows-amd64-cygwin\jdk8u181\11358\hotspot\src\share\vm\prims\jvm.cpp, line 1435]
Event: 0.181 Thread 0x000000000216e800 Exception <a 'java/security/PrivilegedActionException'> (0x000000076b4ad3e0) thrown at [C:\re\workspace\8-2-build-windows-amd64-cygwin\jdk8u181\11358\hotspot\src\share\vm\prims\jvm.cpp, line 1435]
Event: 0.201 Thread 0x000000000216e800 Exception <a 'java/io/FileNotFoundException'> (0x000000076b4bbba8) thrown at [C:\re\workspace\8-2-build-windows-amd64-cygwin\jdk8u181\11358\hotspot\src\share\vm\prims\jni.cpp, line 709]
Event: 0.257 Thread 0x000000000216e800 Exception <a 'java/lang/NoSuchFieldError': method resolution failed> (0x000000076b6d4548) thrown at [C:\re\workspace\8-2-build-windows-amd64-cygwin\jdk8u181\11358\hotspot\src\share\vm\prims\methodHandles.cpp, line 1167]
Event: 0.260 Thread 0x000000000216e800 Exception <a 'java/lang/NoSuchFieldError': method resolution failed> (0x000000076b6e1918) thrown at [C:\re\workspace\8-2-build-windows-amd64-cygwin\jdk8u181\11358\hotspot\src\share\vm\prims\methodHandles.cpp, line 1167]
Event: 0.970 Thread 0x000000000216e800 Implicit null exception at 0x0000000002a75ca7 to 0x0000000002a75dd1

Events (10 events):
Event: 34.502 loading class java/util/IdentityHashMap$KeyIterator done
Event: 34.502 Thread 0x000000001db09000 Thread added: 0x000000001db09000
Event: 34.502 Thread 0x000000001db09800 Thread added: 0x000000001db09800
Event: 34.502 Executing VM operation: ParallelGCFailedAllocation
Event: 34.511 Executing VM operation: ParallelGCFailedAllocation done
Event: 34.512 Thread 0x000000001db0a800 Thread added: 0x000000001db0a800
Event: 34.512 Thread 0x000000001db09000 Thread exited: 0x000000001db09000
Event: 34.513 Thread 0x000000001dd7f000 Thread exited: 0x000000001dd7f000
Event: 34.611 Thread 0x000000001db09800 Thread exited: 0x000000001db09800
Event: 34.611 Executing VM operation: Exit


Dynamic libraries:
0x000000013f540000 - 0x000000013f577000 	C:\Program Files\Java\jre1.8.0_181\bin\javaw.exe
0x0000000076d80000 - 0x0000000076f2a000 	C:\windows\SYSTEM32\ntdll.dll
0x0000000076c60000 - 0x0000000076d7f000 	C:\windows\system32\kernel32.dll
0x000007fefcbd0000 - 0x000007fefcc3a000 	C:\windows\system32\KERNELBASE.dll
0x000007fefd060000 - 0x000007fefd13b000 	C:\windows\system32\ADVAPI32.dll
0x000007fefe290000 - 0x000007fefe32f000 	C:\windows\system32\msvcrt.dll
0x000007fefeb50000 - 0x000007fefeb6f000 	C:\windows\SYSTEM32\sechost.dll
0x000007fefee60000 - 0x000007fefef8d000 	C:\windows\system32\RPCRT4.dll
0x0000000076b60000 - 0x0000000076c5a000 	C:\windows\system32\USER32.dll
0x000007fefe6c0000 - 0x000007fefe727000 	C:\windows\system32\GDI32.dll
0x000007fefec60000 - 0x000007fefec6e000 	C:\windows\system32\LPK.dll
0x000007fefef90000 - 0x000007feff05a000 	C:\windows\system32\USP10.dll
0x000007fefae80000 - 0x000007fefb074000 	C:\windows\WinSxS\amd64_microsoft.windows.common-controls_6595b64144ccf1df_6.0.7601.18837_none_fa3b1e3d17594757\COMCTL32.dll
0x000007fefcfe0000 - 0x000007fefd051000 	C:\windows\system32\SHLWAPI.dll
0x000007fefe730000 - 0x000007fefe75e000 	C:\windows\system32\IMM32.DLL
0x000007fefce50000 - 0x000007fefcf59000 	C:\windows\system32\MSCTF.dll
0x00000000789c0000 - 0x0000000078a92000 	C:\Program Files\Java\jre1.8.0_181\bin\msvcr100.dll
0x00000000706c0000 - 0x0000000070f62000 	C:\Program Files\Java\jre1.8.0_181\bin\server\jvm.dll
0x000007fef6f20000 - 0x000007fef6f29000 	C:\windows\system32\WSOCK32.dll
0x000007fefec10000 - 0x000007fefec5d000 	C:\windows\system32\WS2_32.dll
0x000007fefce40000 - 0x000007fefce48000 	C:\windows\system32\NSI.dll
0x000007fefa960000 - 0x000007fefa99b000 	C:\windows\system32\WINMM.dll
0x000007fefbad0000 - 0x000007fefbadc000 	C:\windows\system32\VERSION.dll
0x0000000076f50000 - 0x0000000076f57000 	C:\windows\system32\PSAPI.DLL
0x000000006d570000 - 0x000000006d57f000 	C:\Program Files\Java\jre1.8.0_181\bin\verify.dll
0x0000000067130000 - 0x0000000067159000 	C:\Program Files\Java\jre1.8.0_181\bin\java.dll
0x000000006cc10000 - 0x000000006cc26000 	C:\Program Files\Java\jre1.8.0_181\bin\zip.dll
0x000007fefd500000 - 0x000007fefe28a000 	C:\windows\system32\SHELL32.dll
0x000007fefe940000 - 0x000007fefeb43000 	C:\windows\system32\ole32.dll
0x000007fefca80000 - 0x000007fefca8f000 	C:\windows\system32\profapi.dll
0x000000006ce20000 - 0x000000006cfb9000 	C:\Program Files\Java\jre1.8.0_181\bin\awt.dll
0x000007fefd420000 - 0x000007fefd4fa000 	C:\windows\system32\OLEAUT32.dll
0x000007fefb4c0000 - 0x000007fefb516000 	C:\windows\system32\uxtheme.dll
0x000007fefbab0000 - 0x000007fefbac8000 	C:\windows\system32\dwmapi.dll
0x000007fefc920000 - 0x000007fefc92f000 	C:\windows\system32\CRYPTBASE.dll
0x0000000180000000 - 0x0000000180051000 	C:\Users\Admin\Documents\Java Libraries\LWJGL 2\natives\lwjgl64.dll
0x000007fec37d0000 - 0x000007fec38ed000 	C:\windows\system32\OPENGL32.dll
0x000007fec3c20000 - 0x000007fec3c4d000 	C:\windows\system32\GLU32.dll
0x000007fec36d0000 - 0x000007fec37c1000 	C:\windows\system32\DDRAW.dll
0x000007fec3c10000 - 0x000007fec3c18000 	C:\windows\system32\DCIMAN32.dll
0x000007fefe760000 - 0x000007fefe937000 	C:\windows\system32\SETUPAPI.dll
0x000007fefcc50000 - 0x000007fefcc86000 	C:\windows\system32\CFGMGR32.dll
0x000007fefcaa0000 - 0x000007fefcaba000 	C:\windows\system32\DEVOBJ.dll
0x000007fef27b0000 - 0x000007fef27c8000 	C:\windows\system32\atig6pxx.dll
0x000007fee4c50000 - 0x000007fee4d91000 	C:\windows\system32\atiadlxx.dll
0x000007fefb6e0000 - 0x000007fefb80c000 	C:\windows\system32\PROPSYS.dll
0x000007fefccb0000 - 0x000007fefccce000 	C:\windows\system32\USERENV.dll
0x000007fefbb10000 - 0x000007fefbb21000 	C:\windows\system32\WTSAPI32.dll
0x000007fef95d0000 - 0x000007fef95f7000 	C:\windows\system32\IPHLPAPI.DLL
0x000007fef95c0000 - 0x000007fef95cb000 	C:\windows\system32\WINNSI.DLL
0x000007fefcae0000 - 0x000007fefcb1b000 	C:\windows\system32\WINTRUST.dll
0x000007fefccd0000 - 0x000007fefce3d000 	C:\windows\system32\CRYPT32.dll
0x000007fefca90000 - 0x000007fefca9f000 	C:\windows\system32\MSASN1.dll
0x000007feaf280000 - 0x000007feaffc9000 	C:\windows\system32\ig9icd64.dll
0x000007fef2780000 - 0x000007fef27ac000 	C:\windows\system32\atig6txx.dll
0x000007fef9900000 - 0x000007fef999c000 	C:\windows\system32\mscms.dll
0x000007fef9a50000 - 0x000007fef9a92000 	C:\windows\system32\icm32.dll
0x000007feed6e0000 - 0x000007feee83c000 	C:\windows\system32\igc64.dll
0x000007feccba0000 - 0x000007feccbf5000 	C:\Program Files (x86)\obs-studio\data\obs-plugins\win-capture\graphics-hook64.dll
0x000000006d500000 - 0x000000006d50c000 	C:\Program Files\Java\jre1.8.0_181\bin\jsound.dll
0x0000000066c70000 - 0x0000000066c7b000 	C:\Program Files\Java\jre1.8.0_181\bin\jsoundds.dll
0x000007fee2020000 - 0x000007fee20a8000 	C:\windows\system32\DSOUND.dll
0x000007fefbae0000 - 0x000007fefbb0c000 	C:\windows\system32\POWRPROF.dll
0x000007fefb810000 - 0x000007fefb85b000 	C:\windows\system32\MMDevAPI.DLL
0x000007fefa8e0000 - 0x000007fefa91b000 	C:\windows\system32\wdmaud.drv
0x0000000074820000 - 0x0000000074826000 	C:\windows\system32\ksuser.dll
0x000007fefb650000 - 0x000007fefb659000 	C:\windows\system32\AVRT.dll
0x000007fefa660000 - 0x000007fefa6af000 	C:\windows\system32\AUDIOSES.DLL
0x000007fefa4b0000 - 0x000007fefa4ba000 	C:\windows\system32\msacm32.drv
0x000007fefa490000 - 0x000007fefa4a8000 	C:\windows\system32\MSACM32.dll
0x000007fefa480000 - 0x000007fefa489000 	C:\windows\system32\midimap.dll
0x000007fefe600000 - 0x000007fefe699000 	C:\windows\system32\CLBCatQ.DLL
0x000007fee6960000 - 0x000007fee6a85000 	C:\windows\system32\dbghelp.dll

VM Arguments:
jvm_args: -Djava.library.path=C:\Users\Admin\Documents\Java Libraries\LWJGL 2\natives;C:\Users\Admin\Documents\Java Libraries\LWJGL 2\natives -Dfile.encoding=Cp1252 
java_command: game.Game
java_class_path (initial): C:\Users\Magmi\workspace\DimensionsLWJGL\bin;C:\Users\Admin\Documents\Java Libraries\LWJGL 2\jars\lwjgl.jar;C:\Users\Admin\Documents\Java Libraries\LWJGL 2\jars\lwjgl_util.jar;C:\Users\Admin\Documents\Java Libraries\LWJGL 2\jars\slick-util.jar
Launcher Type: SUN_STANDARD

Environment Variables:
PATH=C:/Program Files/Java/jre1.8.0_181/bin/server;C:/Program Files/Java/jre1.8.0_181/bin;C:/Program Files/Java/jre1.8.0_181/lib/amd64;C:\Program Files (x86)\Common Files\Oracle\Java\javapath;C:\ProgramData\Oracle\Java\javapath;C:\Program Files\Common Files\Microsoft Shared\Windows Live;C:\Program Files (x86)\Common Files\Microsoft Shared\Windows Live;C:\Program Files (x86)\Intel\iCLS Client\;C:\Program Files\Intel\iCLS Client\;C:\windows\system32;C:\windows;C:\windows\System32\Wbem;C:\windows\System32\WindowsPowerShell\v1.0\;C:\Program Files (x86)\Intel\Intel(R) Management Engine Components\DAL;C:\Program Files\Intel\Intel(R) Management Engine Components\DAL;C:\Program Files (x86)\Intel\Intel(R) Management Engine Components\IPT;C:\Program Files\Intel\Intel(R) Management Engine Components\IPT;C:\Program Files (x86)\ATI Technologies\ATI.ACE\Core-Static;C:\Program Files (x86)\Common Files\Lenovo;C:\ProgramData\Lenovo\ReadyApps;C:\Program Files (x86)\Common Files\lenovo\easyplussdk\bin;C:\Program Files (x86)\Windows Live\Shared;C:\Program Files\Git\cmd;C:\Program Files\Intel\WiFi\bin\;C:\Program Files\Common Files\Intel\WirelessCommon\;C:\Program Files (x86)\Lenovo\Access Connections\;C:\Users\Admin\AppData\Local\Programs\Python\Launcher\;C:\Program Files\Intel\WiFi\bin\;C:\Program Files\Common Files\Intel\WirelessCommon\;C:\Program Files\Eclipse;
USERNAME=Admin
OS=Windows_NT
PROCESSOR_IDENTIFIER=Intel64 Family 6 Model 78 Stepping 3, GenuineIntel



---------------  S Y S T E M  ---------------

OS: Windows 7 , 64 bit Build 7601 (6.1.7601.23572)

CPU:total 4 (initial active 4) (2 cores per cpu, 2 threads per core) family 6 model 78 stepping 3, cmov, cx8, fxsr, mmx, sse, sse2, sse3, ssse3, sse4.1, sse4.2, popcnt, avx, avx2, aes, clmul, erms, 3dnowpref, lzcnt, ht, tsc, tscinvbit, bmi1, bmi2, adx

Memory: 4k page, physical 16657452k(5857008k free), swap 33232920k(16761316k free)

vm_info: Java HotSpot(TM) 64-Bit Server VM (25.181-b13) for windows-amd64 JRE (1.8.0_181-b13), built on Jul  7 2018 04:01:33 by "java_re" with MS VC++ 10.0 (VS2010)

time: Tue Dec 04 18:58:46 2018
elapsed time: 34 seconds (0d 0h 0m 34s)

